TpTrace Verbose: 0 : 12048, 1, 2024/03/05, 01:31:53.466, 2873504614172, vstest.console.dll, Version: 17.8.0-release-23578-02 Current process architecture: X64
TpTrace Verbose: 0 : 12048, 1, 2024/03/05, 01:31:53.470, 2873504654475, vstest.console.dll, Runtime location: C:\Program Files\dotnet\shared\Microsoft.NETCore.App\8.0.1
TpTrace Verbose: 0 : 12048, 1, 2024/03/05, 01:31:53.478, 2873504732665, vstest.console.dll, ArtifactProcessingPostProcessModeProcessorExecutor.Initialize: ArtifactProcessingMode.Collect
TpTrace Verbose: 0 : 12048, 1, 2024/03/05, 01:31:53.478, 2873504734731, vstest.console.dll, TestSessionCorrelationIdProcessorModeProcessorExecutor.Initialize: TestSessionCorrelationId '20120_8b227929-838c-46f0-a3fa-a20cb018eaee'
TpTrace Information: 0 : 12048, 1, 2024/03/05, 01:31:53.487, 2873504824726, vstest.console.dll, FilePatternParser: The given file D:\CozyHaven\COZYHAVEN_PROJECT\COZYHAVENTEST\bin\Debug\net6.0\fine-code-coverage\build-output\COZYHAVENTEST.dll is a full path.
TpTrace Verbose: 0 : 12048, 1, 2024/03/05, 01:31:53.499, 2873504948016, vstest.console.dll, TestPluginCache.DiscoverTestExtensions: finding test extensions in assemblies ends with: RuntimeProvider.dll TPluginInfo: Microsoft.VisualStudio.TestPlatform.Common.ExtensionFramework.Utilities.TestRuntimePluginInformation TExtension: Microsoft.VisualStudio.TestPlatform.ObjectModel.Host.ITestRuntimeProvider
TpTrace Verbose: 0 : 12048, 1, 2024/03/05, 01:31:53.500, 2873504951034, vstest.console.dll, TestPluginCache.GetExtensionPaths: Filtered extension paths: 
TpTrace Verbose: 0 : 12048, 1, 2024/03/05, 01:31:53.500, 2873504951779, vstest.console.dll, TestPluginCache.GetExtensionPaths: Added default extension paths: C:\Program Files\dotnet\sdk\8.0.101\Extensions\Microsoft.Diagnostics.NETCore.Client.dll
C:\Program Files\dotnet\sdk\8.0.101\Extensions\Microsoft.TestPlatform.Extensions.BlameDataCollector.dll
C:\Program Files\dotnet\sdk\8.0.101\Extensions\Microsoft.TestPlatform.Extensions.EventLogCollector.dll
C:\Program Files\dotnet\sdk\8.0.101\Extensions\Microsoft.TestPlatform.TestHostRuntimeProvider.dll
C:\Program Files\dotnet\sdk\8.0.101\Extensions\Microsoft.VisualStudio.TestPlatform.Extensions.Html.TestLogger.dll
C:\Program Files\dotnet\sdk\8.0.101\Extensions\Microsoft.VisualStudio.TestPlatform.Extensions.Trx.TestLogger.dll
TpTrace Verbose: 0 : 12048, 1, 2024/03/05, 01:31:53.500, 2873504952156, vstest.console.dll, TestPluginCache.GetExtensionPaths: Added unfilterableExtensionPaths: 
TpTrace Information: 0 : 12048, 1, 2024/03/05, 01:31:53.500, 2873504958092, vstest.console.dll, AssemblyResolver.ctor: Creating AssemblyResolver with searchDirectories C:\Program Files\dotnet\sdk\8.0.101\Extensions,C:\Program Files\dotnet\sdk\8.0.101
TpTrace Verbose: 0 : 12048, 1, 2024/03/05, 01:31:53.502, 2873504975694, vstest.console.dll, TestPluginCache.DiscoverTestExtensions: Discovering the extensions using extension path.
TpTrace Verbose: 0 : 12048, 1, 2024/03/05, 01:31:53.502, 2873504976620, vstest.console.dll, TestPluginCache.GetExtensionPaths: Filtered extension paths: 
TpTrace Verbose: 0 : 12048, 1, 2024/03/05, 01:31:53.502, 2873504976957, vstest.console.dll, TestPluginCache.GetExtensionPaths: Added default extension paths: C:\Program Files\dotnet\sdk\8.0.101\Extensions\Microsoft.Diagnostics.NETCore.Client.dll
C:\Program Files\dotnet\sdk\8.0.101\Extensions\Microsoft.TestPlatform.Extensions.BlameDataCollector.dll
C:\Program Files\dotnet\sdk\8.0.101\Extensions\Microsoft.TestPlatform.Extensions.EventLogCollector.dll
C:\Program Files\dotnet\sdk\8.0.101\Extensions\Microsoft.TestPlatform.TestHostRuntimeProvider.dll
C:\Program Files\dotnet\sdk\8.0.101\Extensions\Microsoft.VisualStudio.TestPlatform.Extensions.Html.TestLogger.dll
C:\Program Files\dotnet\sdk\8.0.101\Extensions\Microsoft.VisualStudio.TestPlatform.Extensions.Trx.TestLogger.dll
TpTrace Verbose: 0 : 12048, 1, 2024/03/05, 01:31:53.502, 2873504977250, vstest.console.dll, TestPluginCache.GetExtensionPaths: Added unfilterableExtensionPaths: 
TpTrace Verbose: 0 : 12048, 1, 2024/03/05, 01:31:53.502, 2873504977768, vstest.console.dll, TestPluginCache.DiscoverTestExtensions: Discovering the extensions using allExtensionPaths: C:\Program Files\dotnet\sdk\8.0.101\Extensions\Microsoft.Diagnostics.NETCore.Client.dll
C:\Program Files\dotnet\sdk\8.0.101\Extensions\Microsoft.TestPlatform.Extensions.BlameDataCollector.dll
C:\Program Files\dotnet\sdk\8.0.101\Extensions\Microsoft.TestPlatform.Extensions.EventLogCollector.dll
C:\Program Files\dotnet\sdk\8.0.101\Extensions\Microsoft.TestPlatform.TestHostRuntimeProvider.dll
C:\Program Files\dotnet\sdk\8.0.101\Extensions\Microsoft.VisualStudio.TestPlatform.Extensions.Html.TestLogger.dll
C:\Program Files\dotnet\sdk\8.0.101\Extensions\Microsoft.VisualStudio.TestPlatform.Extensions.Trx.TestLogger.dll
TpTrace Information: 0 : 12048, 1, 2024/03/05, 01:31:53.503, 2873504978933, vstest.console.dll, AssemblyResolver.AddSearchDirectories: Adding more searchDirectories C:\Program Files\dotnet\sdk\8.0.101\Extensions,C:\Program Files\dotnet\sdk\8.0.101
TpTrace Information: 0 : 12048, 1, 2024/03/05, 01:31:53.503, 2873504979412, vstest.console.dll, AssemblyResolver.AddSearchDirectories: Adding more searchDirectories C:\Program Files\dotnet\sdk\8.0.101\Extensions,C:\Program Files\dotnet\sdk\8.0.101
TpTrace Information: 0 : 12048, 1, 2024/03/05, 01:31:53.503, 2873504979712, vstest.console.dll, AssemblyResolver.AddSearchDirectories: Adding more searchDirectories C:\Program Files\dotnet\sdk\8.0.101\Extensions,C:\Program Files\dotnet\sdk\8.0.101
TpTrace Information: 0 : 12048, 1, 2024/03/05, 01:31:53.503, 2873504980017, vstest.console.dll, AssemblyResolver.AddSearchDirectories: Adding more searchDirectories C:\Program Files\dotnet\sdk\8.0.101\Extensions,C:\Program Files\dotnet\sdk\8.0.101
TpTrace Information: 0 : 12048, 1, 2024/03/05, 01:31:53.503, 2873504980272, vstest.console.dll, AssemblyResolver.AddSearchDirectories: Adding more searchDirectories C:\Program Files\dotnet\sdk\8.0.101\Extensions,C:\Program Files\dotnet\sdk\8.0.101
TpTrace Information: 0 : 12048, 1, 2024/03/05, 01:31:53.503, 2873504980519, vstest.console.dll, AssemblyResolver.AddSearchDirectories: Adding more searchDirectories C:\Program Files\dotnet\sdk\8.0.101\Extensions,C:\Program Files\dotnet\sdk\8.0.101
TpTrace Information: 0 : 12048, 1, 2024/03/05, 01:31:53.503, 2873504985792, vstest.console.dll, AssemblyResolver.OnResolve: Microsoft.Diagnostics.NETCore.Client: Resolving assembly.
TpTrace Information: 0 : 12048, 1, 2024/03/05, 01:31:53.503, 2873504986449, vstest.console.dll, AssemblyResolver.OnResolve: Microsoft.Diagnostics.NETCore.Client: Searching in: 'C:\Program Files\dotnet\sdk\8.0.101\Extensions'.
TpTrace Information: 0 : 12048, 1, 2024/03/05, 01:31:53.518, 2873505129395, vstest.console.dll, AssemblyResolver.OnResolve: Microsoft.Diagnostics.NETCore.Client: Loading assembly 'C:\Program Files\dotnet\sdk\8.0.101\Extensions\Microsoft.Diagnostics.NETCore.Client.dll'.
TpTrace Information: 0 : 12048, 1, 2024/03/05, 01:31:53.519, 2873505146588, vstest.console.dll, AssemblyResolver.OnResolve: Resolved assembly: Microsoft.Diagnostics.NETCore.Client, from path: C:\Program Files\dotnet\sdk\8.0.101\Extensions\Microsoft.Diagnostics.NETCore.Client.dll
TpTrace Verbose: 0 : 12048, 1, 2024/03/05, 01:31:53.523, 2873505184367, vstest.console.dll, MetadataReaderExtensionsHelper: Discovering extensions inside assembly 'Microsoft.Diagnostics.NETCore.Client, Version=0.2.8.21101, Culture=neutral, PublicKeyToken=31bf3856ad364e35' file path 'C:\Program Files\dotnet\sdk\8.0.101\Extensions\Microsoft.Diagnostics.NETCore.Client.dll'
TpTrace Information: 0 : 12048, 1, 2024/03/05, 01:31:53.529, 2873505244464, vstest.console.dll, AssemblyResolver.OnResolve: Microsoft.Bcl.AsyncInterfaces: Resolving assembly.
TpTrace Information: 0 : 12048, 1, 2024/03/05, 01:31:53.529, 2873505245469, vstest.console.dll, AssemblyResolver.OnResolve: Microsoft.Bcl.AsyncInterfaces: Searching in: 'C:\Program Files\dotnet\sdk\8.0.101\Extensions'.
TpTrace Information: 0 : 12048, 1, 2024/03/05, 01:31:53.529, 2873505246278, vstest.console.dll, AssemblyResolver.OnResolve: Microsoft.Bcl.AsyncInterfaces: Assembly path does not exist: 'C:\Program Files\dotnet\sdk\8.0.101\Extensions\Microsoft.Bcl.AsyncInterfaces.dll', returning.
TpTrace Information: 0 : 12048, 1, 2024/03/05, 01:31:53.529, 2873505247250, vstest.console.dll, AssemblyResolver.OnResolve: Microsoft.Bcl.AsyncInterfaces: Assembly path does not exist: 'C:\Program Files\dotnet\sdk\8.0.101\Extensions\Microsoft.Bcl.AsyncInterfaces.exe', returning.
TpTrace Information: 0 : 12048, 1, 2024/03/05, 01:31:53.529, 2873505247629, vstest.console.dll, AssemblyResolver.OnResolve: Microsoft.Bcl.AsyncInterfaces: Searching in: 'C:\Program Files\dotnet\sdk\8.0.101'.
TpTrace Information: 0 : 12048, 1, 2024/03/05, 01:31:53.529, 2873505248141, vstest.console.dll, AssemblyResolver.OnResolve: Microsoft.Bcl.AsyncInterfaces: Assembly path does not exist: 'C:\Program Files\dotnet\sdk\8.0.101\Microsoft.Bcl.AsyncInterfaces.dll', returning.
TpTrace Information: 0 : 12048, 1, 2024/03/05, 01:31:53.530, 2873505248617, vstest.console.dll, AssemblyResolver.OnResolve: Microsoft.Bcl.AsyncInterfaces: Assembly path does not exist: 'C:\Program Files\dotnet\sdk\8.0.101\Microsoft.Bcl.AsyncInterfaces.exe', returning.
TpTrace Information: 0 : 12048, 1, 2024/03/05, 01:31:53.530, 2873505248881, vstest.console.dll, AssemblyResolver.OnResolve: Microsoft.Bcl.AsyncInterfaces: Failed to load assembly.
TpTrace Verbose: 0 : 12048, 1, 2024/03/05, 01:31:53.530, 2873505249187, vstest.console.dll, CurrentDomainAssemblyResolve: Resolving assembly 'Microsoft.Bcl.AsyncInterfaces'.
TpTrace Information: 0 : 12048, 1, 2024/03/05, 01:31:53.530, 2873505249777, vstest.console.dll, AssemblyResolver.OnResolve: Microsoft.Bcl.AsyncInterfaces: Resolving assembly.
TpTrace Information: 0 : 12048, 1, 2024/03/05, 01:31:53.530, 2873505250127, vstest.console.dll, AssemblyResolver.OnResolve: Microsoft.Bcl.AsyncInterfaces: Resolved from cache.
TpTrace Verbose: 0 : 12048, 1, 2024/03/05, 01:31:53.530, 2873505250421, vstest.console.dll, CurrentDomainAssemblyResolve: Resolving assembly 'Microsoft.Bcl.AsyncInterfaces'.
TpTrace Verbose: 0 : 12048, 1, 2024/03/05, 01:31:53.530, 2873505250720, vstest.console.dll, CurrentDomainAssemblyResolve: Failed to resolve assembly 'Microsoft.Bcl.AsyncInterfaces'.
TpTrace Verbose: 0 : 12048, 1, 2024/03/05, 01:31:53.534, 2873505292038, vstest.console.dll, CurrentDomainAssemblyResolve: Failed to resolve assembly 'Microsoft.Bcl.AsyncInterfaces'.
TpTrace Warning: 0 : 12048, 1, 2024/03/05, 01:31:53.552, 2873505469518, vstest.console.dll, TestPluginDiscoverer: Failed to get types from assembly 'Microsoft.Diagnostics.NETCore.Client, Version=0.2.8.21101, Culture=neutral, PublicKeyToken=31bf3856ad364e35'. Error: System.Reflection.ReflectionTypeLoadException: Unable to load one or more of the requested types.
Could not load file or assembly 'Microsoft.Bcl.AsyncInterfaces, Version=1.0.0.0, Culture=neutral, PublicKeyToken=cc7b13ffcd2ddd51'. The system cannot find the file specified.
   at System.Reflection.RuntimeModule.GetTypes(RuntimeModule module)
   at System.Reflection.RuntimeModule.GetTypes()
   at Microsoft.VisualStudio.TestPlatform.Common.ExtensionFramework.TestPluginDiscoverer.GetTestExtensionsFromAssembly[TPluginInfo,TExtension](Assembly assembly, Dictionary`2 pluginInfos, String filePath) in /_/src/Microsoft.TestPlatform.Common/ExtensionFramework/TestPluginDiscoverer.cs:line 158
System.IO.FileNotFoundException: Could not load file or assembly 'Microsoft.Bcl.AsyncInterfaces, Version=1.0.0.0, Culture=neutral, PublicKeyToken=cc7b13ffcd2ddd51'. The system cannot find the file specified.
File name: 'Microsoft.Bcl.AsyncInterfaces, Version=1.0.0.0, Culture=neutral, PublicKeyToken=cc7b13ffcd2ddd51'
 ---> System.IO.FileNotFoundException: Could not load file or assembly 'Microsoft.Bcl.AsyncInterfaces, Culture=neutral, PublicKeyToken=null'. The system cannot find the file specified.
File name: 'Microsoft.Bcl.AsyncInterfaces, Culture=neutral, PublicKeyToken=null'
   at System.Reflection.RuntimeAssembly.InternalLoad(AssemblyName assemblyName, StackCrawlMark& stackMark, AssemblyLoadContext assemblyLoadContext, RuntimeAssembly requestingAssembly, Boolean throwOnFileNotFound)
   at System.Reflection.Assembly.Load(AssemblyName assemblyRef)
   at Microsoft.VisualStudio.TestPlatform.Common.ExtensionFramework.TestPluginCache.CurrentDomainAssemblyResolve(Object sender, AssemblyResolveEventArgs args) in /_/src/Microsoft.TestPlatform.Common/ExtensionFramework/TestPluginCache.cs:line 513
   at System.Runtime.Loader.AssemblyLoadContext.GetFirstResolvedAssemblyFromResolvingEvent(AssemblyName assemblyName)
   at System.Runtime.Loader.AssemblyLoadContext.ResolveUsingEvent(AssemblyName assemblyName)
   at System.Runtime.Loader.AssemblyLoadContext.ResolveUsingResolvingEvent(IntPtr gchManagedAssemblyLoadContext, AssemblyName assemblyName)
TpTrace Warning: 0 : 12048, 1, 2024/03/05, 01:31:53.552, 2873505472312, vstest.console.dll, LoaderExceptions: System.IO.FileNotFoundException: Could not load file or assembly 'Microsoft.Bcl.AsyncInterfaces, Version=1.0.0.0, Culture=neutral, PublicKeyToken=cc7b13ffcd2ddd51'. The system cannot find the file specified.
File name: 'Microsoft.Bcl.AsyncInterfaces, Version=1.0.0.0, Culture=neutral, PublicKeyToken=cc7b13ffcd2ddd51'
 ---> System.IO.FileNotFoundException: Could not load file or assembly 'Microsoft.Bcl.AsyncInterfaces, Culture=neutral, PublicKeyToken=null'. The system cannot find the file specified.
File name: 'Microsoft.Bcl.AsyncInterfaces, Culture=neutral, PublicKeyToken=null'
   at System.Reflection.RuntimeAssembly.InternalLoad(AssemblyName assemblyName, StackCrawlMark& stackMark, AssemblyLoadContext assemblyLoadContext, RuntimeAssembly requestingAssembly, Boolean throwOnFileNotFound)
   at System.Reflection.Assembly.Load(AssemblyName assemblyRef)
   at Microsoft.VisualStudio.TestPlatform.Common.ExtensionFramework.TestPluginCache.CurrentDomainAssemblyResolve(Object sender, AssemblyResolveEventArgs args) in /_/src/Microsoft.TestPlatform.Common/ExtensionFramework/TestPluginCache.cs:line 513
   at System.Runtime.Loader.AssemblyLoadContext.GetFirstResolvedAssemblyFromResolvingEvent(AssemblyName assemblyName)
   at System.Runtime.Loader.AssemblyLoadContext.ResolveUsingEvent(AssemblyName assemblyName)
   at System.Runtime.Loader.AssemblyLoadContext.ResolveUsingResolvingEvent(IntPtr gchManagedAssemblyLoadContext, AssemblyName assemblyName)
TpTrace Information: 0 : 12048, 1, 2024/03/05, 01:31:53.552, 2873505473592, vstest.console.dll, AssemblyResolver.OnResolve: Microsoft.TestPlatform.Extensions.BlameDataCollector: Resolving assembly.
TpTrace Information: 0 : 12048, 1, 2024/03/05, 01:31:53.552, 2873505474002, vstest.console.dll, AssemblyResolver.OnResolve: Microsoft.TestPlatform.Extensions.BlameDataCollector: Searching in: 'C:\Program Files\dotnet\sdk\8.0.101\Extensions'.
TpTrace Information: 0 : 12048, 1, 2024/03/05, 01:31:53.553, 2873505488398, vstest.console.dll, AssemblyResolver.OnResolve: Microsoft.TestPlatform.Extensions.BlameDataCollector: Loading assembly 'C:\Program Files\dotnet\sdk\8.0.101\Extensions\Microsoft.TestPlatform.Extensions.BlameDataCollector.dll'.
TpTrace Information: 0 : 12048, 1, 2024/03/05, 01:31:53.555, 2873505498943, vstest.console.dll, AssemblyResolver.OnResolve: Resolved assembly: Microsoft.TestPlatform.Extensions.BlameDataCollector, from path: C:\Program Files\dotnet\sdk\8.0.101\Extensions\Microsoft.TestPlatform.Extensions.BlameDataCollector.dll
TpTrace Verbose: 0 : 12048, 1, 2024/03/05, 01:31:53.555, 2873505499710, vstest.console.dll, MetadataReaderExtensionsHelper: Discovering extensions inside assembly 'Microsoft.TestPlatform.Extensions.BlameDataCollector, Version=15.0.0.0, Culture=neutral, PublicKeyToken=b03f5f7f11d50a3a' file path 'C:\Program Files\dotnet\sdk\8.0.101\Extensions\Microsoft.TestPlatform.Extensions.BlameDataCollector.dll'
TpTrace Information: 0 : 12048, 1, 2024/03/05, 01:31:53.556, 2873505516461, vstest.console.dll, AssemblyResolver.OnResolve: Microsoft.TestPlatform.Extensions.EventLogCollector: Resolving assembly.
TpTrace Information: 0 : 12048, 1, 2024/03/05, 01:31:53.556, 2873505517100, vstest.console.dll, AssemblyResolver.OnResolve: Microsoft.TestPlatform.Extensions.EventLogCollector: Searching in: 'C:\Program Files\dotnet\sdk\8.0.101\Extensions'.
TpTrace Information: 0 : 12048, 1, 2024/03/05, 01:31:53.557, 2873505523346, vstest.console.dll, AssemblyResolver.OnResolve: Microsoft.TestPlatform.Extensions.EventLogCollector: Loading assembly 'C:\Program Files\dotnet\sdk\8.0.101\Extensions\Microsoft.TestPlatform.Extensions.EventLogCollector.dll'.
TpTrace Information: 0 : 12048, 1, 2024/03/05, 01:31:53.558, 2873505530102, vstest.console.dll, AssemblyResolver.OnResolve: Resolved assembly: Microsoft.TestPlatform.Extensions.EventLogCollector, from path: C:\Program Files\dotnet\sdk\8.0.101\Extensions\Microsoft.TestPlatform.Extensions.EventLogCollector.dll
TpTrace Verbose: 0 : 12048, 1, 2024/03/05, 01:31:53.558, 2873505530696, vstest.console.dll, MetadataReaderExtensionsHelper: Discovering extensions inside assembly 'Microsoft.TestPlatform.Extensions.EventLogCollector, Version=15.0.0.0, Culture=neutral, PublicKeyToken=b03f5f7f11d50a3a' file path 'C:\Program Files\dotnet\sdk\8.0.101\Extensions\Microsoft.TestPlatform.Extensions.EventLogCollector.dll'
TpTrace Information: 0 : 12048, 1, 2024/03/05, 01:31:53.560, 2873505558068, vstest.console.dll, AssemblyResolver.OnResolve: Microsoft.TestPlatform.TestHostRuntimeProvider: Resolving assembly.
TpTrace Information: 0 : 12048, 1, 2024/03/05, 01:31:53.561, 2873505558949, vstest.console.dll, AssemblyResolver.OnResolve: Microsoft.TestPlatform.TestHostRuntimeProvider: Searching in: 'C:\Program Files\dotnet\sdk\8.0.101\Extensions'.
TpTrace Information: 0 : 12048, 1, 2024/03/05, 01:31:53.561, 2873505568089, vstest.console.dll, AssemblyResolver.OnResolve: Microsoft.TestPlatform.TestHostRuntimeProvider: Loading assembly 'C:\Program Files\dotnet\sdk\8.0.101\Extensions\Microsoft.TestPlatform.TestHostRuntimeProvider.dll'.
TpTrace Information: 0 : 12048, 1, 2024/03/05, 01:31:53.562, 2873505574856, vstest.console.dll, AssemblyResolver.OnResolve: Resolved assembly: Microsoft.TestPlatform.TestHostRuntimeProvider, from path: C:\Program Files\dotnet\sdk\8.0.101\Extensions\Microsoft.TestPlatform.TestHostRuntimeProvider.dll
TpTrace Verbose: 0 : 12048, 1, 2024/03/05, 01:31:53.562, 2873505575489, vstest.console.dll, MetadataReaderExtensionsHelper: Discovering extensions inside assembly 'Microsoft.TestPlatform.TestHostRuntimeProvider, Version=15.0.0.0, Culture=neutral, PublicKeyToken=b03f5f7f11d50a3a' file path 'C:\Program Files\dotnet\sdk\8.0.101\Extensions\Microsoft.TestPlatform.TestHostRuntimeProvider.dll'
TpTrace Information: 0 : 12048, 1, 2024/03/05, 01:31:53.564, 2873505592730, vstest.console.dll, GetTestExtensionFromType: Register extension with identifier data 'HostProvider://DefaultTestHost' and type 'Microsoft.VisualStudio.TestPlatform.CrossPlatEngine.Hosting.DefaultTestHostManager, Microsoft.TestPlatform.TestHostRuntimeProvider, Version=15.0.0.0, Culture=neutral, PublicKeyToken=b03f5f7f11d50a3a' inside file 'C:\Program Files\dotnet\sdk\8.0.101\Extensions\Microsoft.TestPlatform.TestHostRuntimeProvider.dll'
TpTrace Information: 0 : 12048, 1, 2024/03/05, 01:31:53.564, 2873505594803, vstest.console.dll, GetTestExtensionFromType: Register extension with identifier data 'HostProvider://DotnetTestHost' and type 'Microsoft.VisualStudio.TestPlatform.CrossPlatEngine.Hosting.DotnetTestHostManager, Microsoft.TestPlatform.TestHostRuntimeProvider, Version=15.0.0.0, Culture=neutral, PublicKeyToken=b03f5f7f11d50a3a' inside file 'C:\Program Files\dotnet\sdk\8.0.101\Extensions\Microsoft.TestPlatform.TestHostRuntimeProvider.dll'
TpTrace Information: 0 : 12048, 1, 2024/03/05, 01:31:53.564, 2873505595439, vstest.console.dll, AssemblyResolver.OnResolve: Microsoft.VisualStudio.TestPlatform.Extensions.Html.TestLogger: Resolving assembly.
TpTrace Information: 0 : 12048, 1, 2024/03/05, 01:31:53.564, 2873505595743, vstest.console.dll, AssemblyResolver.OnResolve: Microsoft.VisualStudio.TestPlatform.Extensions.Html.TestLogger: Searching in: 'C:\Program Files\dotnet\sdk\8.0.101\Extensions'.
TpTrace Information: 0 : 12048, 1, 2024/03/05, 01:31:53.565, 2873505603870, vstest.console.dll, AssemblyResolver.OnResolve: Microsoft.VisualStudio.TestPlatform.Extensions.Html.TestLogger: Loading assembly 'C:\Program Files\dotnet\sdk\8.0.101\Extensions\Microsoft.VisualStudio.TestPlatform.Extensions.Html.TestLogger.dll'.
TpTrace Information: 0 : 12048, 1, 2024/03/05, 01:31:53.566, 2873505611163, vstest.console.dll, AssemblyResolver.OnResolve: Resolved assembly: Microsoft.VisualStudio.TestPlatform.Extensions.Html.TestLogger, from path: C:\Program Files\dotnet\sdk\8.0.101\Extensions\Microsoft.VisualStudio.TestPlatform.Extensions.Html.TestLogger.dll
TpTrace Verbose: 0 : 12048, 1, 2024/03/05, 01:31:53.566, 2873505611780, vstest.console.dll, MetadataReaderExtensionsHelper: Discovering extensions inside assembly 'Microsoft.VisualStudio.TestPlatform.Extensions.Html.TestLogger, Version=15.0.0.0, Culture=neutral, PublicKeyToken=b03f5f7f11d50a3a' file path 'C:\Program Files\dotnet\sdk\8.0.101\Extensions\Microsoft.VisualStudio.TestPlatform.Extensions.Html.TestLogger.dll'
TpTrace Information: 0 : 12048, 1, 2024/03/05, 01:31:53.567, 2873505619846, vstest.console.dll, AssemblyResolver.OnResolve: Microsoft.VisualStudio.TestPlatform.Extensions.Trx.TestLogger: Resolving assembly.
TpTrace Information: 0 : 12048, 1, 2024/03/05, 01:31:53.567, 2873505620294, vstest.console.dll, AssemblyResolver.OnResolve: Microsoft.VisualStudio.TestPlatform.Extensions.Trx.TestLogger: Searching in: 'C:\Program Files\dotnet\sdk\8.0.101\Extensions'.
TpTrace Information: 0 : 12048, 1, 2024/03/05, 01:31:53.568, 2873505631283, vstest.console.dll, AssemblyResolver.OnResolve: Microsoft.VisualStudio.TestPlatform.Extensions.Trx.TestLogger: Loading assembly 'C:\Program Files\dotnet\sdk\8.0.101\Extensions\Microsoft.VisualStudio.TestPlatform.Extensions.Trx.TestLogger.dll'.
TpTrace Information: 0 : 12048, 1, 2024/03/05, 01:31:53.569, 2873505643085, vstest.console.dll, AssemblyResolver.OnResolve: Resolved assembly: Microsoft.VisualStudio.TestPlatform.Extensions.Trx.TestLogger, from path: C:\Program Files\dotnet\sdk\8.0.101\Extensions\Microsoft.VisualStudio.TestPlatform.Extensions.Trx.TestLogger.dll
TpTrace Verbose: 0 : 12048, 1, 2024/03/05, 01:31:53.569, 2873505644005, vstest.console.dll, MetadataReaderExtensionsHelper: Discovering extensions inside assembly 'Microsoft.VisualStudio.TestPlatform.Extensions.Trx.TestLogger, Version=15.0.0.0, Culture=neutral, PublicKeyToken=b03f5f7f11d50a3a' file path 'C:\Program Files\dotnet\sdk\8.0.101\Extensions\Microsoft.VisualStudio.TestPlatform.Extensions.Trx.TestLogger.dll'
TpTrace Verbose: 0 : 12048, 1, 2024/03/05, 01:31:53.570, 2873505655209, vstest.console.dll, TestPluginCache: Discovered the extensions using extension path ''.
TpTrace Verbose: 0 : 12048, 1, 2024/03/05, 01:31:53.570, 2873505655816, vstest.console.dll, TestPluginCache: Discoverers are ''.
TpTrace Verbose: 0 : 12048, 1, 2024/03/05, 01:31:53.570, 2873505656067, vstest.console.dll, TestPluginCache: Executors are ''.
TpTrace Verbose: 0 : 12048, 1, 2024/03/05, 01:31:53.570, 2873505656279, vstest.console.dll, TestPluginCache: Executors2 are ''.
TpTrace Verbose: 0 : 12048, 1, 2024/03/05, 01:31:53.570, 2873505656482, vstest.console.dll, TestPluginCache: Setting providers are ''.
TpTrace Verbose: 0 : 12048, 1, 2024/03/05, 01:31:53.570, 2873505656683, vstest.console.dll, TestPluginCache: Loggers are ''.
TpTrace Verbose: 0 : 12048, 1, 2024/03/05, 01:31:53.570, 2873505658066, vstest.console.dll, TestPluginCache: TestHosts are 'HostProvider://DefaultTestHost,HostProvider://DotnetTestHost'.
TpTrace Verbose: 0 : 12048, 1, 2024/03/05, 01:31:53.570, 2873505658481, vstest.console.dll, TestPluginCache: DataCollectors are ''.
TpTrace Information: 0 : 12048, 1, 2024/03/05, 01:31:53.591, 2873505867326, vstest.console.dll, RunTestsArgumentProcessor:Execute: Test run is starting.
TpTrace Verbose: 0 : 12048, 1, 2024/03/05, 01:31:53.591, 2873505868278, vstest.console.dll, RunTestsArgumentProcessor:Execute: Queuing Test run.
TpTrace Information: 0 : 12048, 1, 2024/03/05, 01:31:53.592, 2873505869798, vstest.console.dll, TestRequestManager.RunTests: run tests started.
TpTrace Information: 0 : 12048, 1, 2024/03/05, 01:31:53.624, 2873506197310, vstest.console.dll, AssemblyMetadataProvider.GetFrameworkName: Determined framework:'.NETCoreApp,Version=v6.0' for source: 'D:\CozyHaven\COZYHAVEN_PROJECT\COZYHAVENTEST\bin\Debug\net6.0\fine-code-coverage\build-output\COZYHAVENTEST.dll'
TpTrace Information: 0 : 12048, 1, 2024/03/05, 01:31:53.625, 2873506199446, vstest.console.dll, Determined framework for all sources: .NETCoreApp,Version=v6.0
TpTrace Verbose: 0 : 12048, 1, 2024/03/05, 01:31:53.625, 2873506202932, vstest.console.dll, TestRequestManager.UpdateRunSettingsIfRequired: Default architecture: X64 IsDefaultTargetArchitecture: True, Current process architecture: X64 OperatingSystem: Windows.
TpTrace Information: 0 : 12048, 1, 2024/03/05, 01:31:53.626, 2873506215239, vstest.console.dll, AssemblyMetadataProvider.GetArchitecture: Determined architecture:AnyCPU info for assembly: D:\CozyHaven\COZYHAVEN_PROJECT\COZYHAVENTEST\bin\Debug\net6.0\fine-code-coverage\build-output\COZYHAVENTEST.dll
TpTrace Information: 0 : 12048, 1, 2024/03/05, 01:31:53.626, 2873506215682, vstest.console.dll, Determined platform for source 'D:\CozyHaven\COZYHAVEN_PROJECT\COZYHAVENTEST\bin\Debug\net6.0\fine-code-coverage\build-output\COZYHAVENTEST.dll' was AnyCPU and it will use the default plaform X64.
TpTrace Information: 0 : 12048, 1, 2024/03/05, 01:31:53.626, 2873506215926, vstest.console.dll, None of the sources provided any runnable platform, using the default platform: X64
TpTrace Information: 0 : 12048, 1, 2024/03/05, 01:31:53.626, 2873506216587, vstest.console.dll, Platform was updated to 'X64'.
TpTrace Information: 0 : 12048, 1, 2024/03/05, 01:31:53.631, 2873506258857, vstest.console.dll, InferRunSettingsHelper.IsTestSettingsEnabled: Unable to navigate to RunSettings/MSTest. Current node: RunSettings
TpTrace Information: 0 : 12048, 1, 2024/03/05, 01:31:53.631, 2873506263629, vstest.console.dll, AssemblyResolver.OnResolve: Microsoft.VisualStudio.TestPlatform.Fakes: Resolving assembly.
TpTrace Information: 0 : 12048, 1, 2024/03/05, 01:31:53.631, 2873506264158, vstest.console.dll, AssemblyResolver.OnResolve: Microsoft.VisualStudio.TestPlatform.Fakes: Searching in: 'C:\Program Files\dotnet\sdk\8.0.101\Extensions'.
TpTrace Information: 0 : 12048, 1, 2024/03/05, 01:31:53.631, 2873506265028, vstest.console.dll, AssemblyResolver.OnResolve: Microsoft.VisualStudio.TestPlatform.Fakes: Assembly path does not exist: 'C:\Program Files\dotnet\sdk\8.0.101\Extensions\Microsoft.VisualStudio.TestPlatform.Fakes.dll', returning.
TpTrace Information: 0 : 12048, 1, 2024/03/05, 01:31:53.631, 2873506265545, vstest.console.dll, AssemblyResolver.OnResolve: Microsoft.VisualStudio.TestPlatform.Fakes: Assembly path does not exist: 'C:\Program Files\dotnet\sdk\8.0.101\Extensions\Microsoft.VisualStudio.TestPlatform.Fakes.exe', returning.
TpTrace Information: 0 : 12048, 1, 2024/03/05, 01:31:53.631, 2873506265860, vstest.console.dll, AssemblyResolver.OnResolve: Microsoft.VisualStudio.TestPlatform.Fakes: Searching in: 'C:\Program Files\dotnet\sdk\8.0.101'.
TpTrace Information: 0 : 12048, 1, 2024/03/05, 01:31:53.631, 2873506266349, vstest.console.dll, AssemblyResolver.OnResolve: Microsoft.VisualStudio.TestPlatform.Fakes: Assembly path does not exist: 'C:\Program Files\dotnet\sdk\8.0.101\Microsoft.VisualStudio.TestPlatform.Fakes.dll', returning.
TpTrace Information: 0 : 12048, 1, 2024/03/05, 01:31:53.631, 2873506266813, vstest.console.dll, AssemblyResolver.OnResolve: Microsoft.VisualStudio.TestPlatform.Fakes: Assembly path does not exist: 'C:\Program Files\dotnet\sdk\8.0.101\Microsoft.VisualStudio.TestPlatform.Fakes.exe', returning.
TpTrace Information: 0 : 12048, 1, 2024/03/05, 01:31:53.631, 2873506267069, vstest.console.dll, AssemblyResolver.OnResolve: Microsoft.VisualStudio.TestPlatform.Fakes: Failed to load assembly.
TpTrace Information: 0 : 12048, 1, 2024/03/05, 01:31:53.632, 2873506269074, vstest.console.dll, Failed to load assembly Microsoft.VisualStudio.TestPlatform.Fakes, Version=17.0.0.0, Culture=neutral. Reason:System.IO.FileNotFoundException: Could not load file or assembly 'Microsoft.VisualStudio.TestPlatform.Fakes, Version=17.0.0.0, Culture=neutral, PublicKeyToken=null'. The system cannot find the file specified.
File name: 'Microsoft.VisualStudio.TestPlatform.Fakes, Version=17.0.0.0, Culture=neutral, PublicKeyToken=null'
   at System.Reflection.RuntimeAssembly.InternalLoad(AssemblyName assemblyName, StackCrawlMark& stackMark, AssemblyLoadContext assemblyLoadContext, RuntimeAssembly requestingAssembly, Boolean throwOnFileNotFound)
   at System.Reflection.Assembly.Load(AssemblyName assemblyRef)
   at Microsoft.VisualStudio.TestPlatform.Common.Utilities.FakesUtilities.LoadTestPlatformAssembly() in /_/src/Microsoft.TestPlatform.Common/Utilities/FakesUtilities.cs:line 272
TpTrace Verbose: 0 : 12048, 1, 2024/03/05, 01:31:53.635, 2873506301658, vstest.console.dll, TestPluginCache.DiscoverTestExtensions: finding test extensions in assemblies ends with: TestLogger.dll TPluginInfo: Microsoft.VisualStudio.TestPlatform.Common.ExtensionFramework.Utilities.TestLoggerPluginInformation TExtension: Microsoft.VisualStudio.TestPlatform.ObjectModel.Client.ITestLogger
TpTrace Verbose: 0 : 12048, 1, 2024/03/05, 01:31:53.635, 2873506303131, vstest.console.dll, TestPluginCache.GetExtensionPaths: Filtered extension paths: 
TpTrace Verbose: 0 : 12048, 1, 2024/03/05, 01:31:53.635, 2873506303761, vstest.console.dll, TestPluginCache.GetExtensionPaths: Added default extension paths: C:\Program Files\dotnet\sdk\8.0.101\Extensions\Microsoft.Diagnostics.NETCore.Client.dll
C:\Program Files\dotnet\sdk\8.0.101\Extensions\Microsoft.TestPlatform.Extensions.BlameDataCollector.dll
C:\Program Files\dotnet\sdk\8.0.101\Extensions\Microsoft.TestPlatform.Extensions.EventLogCollector.dll
C:\Program Files\dotnet\sdk\8.0.101\Extensions\Microsoft.TestPlatform.TestHostRuntimeProvider.dll
C:\Program Files\dotnet\sdk\8.0.101\Extensions\Microsoft.VisualStudio.TestPlatform.Extensions.Html.TestLogger.dll
C:\Program Files\dotnet\sdk\8.0.101\Extensions\Microsoft.VisualStudio.TestPlatform.Extensions.Trx.TestLogger.dll
TpTrace Verbose: 0 : 12048, 1, 2024/03/05, 01:31:53.635, 2873506304076, vstest.console.dll, TestPluginCache.GetExtensionPaths: Added unfilterableExtensionPaths: 
TpTrace Information: 0 : 12048, 1, 2024/03/05, 01:31:53.635, 2873506305512, vstest.console.dll, AssemblyResolver.AddSearchDirectories: Adding more searchDirectories C:\Program Files\dotnet\sdk\8.0.101\Extensions,C:\Program Files\dotnet\sdk\8.0.101
TpTrace Verbose: 0 : 12048, 1, 2024/03/05, 01:31:53.635, 2873506306064, vstest.console.dll, TestPluginCache.DiscoverTestExtensions: Discovering the extensions using extension path.
TpTrace Verbose: 0 : 12048, 1, 2024/03/05, 01:31:53.635, 2873506306482, vstest.console.dll, TestPluginCache.GetExtensionPaths: Filtered extension paths: 
TpTrace Verbose: 0 : 12048, 1, 2024/03/05, 01:31:53.635, 2873506306833, vstest.console.dll, TestPluginCache.GetExtensionPaths: Added default extension paths: C:\Program Files\dotnet\sdk\8.0.101\Extensions\Microsoft.Diagnostics.NETCore.Client.dll
C:\Program Files\dotnet\sdk\8.0.101\Extensions\Microsoft.TestPlatform.Extensions.BlameDataCollector.dll
C:\Program Files\dotnet\sdk\8.0.101\Extensions\Microsoft.TestPlatform.Extensions.EventLogCollector.dll
C:\Program Files\dotnet\sdk\8.0.101\Extensions\Microsoft.TestPlatform.TestHostRuntimeProvider.dll
C:\Program Files\dotnet\sdk\8.0.101\Extensions\Microsoft.VisualStudio.TestPlatform.Extensions.Html.TestLogger.dll
C:\Program Files\dotnet\sdk\8.0.101\Extensions\Microsoft.VisualStudio.TestPlatform.Extensions.Trx.TestLogger.dll
TpTrace Verbose: 0 : 12048, 1, 2024/03/05, 01:31:53.635, 2873506307075, vstest.console.dll, TestPluginCache.GetExtensionPaths: Added unfilterableExtensionPaths: 
TpTrace Verbose: 0 : 12048, 1, 2024/03/05, 01:31:53.635, 2873506307522, vstest.console.dll, TestPluginCache.DiscoverTestExtensions: Discovering the extensions using allExtensionPaths: C:\Program Files\dotnet\sdk\8.0.101\Extensions\Microsoft.Diagnostics.NETCore.Client.dll
C:\Program Files\dotnet\sdk\8.0.101\Extensions\Microsoft.TestPlatform.Extensions.BlameDataCollector.dll
C:\Program Files\dotnet\sdk\8.0.101\Extensions\Microsoft.TestPlatform.Extensions.EventLogCollector.dll
C:\Program Files\dotnet\sdk\8.0.101\Extensions\Microsoft.TestPlatform.TestHostRuntimeProvider.dll
C:\Program Files\dotnet\sdk\8.0.101\Extensions\Microsoft.VisualStudio.TestPlatform.Extensions.Html.TestLogger.dll
C:\Program Files\dotnet\sdk\8.0.101\Extensions\Microsoft.VisualStudio.TestPlatform.Extensions.Trx.TestLogger.dll
TpTrace Information: 0 : 12048, 1, 2024/03/05, 01:31:53.636, 2873506308583, vstest.console.dll, AssemblyResolver.AddSearchDirectories: Adding more searchDirectories C:\Program Files\dotnet\sdk\8.0.101\Extensions,C:\Program Files\dotnet\sdk\8.0.101
TpTrace Information: 0 : 12048, 1, 2024/03/05, 01:31:53.636, 2873506309026, vstest.console.dll, AssemblyResolver.AddSearchDirectories: Adding more searchDirectories C:\Program Files\dotnet\sdk\8.0.101\Extensions,C:\Program Files\dotnet\sdk\8.0.101
TpTrace Information: 0 : 12048, 1, 2024/03/05, 01:31:53.636, 2873506309370, vstest.console.dll, AssemblyResolver.AddSearchDirectories: Adding more searchDirectories C:\Program Files\dotnet\sdk\8.0.101\Extensions,C:\Program Files\dotnet\sdk\8.0.101
TpTrace Information: 0 : 12048, 1, 2024/03/05, 01:31:53.636, 2873506309627, vstest.console.dll, AssemblyResolver.AddSearchDirectories: Adding more searchDirectories C:\Program Files\dotnet\sdk\8.0.101\Extensions,C:\Program Files\dotnet\sdk\8.0.101
TpTrace Information: 0 : 12048, 1, 2024/03/05, 01:31:53.636, 2873506310020, vstest.console.dll, AssemblyResolver.AddSearchDirectories: Adding more searchDirectories C:\Program Files\dotnet\sdk\8.0.101\Extensions,C:\Program Files\dotnet\sdk\8.0.101
TpTrace Information: 0 : 12048, 1, 2024/03/05, 01:31:53.636, 2873506310367, vstest.console.dll, AssemblyResolver.AddSearchDirectories: Adding more searchDirectories C:\Program Files\dotnet\sdk\8.0.101\Extensions,C:\Program Files\dotnet\sdk\8.0.101
TpTrace Verbose: 0 : 12048, 1, 2024/03/05, 01:31:53.636, 2873506311437, vstest.console.dll, MetadataReaderExtensionsHelper: Discovering extensions inside assembly 'Microsoft.Diagnostics.NETCore.Client, Version=0.2.8.21101, Culture=neutral, PublicKeyToken=31bf3856ad364e35' file path 'C:\Program Files\dotnet\sdk\8.0.101\Extensions\Microsoft.Diagnostics.NETCore.Client.dll'
TpTrace Information: 0 : 12048, 1, 2024/03/05, 01:31:53.637, 2873506319591, vstest.console.dll, AssemblyResolver.OnResolve: Microsoft.Bcl.AsyncInterfaces: Resolving assembly.
TpTrace Information: 0 : 12048, 1, 2024/03/05, 01:31:53.637, 2873506320237, vstest.console.dll, AssemblyResolver.OnResolve: Microsoft.Bcl.AsyncInterfaces: Resolved from cache.
TpTrace Verbose: 0 : 12048, 1, 2024/03/05, 01:31:53.637, 2873506320536, vstest.console.dll, CurrentDomainAssemblyResolve: Resolving assembly 'Microsoft.Bcl.AsyncInterfaces'.
TpTrace Information: 0 : 12048, 1, 2024/03/05, 01:31:53.637, 2873506320957, vstest.console.dll, AssemblyResolver.OnResolve: Microsoft.Bcl.AsyncInterfaces: Resolving assembly.
TpTrace Information: 0 : 12048, 1, 2024/03/05, 01:31:53.637, 2873506321213, vstest.console.dll, AssemblyResolver.OnResolve: Microsoft.Bcl.AsyncInterfaces: Resolved from cache.
TpTrace Verbose: 0 : 12048, 1, 2024/03/05, 01:31:53.637, 2873506321488, vstest.console.dll, CurrentDomainAssemblyResolve: Resolving assembly 'Microsoft.Bcl.AsyncInterfaces'.
TpTrace Verbose: 0 : 12048, 1, 2024/03/05, 01:31:53.637, 2873506321710, vstest.console.dll, CurrentDomainAssemblyResolve: Failed to resolve assembly 'Microsoft.Bcl.AsyncInterfaces'.
TpTrace Verbose: 0 : 12048, 1, 2024/03/05, 01:31:53.637, 2873506322979, vstest.console.dll, CurrentDomainAssemblyResolve: Failed to resolve assembly 'Microsoft.Bcl.AsyncInterfaces'.
TpTrace Warning: 0 : 12048, 1, 2024/03/05, 01:31:53.637, 2873506325962, vstest.console.dll, TestPluginDiscoverer: Failed to get types from assembly 'Microsoft.Diagnostics.NETCore.Client, Version=0.2.8.21101, Culture=neutral, PublicKeyToken=31bf3856ad364e35'. Error: System.Reflection.ReflectionTypeLoadException: Unable to load one or more of the requested types.
Could not load file or assembly 'Microsoft.Bcl.AsyncInterfaces, Version=1.0.0.0, Culture=neutral, PublicKeyToken=cc7b13ffcd2ddd51'. The system cannot find the file specified.
   at System.Reflection.RuntimeModule.GetTypes(RuntimeModule module)
   at System.Reflection.RuntimeModule.GetTypes()
   at Microsoft.VisualStudio.TestPlatform.Common.ExtensionFramework.TestPluginDiscoverer.GetTestExtensionsFromAssembly[TPluginInfo,TExtension](Assembly assembly, Dictionary`2 pluginInfos, String filePath) in /_/src/Microsoft.TestPlatform.Common/ExtensionFramework/TestPluginDiscoverer.cs:line 158
System.IO.FileNotFoundException: Could not load file or assembly 'Microsoft.Bcl.AsyncInterfaces, Version=1.0.0.0, Culture=neutral, PublicKeyToken=cc7b13ffcd2ddd51'. The system cannot find the file specified.
File name: 'Microsoft.Bcl.AsyncInterfaces, Version=1.0.0.0, Culture=neutral, PublicKeyToken=cc7b13ffcd2ddd51'
 ---> System.IO.FileNotFoundException: Could not load file or assembly 'Microsoft.Bcl.AsyncInterfaces, Culture=neutral, PublicKeyToken=null'. The system cannot find the file specified.
File name: 'Microsoft.Bcl.AsyncInterfaces, Culture=neutral, PublicKeyToken=null'
   at System.Reflection.RuntimeAssembly.InternalLoad(AssemblyName assemblyName, StackCrawlMark& stackMark, AssemblyLoadContext assemblyLoadContext, RuntimeAssembly requestingAssembly, Boolean throwOnFileNotFound)
   at System.Reflection.Assembly.Load(AssemblyName assemblyRef)
   at Microsoft.VisualStudio.TestPlatform.Common.ExtensionFramework.TestPluginCache.CurrentDomainAssemblyResolve(Object sender, AssemblyResolveEventArgs args) in /_/src/Microsoft.TestPlatform.Common/ExtensionFramework/TestPluginCache.cs:line 513
   at System.Runtime.Loader.AssemblyLoadContext.GetFirstResolvedAssemblyFromResolvingEvent(AssemblyName assemblyName)
   at System.Runtime.Loader.AssemblyLoadContext.ResolveUsingEvent(AssemblyName assemblyName)
   at System.Runtime.Loader.AssemblyLoadContext.ResolveUsingResolvingEvent(IntPtr gchManagedAssemblyLoadContext, AssemblyName assemblyName)
TpTrace Warning: 0 : 12048, 1, 2024/03/05, 01:31:53.637, 2873506327495, vstest.console.dll, LoaderExceptions: System.IO.FileNotFoundException: Could not load file or assembly 'Microsoft.Bcl.AsyncInterfaces, Version=1.0.0.0, Culture=neutral, PublicKeyToken=cc7b13ffcd2ddd51'. The system cannot find the file specified.
File name: 'Microsoft.Bcl.AsyncInterfaces, Version=1.0.0.0, Culture=neutral, PublicKeyToken=cc7b13ffcd2ddd51'
 ---> System.IO.FileNotFoundException: Could not load file or assembly 'Microsoft.Bcl.AsyncInterfaces, Culture=neutral, PublicKeyToken=null'. The system cannot find the file specified.
File name: 'Microsoft.Bcl.AsyncInterfaces, Culture=neutral, PublicKeyToken=null'
   at System.Reflection.RuntimeAssembly.InternalLoad(AssemblyName assemblyName, StackCrawlMark& stackMark, AssemblyLoadContext assemblyLoadContext, RuntimeAssembly requestingAssembly, Boolean throwOnFileNotFound)
   at System.Reflection.Assembly.Load(AssemblyName assemblyRef)
   at Microsoft.VisualStudio.TestPlatform.Common.ExtensionFramework.TestPluginCache.CurrentDomainAssemblyResolve(Object sender, AssemblyResolveEventArgs args) in /_/src/Microsoft.TestPlatform.Common/ExtensionFramework/TestPluginCache.cs:line 513
   at System.Runtime.Loader.AssemblyLoadContext.GetFirstResolvedAssemblyFromResolvingEvent(AssemblyName assemblyName)
   at System.Runtime.Loader.AssemblyLoadContext.ResolveUsingEvent(AssemblyName assemblyName)
   at System.Runtime.Loader.AssemblyLoadContext.ResolveUsingResolvingEvent(IntPtr gchManagedAssemblyLoadContext, AssemblyName assemblyName)
TpTrace Verbose: 0 : 12048, 1, 2024/03/05, 01:31:53.637, 2873506328209, vstest.console.dll, MetadataReaderExtensionsHelper: Discovering extensions inside assembly 'Microsoft.TestPlatform.Extensions.BlameDataCollector, Version=15.0.0.0, Culture=neutral, PublicKeyToken=b03f5f7f11d50a3a' file path 'C:\Program Files\dotnet\sdk\8.0.101\Extensions\Microsoft.TestPlatform.Extensions.BlameDataCollector.dll'
TpTrace Information: 0 : 12048, 1, 2024/03/05, 01:31:53.638, 2873506332585, vstest.console.dll, GetTestExtensionFromType: Register extension with identifier data 'logger://Microsoft/TestPlatform/Extensions/Blame/v1' and type 'Microsoft.TestPlatform.Extensions.BlameDataCollector.BlameLogger, Microsoft.TestPlatform.Extensions.BlameDataCollector, Version=15.0.0.0, Culture=neutral, PublicKeyToken=b03f5f7f11d50a3a' inside file 'C:\Program Files\dotnet\sdk\8.0.101\Extensions\Microsoft.TestPlatform.Extensions.BlameDataCollector.dll'
TpTrace Verbose: 0 : 12048, 1, 2024/03/05, 01:31:53.638, 2873506333078, vstest.console.dll, MetadataReaderExtensionsHelper: Discovering extensions inside assembly 'Microsoft.TestPlatform.Extensions.EventLogCollector, Version=15.0.0.0, Culture=neutral, PublicKeyToken=b03f5f7f11d50a3a' file path 'C:\Program Files\dotnet\sdk\8.0.101\Extensions\Microsoft.TestPlatform.Extensions.EventLogCollector.dll'
TpTrace Verbose: 0 : 12048, 1, 2024/03/05, 01:31:53.638, 2873506335538, vstest.console.dll, MetadataReaderExtensionsHelper: Discovering extensions inside assembly 'Microsoft.TestPlatform.TestHostRuntimeProvider, Version=15.0.0.0, Culture=neutral, PublicKeyToken=b03f5f7f11d50a3a' file path 'C:\Program Files\dotnet\sdk\8.0.101\Extensions\Microsoft.TestPlatform.TestHostRuntimeProvider.dll'
TpTrace Verbose: 0 : 12048, 1, 2024/03/05, 01:31:53.638, 2873506338181, vstest.console.dll, MetadataReaderExtensionsHelper: Discovering extensions inside assembly 'Microsoft.VisualStudio.TestPlatform.Extensions.Html.TestLogger, Version=15.0.0.0, Culture=neutral, PublicKeyToken=b03f5f7f11d50a3a' file path 'C:\Program Files\dotnet\sdk\8.0.101\Extensions\Microsoft.VisualStudio.TestPlatform.Extensions.Html.TestLogger.dll'
TpTrace Information: 0 : 12048, 1, 2024/03/05, 01:31:53.639, 2873506342780, vstest.console.dll, GetTestExtensionFromType: Register extension with identifier data 'logger://Microsoft/TestPlatform/HtmlLogger/v1' and type 'Microsoft.VisualStudio.TestPlatform.Extensions.HtmlLogger.HtmlLogger, Microsoft.VisualStudio.TestPlatform.Extensions.Html.TestLogger, Version=15.0.0.0, Culture=neutral, PublicKeyToken=b03f5f7f11d50a3a' inside file 'C:\Program Files\dotnet\sdk\8.0.101\Extensions\Microsoft.VisualStudio.TestPlatform.Extensions.Html.TestLogger.dll'
TpTrace Verbose: 0 : 12048, 1, 2024/03/05, 01:31:53.639, 2873506343502, vstest.console.dll, MetadataReaderExtensionsHelper: Discovering extensions inside assembly 'Microsoft.VisualStudio.TestPlatform.Extensions.Trx.TestLogger, Version=15.0.0.0, Culture=neutral, PublicKeyToken=b03f5f7f11d50a3a' file path 'C:\Program Files\dotnet\sdk\8.0.101\Extensions\Microsoft.VisualStudio.TestPlatform.Extensions.Trx.TestLogger.dll'
TpTrace Information: 0 : 12048, 1, 2024/03/05, 01:31:53.639, 2873506346670, vstest.console.dll, GetTestExtensionFromType: Register extension with identifier data 'logger://Microsoft/TestPlatform/TrxLogger/v1' and type 'Microsoft.VisualStudio.TestPlatform.Extensions.TrxLogger.TrxLogger, Microsoft.VisualStudio.TestPlatform.Extensions.Trx.TestLogger, Version=15.0.0.0, Culture=neutral, PublicKeyToken=b03f5f7f11d50a3a' inside file 'C:\Program Files\dotnet\sdk\8.0.101\Extensions\Microsoft.VisualStudio.TestPlatform.Extensions.Trx.TestLogger.dll'
TpTrace Verbose: 0 : 12048, 1, 2024/03/05, 01:31:53.639, 2873506347626, vstest.console.dll, TestPluginCache: Discovered the extensions using extension path ''.
TpTrace Verbose: 0 : 12048, 1, 2024/03/05, 01:31:53.639, 2873506347985, vstest.console.dll, TestPluginCache: Discoverers are ''.
TpTrace Verbose: 0 : 12048, 1, 2024/03/05, 01:31:53.639, 2873506348204, vstest.console.dll, TestPluginCache: Executors are ''.
TpTrace Verbose: 0 : 12048, 1, 2024/03/05, 01:31:53.639, 2873506348411, vstest.console.dll, TestPluginCache: Executors2 are ''.
TpTrace Verbose: 0 : 12048, 1, 2024/03/05, 01:31:53.640, 2873506348611, vstest.console.dll, TestPluginCache: Setting providers are ''.
TpTrace Verbose: 0 : 12048, 1, 2024/03/05, 01:31:53.640, 2873506351305, vstest.console.dll, TestPluginCache: Loggers are 'logger://Microsoft/TestPlatform/Extensions/Blame/v1,logger://Microsoft/TestPlatform/HtmlLogger/v1,logger://Microsoft/TestPlatform/TrxLogger/v1'.
TpTrace Verbose: 0 : 12048, 1, 2024/03/05, 01:31:53.640, 2873506351883, vstest.console.dll, TestPluginCache: TestHosts are 'HostProvider://DefaultTestHost,HostProvider://DotnetTestHost'.
TpTrace Verbose: 0 : 12048, 1, 2024/03/05, 01:31:53.640, 2873506352200, vstest.console.dll, TestPluginCache: DataCollectors are ''.
TpTrace Information: 0 : 12048, 1, 2024/03/05, 01:31:53.641, 2873506359767, vstest.console.dll, TestPluginManager.CreateTestExtension: Attempting to load test extension: Microsoft.TestPlatform.Extensions.BlameDataCollector.BlameLogger
TpTrace Verbose: 0 : 12048, 1, 2024/03/05, 01:31:53.650, 2873506456201, vstest.console.dll, TestEngine: Initializing Parallel Execution as MaxCpuCount is set to: 1
TpTrace Information: 0 : 12048, 1, 2024/03/05, 01:31:53.652, 2873506469610, vstest.console.dll, TestPluginManager.CreateTestExtension: Attempting to load test extension: Microsoft.VisualStudio.TestPlatform.CrossPlatEngine.Hosting.DefaultTestHostManager
TpTrace Information: 0 : 12048, 1, 2024/03/05, 01:31:53.652, 2873506476865, vstest.console.dll, TestPluginManager.CreateTestExtension: Attempting to load test extension: Microsoft.VisualStudio.TestPlatform.CrossPlatEngine.Hosting.DotnetTestHostManager
TpTrace Information: 0 : 12048, 1, 2024/03/05, 01:31:53.653, 2873506480864, vstest.console.dll, InferRunSettingsHelper.IsTestSettingsEnabled: Unable to navigate to RunSettings/MSTest. Current node: RunSettings
TpTrace Verbose: 0 : 12048, 1, 2024/03/05, 01:31:53.653, 2873506486093, vstest.console.dll, ParallelOperationManager.ClearSlots: Clearing all slots. Slots should accept more work: True
TpTrace Verbose: 0 : 12048, 1, 2024/03/05, 01:31:53.654, 2873506490797, vstest.console.dll, ParallelOperationManager.SetOccupiedSlotCount: Setting slot counts AvailableSlotCount = 1, OccupiedSlotCount = 0.
TpTrace Verbose: 0 : 12048, 1, 2024/03/05, 01:31:53.654, 2873506493241, vstest.console.dll, Occupied slots:

TpTrace Verbose: 0 : 12048, 1, 2024/03/05, 01:31:53.656, 2873506517468, vstest.console.dll, TestEngine.GetExecutionManager: Chosen execution manager 'Microsoft.VisualStudio.TestPlatform.CrossPlatEngine.Client.Parallel.ParallelProxyExecutionManager, Microsoft.TestPlatform.CrossPlatEngine, Version=15.0.0.0, Culture=neutral, PublicKeyToken=b03f5f7f11d50a3a' ParallelLevel '1'.
TpTrace Verbose: 0 : 12048, 1, 2024/03/05, 01:31:53.656, 2873506518392, vstest.console.dll, TestRunRequest.ExecuteAsync: Creating test run request.
TpTrace Verbose: 0 : 12048, 1, 2024/03/05, 01:31:53.657, 2873506519985, vstest.console.dll, TestRunRequest.ExecuteAsync: Starting.
TpTrace Information: 0 : 12048, 1, 2024/03/05, 01:31:53.658, 2873506528851, vstest.console.dll, TestRunRequest.ExecuteAsync: Starting run with settings:TestRunCriteria:
   KeepAlive=False,FrequencyOfRunStatsChangeEvent=10,RunStatsChangeEventTimeout=00:00:01.5000000,TestCaseFilter=,TestExecutorLauncher=
   Settingsxml=<RunSettings>
  <RunConfiguration>
    <ResultsDirectory>D:\CozyHaven\COZYHAVEN_PROJECT\COZYHAVENTEST\bin\Debug\net6.0\fine-code-coverage\coverage-tool-output</ResultsDirectory>
    <TargetPlatform>X64</TargetPlatform>
    <TargetFrameworkVersion>.NETCoreApp,Version=v6.0</TargetFrameworkVersion>
    <DesignMode>False</DesignMode>
    <CollectSourceInformation>False</CollectSourceInformation>
  </RunConfiguration>
  <LoggerRunSettings>
    <Loggers>
      <Logger friendlyName="blame" enabled="True" />
      <Logger friendlyName="Console" uri="logger://microsoft/TestPlatform/ConsoleLogger/v1" assemblyQualifiedName="Microsoft.VisualStudio.TestPlatform.CommandLine.Internal.ConsoleLogger, vstest.console, Version=15.0.0.0, Culture=neutral, PublicKeyToken=b03f5f7f11d50a3a" codeBase="C:\Program Files\dotnet\sdk\8.0.101\vstest.console.dll" enabled="True" />
    </Loggers>
  </LoggerRunSettings>
  <DataCollectionRunSettings>
    <DataCollectors>
      <DataCollector friendlyName="blame" enabled="True">
        <Configuration>
          <ResultsDirectory>D:\CozyHaven\COZYHAVEN_PROJECT\COZYHAVENTEST\bin\Debug\net6.0\fine-code-coverage\coverage-tool-output</ResultsDirectory>
        </Configuration>
      </DataCollector>
    </DataCollectors>
  </DataCollectionRunSettings>
</RunSettings>

TpTrace Verbose: 0 : 12048, 1, 2024/03/05, 01:31:53.658, 2873506529337, vstest.console.dll, TestRunRequest.ExecuteAsync: Wait for the first run request is over.
TpTrace Verbose: 0 : 12048, 1, 2024/03/05, 01:31:53.658, 2873506531378, vstest.console.dll, MulticastDelegateUtilities.SafeInvoke: TestRun.TestRunStart: Invoking callbacks was skipped because there are no subscribers.
TpTrace Verbose: 0 : 12048, 4, 2024/03/05, 01:31:53.658, 2873506533083, vstest.console.dll, MulticastDelegateUtilities.SafeInvoke: InternalTestLoggerEvents.SendTestRunStart: Invoking callback 1/1 for Microsoft.VisualStudio.TestPlatform.CommandLine.Internal.ConsoleLogger., took 0 ms.
TpTrace Verbose: 0 : 12048, 1, 2024/03/05, 01:31:53.659, 2873506538860, vstest.console.dll, ParallelProxyExecutionManager: Start execution. Total sources: 1
TpTrace Verbose: 0 : 12048, 1, 2024/03/05, 01:31:53.659, 2873506541869, vstest.console.dll, ParallelOperationManager.StartWork: Starting adding 1 workloads.
TpTrace Verbose: 0 : 12048, 1, 2024/03/05, 01:31:53.659, 2873506542468, vstest.console.dll, ParallelOperationManager.ClearSlots: Clearing all slots. Slots should accept more work: True
TpTrace Verbose: 0 : 12048, 1, 2024/03/05, 01:31:53.659, 2873506543046, vstest.console.dll, ParallelOperationManager.SetOccupiedSlotCount: Setting slot counts AvailableSlotCount = 1, OccupiedSlotCount = 0.
TpTrace Verbose: 0 : 12048, 1, 2024/03/05, 01:31:53.659, 2873506543378, vstest.console.dll, Occupied slots:

TpTrace Verbose: 0 : 12048, 1, 2024/03/05, 01:31:53.660, 2873506555005, vstest.console.dll, TestRequestSender is acting as server.
TpTrace Verbose: 0 : 12048, 1, 2024/03/05, 01:31:53.661, 2873506565026, vstest.console.dll, ParallelOperationManager.RunWorkInParallel: Adding 1 workload to slot, remaining workloads 0.
TpTrace Verbose: 0 : 12048, 1, 2024/03/05, 01:31:53.661, 2873506565526, vstest.console.dll, ParallelOperationManager.SetOccupiedSlotCount: Setting slot counts AvailableSlotCount = 0, OccupiedSlotCount = 1.
TpTrace Verbose: 0 : 12048, 1, 2024/03/05, 01:31:53.661, 2873506566416, vstest.console.dll, Occupied slots:
0: D:\CozyHaven\COZYHAVEN_PROJECT\COZYHAVENTEST\bin\Debug\net6.0\fine-code-coverage\build-output\COZYHAVENTEST.dll
TpTrace Verbose: 0 : 12048, 1, 2024/03/05, 01:31:53.662, 2873506576052, vstest.console.dll, ParallelOperationManager.RunWorkInParallel: Started host in slot number 0 for work (source): D:\CozyHaven\COZYHAVEN_PROJECT\COZYHAVENTEST\bin\Debug\net6.0\fine-code-coverage\build-output\COZYHAVENTEST.dll.
TpTrace Verbose: 0 : 12048, 1, 2024/03/05, 01:31:53.663, 2873506583131, vstest.console.dll, ParallelOperationManager.RunWorkInParallel: We started 1 work items, which is the max parallel level. Won't start more work.
TpTrace Verbose: 0 : 12048, 1, 2024/03/05, 01:31:53.663, 2873506583676, vstest.console.dll, ParallelOperationManager.RunWorkInParallel: We started 1 work items in here, returning True.
TpTrace Information: 0 : 12048, 1, 2024/03/05, 01:31:53.663, 2873506583963, vstest.console.dll, TestRunRequest.ExecuteAsync: Started.
TpTrace Verbose: 0 : 12048, 5, 2024/03/05, 01:31:53.663, 2873506585294, vstest.console.dll, ParallelProxyExecutionManager.StartTestRunOnConcurrentManager: Initializing uninitialized client. Started clients: 0
TpTrace Verbose: 0 : 12048, 5, 2024/03/05, 01:31:53.663, 2873506586438, vstest.console.dll, DataCollectionRequestSender.InitializeCommunication : Initialize communication. 
TpTrace Verbose: 0 : 12048, 1, 2024/03/05, 01:31:53.663, 2873506588145, vstest.console.dll, TestRunRequest.WaitForCompletion: Waiting with timeout -1.
TpTrace Information: 0 : 12048, 5, 2024/03/05, 01:31:53.672, 2873506671236, vstest.console.dll, Listening on Endpoint : 127.0.0.1:49751
TpTrace Verbose: 0 : 12048, 5, 2024/03/05, 01:31:53.680, 2873506754521, vstest.console.dll, DotnetDataCollectionLauncher: Adding  --runtimeconfig "C:\Program Files\dotnet\sdk\8.0.101\datacollector.runtimeconfig.json" in args
TpTrace Verbose: 0 : 12048, 5, 2024/03/05, 01:31:53.680, 2873506755741, vstest.console.dll, DotnetDataCollectionLauncher: Adding  --depsfile "C:\Program Files\dotnet\sdk\8.0.101\datacollector.deps.json" in args
TpTrace Verbose: 0 : 12048, 5, 2024/03/05, 01:31:53.680, 2873506756936, vstest.console.dll, DotnetDataCollectionLauncher: Full path of dotnet.exe is C:\Program Files\dotnet\dotnet.exe
TpTrace Information: 0 : 12048, 5, 2024/03/05, 01:31:53.689, 2873506842568, vstest.console.dll, ProxyDataCollectionManager.Initialize: Launched datacollector processId: 22188 port: 49751
TpTrace Information: 0 : 12048, 5, 2024/03/05, 01:31:53.689, 2873506843915, vstest.console.dll, ProxyDataCollectionManager.Initialize: waiting for connection with timeout: 90 seconds
TpTrace Verbose: 0 : 12048, 5, 2024/03/05, 01:31:53.689, 2873506844362, vstest.console.dll, DataCollectionRequestSender.WaitForRequestHandlerConnection : Waiting for connection with timeout: 90000
TpTrace Information: 0 : 12048, 7, 2024/03/05, 01:31:53.812, 2873508070979, vstest.console.dll, Using the buffer size of 16384 bytes
TpTrace Verbose: 0 : 12048, 5, 2024/03/05, 01:31:53.812, 2873508071087, vstest.console.dll, SocketCommunicationManager.WaitForClientConnection took: 122 ms, with 90000 ms timeout, and finished with True.
TpTrace Information: 0 : 12048, 7, 2024/03/05, 01:31:53.812, 2873508072077, vstest.console.dll, Accepted Client request and set the flag
TpTrace Verbose: 0 : 12048, 5, 2024/03/05, 01:31:53.812, 2873508072892, vstest.console.dll, ProxyDataCollectionManager.InvokeDataCollectionServiceAction: Starting.
TpTrace Information: 0 : 12048, 5, 2024/03/05, 01:31:53.812, 2873508074105, vstest.console.dll, ProxyDataCollectionManager.BeforeTestRunStart: Get environment variable and port for datacollector processId: 22188 port: 49751
TpTrace Verbose: 0 : 12048, 5, 2024/03/05, 01:31:53.812, 2873508074953, vstest.console.dll, DataCollectionRequestSender.SendBeforeTestRunStartAndGetResult: Send BeforeTestRunStart message with settingsXml <RunSettings><RunConfiguration><ResultsDirectory>D:\CozyHaven\COZYHAVEN_PROJECT\COZYHAVENTEST\bin\Debug\net6.0\fine-code-coverage\coverage-tool-output</ResultsDirectory><TargetPlatform>X64</TargetPlatform><TargetFrameworkVersion>.NETCoreApp,Version=v6.0</TargetFrameworkVersion><DesignMode>False</DesignMode><CollectSourceInformation>False</CollectSourceInformation><TestAdaptersPaths>C:\Program Files\dotnet\sdk\8.0.101\Extensions</TestAdaptersPaths></RunConfiguration><LoggerRunSettings><Loggers><Logger friendlyName="blame" enabled="True" /><Logger friendlyName="Console" uri="logger://microsoft/TestPlatform/ConsoleLogger/v1" assemblyQualifiedName="Microsoft.VisualStudio.TestPlatform.CommandLine.Internal.ConsoleLogger, vstest.console, Version=15.0.0.0, Culture=neutral, PublicKeyToken=b03f5f7f11d50a3a" codeBase="C:\Program Files\dotnet\sdk\8.0.101\vstest.console.dll" enabled="True" /></Loggers></LoggerRunSettings><DataCollectionRunSettings><DataCollectors><DataCollector friendlyName="blame" enabled="True"><Configuration><ResultsDirectory>D:\CozyHaven\COZYHAVEN_PROJECT\COZYHAVENTEST\bin\Debug\net6.0\fine-code-coverage\coverage-tool-output</ResultsDirectory></Configuration></DataCollector></DataCollectors></DataCollectionRunSettings></RunSettings> and sources System.Collections.Generic.List`1[System.String]: 
TpTrace Verbose: 0 : 12048, 5, 2024/03/05, 01:31:53.876, 2873508710033, vstest.console.dll, DataCollectionRequestSender.SendBeforeTestRunStartAndGetResult: Received message: (DataCollection.SendMessage) -> {"MessageType":"DataCollection.SendMessage","Payload":{"FriendlyName":null,"Uri":null,"TestCaseId":"00000000-0000-0000-0000-000000000000","Message":"Logging DataCollector Diagnostics in file: D:\\CozyHaven\\COZYHAVEN_PROJECT\\COZYHAVENTEST\\bin\\Debug\\net6.0\\fine-code-coverage\\coverage-tool-output\\diagnostics.datacollector.24-03-05_01-31-53_68038_5.log","Level":0}}
TpTrace Verbose: 0 : 12048, 5, 2024/03/05, 01:31:53.945, 2873509403740, vstest.console.dll, DataCollectionRequestSender.SendBeforeTestRunStartAndGetResult: Received message: (DataCollection.BeforeTestRunStartResult) -> {"MessageType":"DataCollection.BeforeTestRunStartResult","Payload":{"EnvironmentVariables":{},"DataCollectionEventsPort":49753}}
TpTrace Information: 0 : 12048, 5, 2024/03/05, 01:31:53.950, 2873509454999, vstest.console.dll, ProxyDataCollectionManager.BeforeTestRunStart: SendBeforeTestRunStartAndGetResult successful, env variable from datacollector:   and testhost port: 49753
TpTrace Information: 0 : 12048, 5, 2024/03/05, 01:31:53.950, 2873509455928, vstest.console.dll, ProxyDataCollectionManager.InvokeDataCollectionServiceAction: Completed.
TpTrace Verbose: 0 : 12048, 5, 2024/03/05, 01:31:53.950, 2873509456274, vstest.console.dll, ParallelProxyExecutionManager.StartTestRunOnConcurrentManager: Initializing test run. Started clients: 0
TpTrace Verbose: 0 : 12048, 5, 2024/03/05, 01:31:53.950, 2873509456948, vstest.console.dll, ProxyExecutionManager: Test host is always Lazy initialize.
TpTrace Verbose: 0 : 12048, 5, 2024/03/05, 01:31:53.950, 2873509458498, vstest.console.dll, TestRequestSender.InitializeCommunication: initialize communication. 
TpTrace Information: 0 : 12048, 5, 2024/03/05, 01:31:53.951, 2873509465022, vstest.console.dll, SocketServer.Start: Listening on endpoint : 127.0.0.1:49754
TpTrace Verbose: 0 : 12048, 5, 2024/03/05, 01:31:53.952, 2873509470163, vstest.console.dll, DotnetTestHostmanager.GetTestHostProcessStartInfo: Platform environment 'X64' target architecture 'X64' framework '.NETCoreApp,Version=v6.0' OS 'Windows'
TpTrace Verbose: 0 : 12048, 5, 2024/03/05, 01:31:53.952, 2873509471388, vstest.console.dll, DotnetTestHostmanager: Adding  --runtimeconfig "D:\CozyHaven\COZYHAVEN_PROJECT\COZYHAVENTEST\bin\Debug\net6.0\fine-code-coverage\build-output\COZYHAVENTEST.runtimeconfig.json" in args
TpTrace Verbose: 0 : 12048, 5, 2024/03/05, 01:31:53.952, 2873509471828, vstest.console.dll, DotnetTestHostmanager: Adding  --depsfile "D:\CozyHaven\COZYHAVEN_PROJECT\COZYHAVENTEST\bin\Debug\net6.0\fine-code-coverage\build-output\COZYHAVENTEST.deps.json" in args
TpTrace Verbose: 0 : 12048, 5, 2024/03/05, 01:31:53.952, 2873509473808, vstest.console.dll, DotnetTestHostmanager.IsWinOnArm: Current PROCESSOR_ARCHITECTURE from environment variable 'AMD64'
TpTrace Verbose: 0 : 12048, 5, 2024/03/05, 01:31:53.952, 2873509474317, vstest.console.dll, DotnetTestHostmanager.IsWinOnArm: Is Windows on ARM 'False'
TpTrace Verbose: 0 : 12048, 5, 2024/03/05, 01:31:53.952, 2873509474762, vstest.console.dll, DotnetTestHostManager: testhost.exe found at path: D:\CozyHaven\COZYHAVEN_PROJECT\COZYHAVENTEST\bin\Debug\net6.0\fine-code-coverage\build-output\testhost.exe
TpTrace Verbose: 0 : 12048, 5, 2024/03/05, 01:31:53.952, 2873509475067, vstest.console.dll, DotnetTestHostmanager: Full path of host exe is D:\CozyHaven\COZYHAVEN_PROJECT\COZYHAVENTEST\bin\Debug\net6.0\fine-code-coverage\build-output\testhost.exe
TpTrace Verbose: 0 : 12048, 5, 2024/03/05, 01:31:53.952, 2873509475920, vstest.console.dll, DotnetTestHostmanager.LaunchTestHostAsync: Found 'VSTEST_WINAPPHOST_DOTNET_ROOT' in env variables, value 'C:\Program Files\dotnet', forwarding to 'DOTNET_ROOT'
TpTrace Verbose: 0 : 12048, 5, 2024/03/05, 01:31:53.952, 2873509476933, vstest.console.dll, DotnetTestHostManager: Starting process 'D:\CozyHaven\COZYHAVEN_PROJECT\COZYHAVENTEST\bin\Debug\net6.0\fine-code-coverage\build-output\testhost.exe' with command line ' --runtimeconfig "D:\CozyHaven\COZYHAVEN_PROJECT\COZYHAVENTEST\bin\Debug\net6.0\fine-code-coverage\build-output\COZYHAVENTEST.runtimeconfig.json" --depsfile "D:\CozyHaven\COZYHAVEN_PROJECT\COZYHAVENTEST\bin\Debug\net6.0\fine-code-coverage\build-output\COZYHAVENTEST.deps.json" --port 49754 --endpoint 127.0.0.1:049754 --role client --parentprocessid 12048 --diag "D:\CozyHaven\COZYHAVEN_PROJECT\COZYHAVENTEST\bin\Debug\net6.0\fine-code-coverage\coverage-tool-output\diagnostics.host.24-03-05_01-31-53_95191_5.log" --tracelevel 4 --datacollectionport 49753 --telemetryoptedin false'
TpTrace Verbose: 0 : 12048, 5, 2024/03/05, 01:31:53.964, 2873509591863, vstest.console.dll, MulticastDelegateUtilities.SafeInvoke: HostProviderEvents.OnHostLaunched: Invoking callback 1/2 for Microsoft.VisualStudio.TestPlatform.CrossPlatEngine.Client.ProxyExecutionManagerWithDataCollection., took 0 ms.
TpTrace Verbose: 0 : 12048, 5, 2024/03/05, 01:31:53.964, 2873509594270, vstest.console.dll, Test Runtime launched
TpTrace Verbose: 0 : 12048, 5, 2024/03/05, 01:31:53.964, 2873509594826, vstest.console.dll, MulticastDelegateUtilities.SafeInvoke: HostProviderEvents.OnHostLaunched: Invoking callback 2/2 for Microsoft.VisualStudio.TestPlatform.CrossPlatEngine.Client.ProxyOperationManager., took 0 ms.
TpTrace Verbose: 0 : 12048, 5, 2024/03/05, 01:31:53.964, 2873509595833, vstest.console.dll, TestRequestSender.WaitForRequestHandlerConnection: waiting for connection with timeout: 90000.
TpTrace Verbose: 0 : 12048, 7, 2024/03/05, 01:31:54.168, 2873511637860, vstest.console.dll, MulticastDelegateUtilities.SafeInvoke: SocketServer: ClientConnected: Invoking callback 1/1 for Microsoft.VisualStudio.TestPlatform.CommunicationUtilities.TestRequestSender., took 0 ms.
TpTrace Verbose: 0 : 12048, 5, 2024/03/05, 01:31:54.168, 2873511637861, vstest.console.dll, TestRequestSender.WaitForRequestHandlerConnection: waiting took 204 ms, with timeout 90000 ms, and result 0, which is success.
TpTrace Verbose: 0 : 12048, 7, 2024/03/05, 01:31:54.169, 2873511639565, vstest.console.dll, SocketServer.OnClientConnected: Client connected for endPoint: 127.0.0.1:49754, starting MessageLoopAsync:
TpTrace Verbose: 0 : 12048, 7, 2024/03/05, 01:31:54.169, 2873511646405, vstest.console.dll, TcpClientExtensions.MessageLoopAsync: Polling on remoteEndPoint: 127.0.0.1:49755 localEndPoint: 127.0.0.1:49754
TpTrace Verbose: 0 : 12048, 5, 2024/03/05, 01:31:54.170, 2873511651472, vstest.console.dll, TestRequestSender.CheckVersionWithTestHost: Sending check version message: {"MessageType":"ProtocolVersion","Payload":7}
TpTrace Verbose: 0 : 12048, 7, 2024/03/05, 01:31:54.321, 2873513168087, vstest.console.dll, TcpClientExtensions.MessageLoopAsync: NotifyDataAvailable remoteEndPoint: 127.0.0.1:49755 localEndPoint: 127.0.0.1:49754
TpTrace Verbose: 0 : 12048, 7, 2024/03/05, 01:31:54.322, 2873513172665, vstest.console.dll, TestRequestSender.CheckVersionWithTestHost: onMessageReceived received message: (ProtocolVersion) -> {"MessageType":"ProtocolVersion","Payload":7}
TpTrace Verbose: 0 : 12048, 7, 2024/03/05, 01:31:54.323, 2873513179876, vstest.console.dll, MulticastDelegateUtilities.SafeInvoke: LengthPrefixCommunicationChannel: MessageReceived: Invoking callback 1/1 for Microsoft.VisualStudio.TestPlatform.CommunicationUtilities.TestRequestSender+<>c__DisplayClass29_0., took 0 ms.
TpTrace Verbose: 0 : 12048, 5, 2024/03/05, 01:31:54.323, 2873513180494, vstest.console.dll, TestPluginCache.GetExtensionPaths: Filtered extension paths: 
TpTrace Verbose: 0 : 12048, 5, 2024/03/05, 01:31:54.323, 2873513181070, vstest.console.dll, TestPluginCache.GetExtensionPaths: Added default extension paths: C:\Program Files\dotnet\sdk\8.0.101\Extensions\Microsoft.Diagnostics.NETCore.Client.dll
C:\Program Files\dotnet\sdk\8.0.101\Extensions\Microsoft.TestPlatform.Extensions.BlameDataCollector.dll
C:\Program Files\dotnet\sdk\8.0.101\Extensions\Microsoft.TestPlatform.Extensions.EventLogCollector.dll
C:\Program Files\dotnet\sdk\8.0.101\Extensions\Microsoft.TestPlatform.TestHostRuntimeProvider.dll
C:\Program Files\dotnet\sdk\8.0.101\Extensions\Microsoft.VisualStudio.TestPlatform.Extensions.Html.TestLogger.dll
C:\Program Files\dotnet\sdk\8.0.101\Extensions\Microsoft.VisualStudio.TestPlatform.Extensions.Trx.TestLogger.dll
TpTrace Verbose: 0 : 12048, 7, 2024/03/05, 01:31:54.323, 2873513180540, vstest.console.dll, TcpClientExtensions.MessageLoopAsync: Polling on remoteEndPoint: 127.0.0.1:49755 localEndPoint: 127.0.0.1:49754
TpTrace Verbose: 0 : 12048, 5, 2024/03/05, 01:31:54.323, 2873513181352, vstest.console.dll, TestPluginCache.GetExtensionPaths: Added unfilterableExtensionPaths: 
TpTrace Verbose: 0 : 12048, 5, 2024/03/05, 01:31:54.325, 2873513203161, vstest.console.dll, TestRequestSender.InitializeExecution: Sending initialize execution with message: {"Version":7,"MessageType":"TestExecution.Initialize","Payload":["D:\\CozyHaven\\COZYHAVEN_PROJECT\\COZYHAVENTEST\\bin\\Debug\\net6.0\\fine-code-coverage\\build-output\\NUnit3.TestAdapter.dll"]}
TpTrace Verbose: 0 : 12048, 5, 2024/03/05, 01:31:54.325, 2873513205377, vstest.console.dll, ParallelProxyExecutionManager.StartTestRunOnConcurrentManager: Execution starting. Started clients: 1
TpTrace Verbose: 0 : 12048, 5, 2024/03/05, 01:31:54.326, 2873513211261, vstest.console.dll, TestRunRequest:SendTestRunMessage: Starting.
TpTrace Verbose: 0 : 12048, 5, 2024/03/05, 01:31:54.326, 2873513212500, vstest.console.dll, MulticastDelegateUtilities.SafeInvoke: TestRun.LogMessages: Invoking callback 1/1 for Microsoft.VisualStudio.TestPlatform.CommandLine.TestRunResultAggregator., took 0 ms.
TpTrace Information: 0 : 12048, 5, 2024/03/05, 01:31:54.326, 2873513213112, vstest.console.dll, TestRunRequest:SendTestRunMessage: Completed.
TpTrace Verbose: 0 : 12048, 4, 2024/03/05, 01:31:54.326, 2873513214615, vstest.console.dll, MulticastDelegateUtilities.SafeInvoke: InternalTestLoggerEvents.SendTestRunMessage: Invoking callback 1/1 for Microsoft.VisualStudio.TestPlatform.CommandLine.Internal.ConsoleLogger., took 0 ms.
TpTrace Verbose: 0 : 12048, 7, 2024/03/05, 01:31:54.326, 2873513216245, vstest.console.dll, TcpClientExtensions.MessageLoopAsync: NotifyDataAvailable remoteEndPoint: 127.0.0.1:49755 localEndPoint: 127.0.0.1:49754
TpTrace Verbose: 0 : 12048, 7, 2024/03/05, 01:31:54.326, 2873513216786, vstest.console.dll, LengthPrefixCommunicationChannel.NotifyDataAvailable: New data are waiting to be received, but there is no subscriber to be notified. Not reading them from the stream.
TpTrace Verbose: 0 : 12048, 7, 2024/03/05, 01:31:54.326, 2873513217059, vstest.console.dll, TcpClientExtensions.MessageLoopAsync: Polling on remoteEndPoint: 127.0.0.1:49755 localEndPoint: 127.0.0.1:49754
TpTrace Verbose: 0 : 12048, 7, 2024/03/05, 01:31:54.326, 2873513217364, vstest.console.dll, TcpClientExtensions.MessageLoopAsync: NotifyDataAvailable remoteEndPoint: 127.0.0.1:49755 localEndPoint: 127.0.0.1:49754
TpTrace Verbose: 0 : 12048, 7, 2024/03/05, 01:31:54.326, 2873513218362, vstest.console.dll, LengthPrefixCommunicationChannel.NotifyDataAvailable: New data are waiting to be received, but there is no subscriber to be notified. Not reading them from the stream.
TpTrace Warning: 0 : 12048, 5, 2024/03/05, 01:31:54.326, 2873513218503, vstest.console.dll, InferRunSettingsHelper.MakeRunsettingsCompatible: Removing the following settings: TargetPlatform from RunSettings file. To use those settings please move to latest version of Microsoft.NET.Test.Sdk
TpTrace Verbose: 0 : 12048, 7, 2024/03/05, 01:31:54.327, 2873513218648, vstest.console.dll, TcpClientExtensions.MessageLoopAsync: Polling on remoteEndPoint: 127.0.0.1:49755 localEndPoint: 127.0.0.1:49754
TpTrace Verbose: 0 : 12048, 7, 2024/03/05, 01:31:54.327, 2873513219865, vstest.console.dll, TcpClientExtensions.MessageLoopAsync: NotifyDataAvailable remoteEndPoint: 127.0.0.1:49755 localEndPoint: 127.0.0.1:49754
TpTrace Verbose: 0 : 12048, 7, 2024/03/05, 01:31:54.327, 2873513220131, vstest.console.dll, LengthPrefixCommunicationChannel.NotifyDataAvailable: New data are waiting to be received, but there is no subscriber to be notified. Not reading them from the stream.
TpTrace Verbose: 0 : 12048, 7, 2024/03/05, 01:31:54.327, 2873513220354, vstest.console.dll, TcpClientExtensions.MessageLoopAsync: Polling on remoteEndPoint: 127.0.0.1:49755 localEndPoint: 127.0.0.1:49754
TpTrace Verbose: 0 : 12048, 7, 2024/03/05, 01:31:54.327, 2873513220590, vstest.console.dll, TcpClientExtensions.MessageLoopAsync: NotifyDataAvailable remoteEndPoint: 127.0.0.1:49755 localEndPoint: 127.0.0.1:49754
TpTrace Verbose: 0 : 12048, 7, 2024/03/05, 01:31:54.327, 2873513220831, vstest.console.dll, LengthPrefixCommunicationChannel.NotifyDataAvailable: New data are waiting to be received, but there is no subscriber to be notified. Not reading them from the stream.
TpTrace Verbose: 0 : 12048, 7, 2024/03/05, 01:31:54.327, 2873513221089, vstest.console.dll, TcpClientExtensions.MessageLoopAsync: Polling on remoteEndPoint: 127.0.0.1:49755 localEndPoint: 127.0.0.1:49754
TpTrace Verbose: 0 : 12048, 7, 2024/03/05, 01:31:54.327, 2873513221330, vstest.console.dll, TcpClientExtensions.MessageLoopAsync: NotifyDataAvailable remoteEndPoint: 127.0.0.1:49755 localEndPoint: 127.0.0.1:49754
TpTrace Verbose: 0 : 12048, 7, 2024/03/05, 01:31:54.327, 2873513221538, vstest.console.dll, LengthPrefixCommunicationChannel.NotifyDataAvailable: New data are waiting to be received, but there is no subscriber to be notified. Not reading them from the stream.
TpTrace Verbose: 0 : 12048, 7, 2024/03/05, 01:31:54.327, 2873513221741, vstest.console.dll, TcpClientExtensions.MessageLoopAsync: Polling on remoteEndPoint: 127.0.0.1:49755 localEndPoint: 127.0.0.1:49754
TpTrace Verbose: 0 : 12048, 7, 2024/03/05, 01:31:54.327, 2873513221967, vstest.console.dll, TcpClientExtensions.MessageLoopAsync: NotifyDataAvailable remoteEndPoint: 127.0.0.1:49755 localEndPoint: 127.0.0.1:49754
TpTrace Verbose: 0 : 12048, 7, 2024/03/05, 01:31:54.327, 2873513223882, vstest.console.dll, TestRequestSender.OnExecutionMessageReceived: Received message: {"Version":7,"MessageType":"TestSession.Message","Payload":{"MessageLevel":0,"Message":"Logging TestHost Diagnostics in file: D:\\CozyHaven\\COZYHAVEN_PROJECT\\COZYHAVENTEST\\bin\\Debug\\net6.0\\fine-code-coverage\\coverage-tool-output\\diagnostics.host.24-03-05_01-31-53_95191_5.log"}}
TpTrace Verbose: 0 : 12048, 7, 2024/03/05, 01:31:54.329, 2873513247027, vstest.console.dll, TestRunRequest:SendTestRunMessage: Starting.
TpTrace Verbose: 0 : 12048, 7, 2024/03/05, 01:31:54.330, 2873513248630, vstest.console.dll, MulticastDelegateUtilities.SafeInvoke: TestRun.LogMessages: Invoking callback 1/1 for Microsoft.VisualStudio.TestPlatform.CommandLine.TestRunResultAggregator., took 0 ms.
TpTrace Verbose: 0 : 12048, 4, 2024/03/05, 01:31:54.330, 2873513248871, vstest.console.dll, MulticastDelegateUtilities.SafeInvoke: InternalTestLoggerEvents.SendTestRunMessage: Invoking callback 1/1 for Microsoft.VisualStudio.TestPlatform.CommandLine.Internal.ConsoleLogger., took 0 ms.
TpTrace Information: 0 : 12048, 7, 2024/03/05, 01:31:54.330, 2873513248972, vstest.console.dll, TestRunRequest:SendTestRunMessage: Completed.
TpTrace Verbose: 0 : 12048, 7, 2024/03/05, 01:31:54.330, 2873513250553, vstest.console.dll, MulticastDelegateUtilities.SafeInvoke: LengthPrefixCommunicationChannel: MessageReceived: Invoking callback 1/1 for Microsoft.VisualStudio.TestPlatform.CommunicationUtilities.TestRequestSender+<>c__DisplayClass34_0., took 2 ms.
TpTrace Verbose: 0 : 12048, 7, 2024/03/05, 01:31:54.330, 2873513250908, vstest.console.dll, TcpClientExtensions.MessageLoopAsync: Polling on remoteEndPoint: 127.0.0.1:49755 localEndPoint: 127.0.0.1:49754
TpTrace Verbose: 0 : 12048, 5, 2024/03/05, 01:31:54.339, 2873513346586, vstest.console.dll, TestRequestSender.StartTestRun: Sending test run with message: {"Version":7,"MessageType":"TestExecution.StartWithSources","Payload":{"AdapterSourceMap":{"_none_":["D:\\CozyHaven\\COZYHAVEN_PROJECT\\COZYHAVENTEST\\bin\\Debug\\net6.0\\fine-code-coverage\\build-output\\COZYHAVENTEST.dll"]},"RunSettings":"<RunSettings>\r\n  <RunConfiguration>\r\n    <ResultsDirectory>D:\\CozyHaven\\COZYHAVEN_PROJECT\\COZYHAVENTEST\\bin\\Debug\\net6.0\\fine-code-coverage\\coverage-tool-output</ResultsDirectory>\r\n    <TargetFrameworkVersion>.NETCoreApp,Version=v6.0</TargetFrameworkVersion>\r\n    <DesignMode>False</DesignMode>\r\n    <CollectSourceInformation>False</CollectSourceInformation>\r\n  </RunConfiguration>\r\n  <LoggerRunSettings>\r\n    <Loggers>\r\n      <Logger friendlyName=\"blame\" enabled=\"True\" />\r\n      <Logger friendlyName=\"Console\" uri=\"logger://microsoft/TestPlatform/ConsoleLogger/v1\" assemblyQualifiedName=\"Microsoft.VisualStudio.TestPlatform.CommandLine.Internal.ConsoleLogger, vstest.console, Version=15.0.0.0, Culture=neutral, PublicKeyToken=b03f5f7f11d50a3a\" codeBase=\"C:\\Program Files\\dotnet\\sdk\\8.0.101\\vstest.console.dll\" enabled=\"True\" />\r\n    </Loggers>\r\n  </LoggerRunSettings>\r\n  <DataCollectionRunSettings>\r\n    <DataCollectors>\r\n      <DataCollector friendlyName=\"blame\" enabled=\"True\">\r\n        <Configuration>\r\n          <ResultsDirectory>D:\\CozyHaven\\COZYHAVEN_PROJECT\\COZYHAVENTEST\\bin\\Debug\\net6.0\\fine-code-coverage\\coverage-tool-output</ResultsDirectory>\r\n        </Configuration>\r\n      </DataCollector>\r\n    </DataCollectors>\r\n  </DataCollectionRunSettings>\r\n</RunSettings>","TestExecutionContext":{"FrequencyOfRunStatsChangeEvent":10,"RunStatsChangeEventTimeout":"00:00:01.5000000","InIsolation":false,"KeepAlive":false,"AreTestCaseLevelEventsRequired":false,"IsDebug":false,"TestCaseFilter":null,"FilterOptions":null},"Package":null}}
TpTrace Verbose: 0 : 12048, 5, 2024/03/05, 01:31:54.340, 2873513349616, vstest.console.dll, ParallelProxyExecutionManager.StartTestRunOnConcurrentManager: Execution started. Started clients: 1
TpTrace Verbose: 0 : 12048, 7, 2024/03/05, 01:31:54.484, 2873514791688, vstest.console.dll, TcpClientExtensions.MessageLoopAsync: NotifyDataAvailable remoteEndPoint: 127.0.0.1:49755 localEndPoint: 127.0.0.1:49754
TpTrace Verbose: 0 : 12048, 7, 2024/03/05, 01:31:54.484, 2873514793168, vstest.console.dll, TestRequestSender.OnExecutionMessageReceived: Received message: {"Version":7,"MessageType":"TestSession.Message","Payload":{"MessageLevel":0,"Message":"NUnit Adapter 4.4.0.0: Test execution started"}}
TpTrace Verbose: 0 : 12048, 7, 2024/03/05, 01:31:54.484, 2873514794947, vstest.console.dll, TestRunRequest:SendTestRunMessage: Starting.
TpTrace Verbose: 0 : 12048, 7, 2024/03/05, 01:31:54.484, 2873514795609, vstest.console.dll, MulticastDelegateUtilities.SafeInvoke: TestRun.LogMessages: Invoking callback 1/1 for Microsoft.VisualStudio.TestPlatform.CommandLine.TestRunResultAggregator., took 0 ms.
TpTrace Verbose: 0 : 12048, 4, 2024/03/05, 01:31:54.484, 2873514795805, vstest.console.dll, MulticastDelegateUtilities.SafeInvoke: InternalTestLoggerEvents.SendTestRunMessage: Invoking callback 1/1 for Microsoft.VisualStudio.TestPlatform.CommandLine.Internal.ConsoleLogger., took 0 ms.
TpTrace Information: 0 : 12048, 7, 2024/03/05, 01:31:54.484, 2873514795960, vstest.console.dll, TestRunRequest:SendTestRunMessage: Completed.
TpTrace Verbose: 0 : 12048, 7, 2024/03/05, 01:31:54.484, 2873514796969, vstest.console.dll, MulticastDelegateUtilities.SafeInvoke: LengthPrefixCommunicationChannel: MessageReceived: Invoking callback 1/1 for Microsoft.VisualStudio.TestPlatform.CommunicationUtilities.TestRequestSender+<>c__DisplayClass34_0., took 0 ms.
TpTrace Verbose: 0 : 12048, 7, 2024/03/05, 01:31:54.484, 2873514797264, vstest.console.dll, TcpClientExtensions.MessageLoopAsync: Polling on remoteEndPoint: 127.0.0.1:49755 localEndPoint: 127.0.0.1:49754
TpTrace Verbose: 0 : 12048, 7, 2024/03/05, 01:31:54.512, 2873515073070, vstest.console.dll, TcpClientExtensions.MessageLoopAsync: NotifyDataAvailable remoteEndPoint: 127.0.0.1:49755 localEndPoint: 127.0.0.1:49754
TpTrace Verbose: 0 : 12048, 7, 2024/03/05, 01:31:54.512, 2873515076020, vstest.console.dll, TestRequestSender.OnExecutionMessageReceived: Received message: {"Version":7,"MessageType":"TestSession.Message","Payload":{"MessageLevel":0,"Message":"Running all tests in D:\\CozyHaven\\COZYHAVEN_PROJECT\\COZYHAVENTEST\\bin\\Debug\\net6.0\\fine-code-coverage\\build-output\\COZYHAVENTEST.dll"}}
TpTrace Verbose: 0 : 12048, 7, 2024/03/05, 01:31:54.512, 2873515078139, vstest.console.dll, TestRunRequest:SendTestRunMessage: Starting.
TpTrace Verbose: 0 : 12048, 7, 2024/03/05, 01:31:54.513, 2873515079087, vstest.console.dll, MulticastDelegateUtilities.SafeInvoke: TestRun.LogMessages: Invoking callback 1/1 for Microsoft.VisualStudio.TestPlatform.CommandLine.TestRunResultAggregator., took 0 ms.
TpTrace Verbose: 0 : 12048, 4, 2024/03/05, 01:31:54.513, 2873515079228, vstest.console.dll, MulticastDelegateUtilities.SafeInvoke: InternalTestLoggerEvents.SendTestRunMessage: Invoking callback 1/1 for Microsoft.VisualStudio.TestPlatform.CommandLine.Internal.ConsoleLogger., took 0 ms.
TpTrace Information: 0 : 12048, 7, 2024/03/05, 01:31:54.513, 2873515079695, vstest.console.dll, TestRunRequest:SendTestRunMessage: Completed.
TpTrace Verbose: 0 : 12048, 7, 2024/03/05, 01:31:54.513, 2873515080752, vstest.console.dll, MulticastDelegateUtilities.SafeInvoke: LengthPrefixCommunicationChannel: MessageReceived: Invoking callback 1/1 for Microsoft.VisualStudio.TestPlatform.CommunicationUtilities.TestRequestSender+<>c__DisplayClass34_0., took 0 ms.
TpTrace Verbose: 0 : 12048, 7, 2024/03/05, 01:31:54.513, 2873515081116, vstest.console.dll, TcpClientExtensions.MessageLoopAsync: Polling on remoteEndPoint: 127.0.0.1:49755 localEndPoint: 127.0.0.1:49754
TpTrace Verbose: 0 : 12048, 7, 2024/03/05, 01:31:55.517, 2873525124105, vstest.console.dll, TcpClientExtensions.MessageLoopAsync: Polling on remoteEndPoint: 127.0.0.1:49755 localEndPoint: 127.0.0.1:49754
TpTrace Verbose: 0 : 12048, 7, 2024/03/05, 01:31:56.518, 2873535129845, vstest.console.dll, TcpClientExtensions.MessageLoopAsync: NotifyDataAvailable remoteEndPoint: 127.0.0.1:49755 localEndPoint: 127.0.0.1:49754
TpTrace Verbose: 0 : 12048, 7, 2024/03/05, 01:31:56.518, 2873535131515, vstest.console.dll, TestRequestSender.OnExecutionMessageReceived: Received message: {"Version":7,"MessageType":"TestSession.Message","Payload":{"MessageLevel":0,"Message":"   NUnit3TestExecutor discovered 73 of 73 NUnit test cases using Current Discovery mode, Non-Explicit run"}}
TpTrace Verbose: 0 : 12048, 7, 2024/03/05, 01:31:56.518, 2873535132722, vstest.console.dll, TestRunRequest:SendTestRunMessage: Starting.
TpTrace Verbose: 0 : 12048, 7, 2024/03/05, 01:31:56.518, 2873535133349, vstest.console.dll, MulticastDelegateUtilities.SafeInvoke: TestRun.LogMessages: Invoking callback 1/1 for Microsoft.VisualStudio.TestPlatform.CommandLine.TestRunResultAggregator., took 0 ms.
TpTrace Verbose: 0 : 12048, 4, 2024/03/05, 01:31:56.518, 2873535133620, vstest.console.dll, MulticastDelegateUtilities.SafeInvoke: InternalTestLoggerEvents.SendTestRunMessage: Invoking callback 1/1 for Microsoft.VisualStudio.TestPlatform.CommandLine.Internal.ConsoleLogger., took 0 ms.
TpTrace Information: 0 : 12048, 7, 2024/03/05, 01:31:56.518, 2873535133940, vstest.console.dll, TestRunRequest:SendTestRunMessage: Completed.
TpTrace Verbose: 0 : 12048, 7, 2024/03/05, 01:31:56.518, 2873535135181, vstest.console.dll, MulticastDelegateUtilities.SafeInvoke: LengthPrefixCommunicationChannel: MessageReceived: Invoking callback 1/1 for Microsoft.VisualStudio.TestPlatform.CommunicationUtilities.TestRequestSender+<>c__DisplayClass34_0., took 0 ms.
TpTrace Verbose: 0 : 12048, 7, 2024/03/05, 01:31:56.518, 2873535135567, vstest.console.dll, TcpClientExtensions.MessageLoopAsync: Polling on remoteEndPoint: 127.0.0.1:49755 localEndPoint: 127.0.0.1:49754
TpTrace Verbose: 0 : 12048, 7, 2024/03/05, 01:31:56.577, 2873535727431, vstest.console.dll, TcpClientExtensions.MessageLoopAsync: NotifyDataAvailable remoteEndPoint: 127.0.0.1:49755 localEndPoint: 127.0.0.1:49754
TpTrace Verbose: 0 : 12048, 7, 2024/03/05, 01:31:56.578, 2873535729425, vstest.console.dll, TestRequestSender.OnExecutionMessageReceived: Received message: {"Version":7,"MessageType":"TestExecution.StatsChange","Payload":{"NewTestResults":[],"TestRunStatistics":{"ExecutedTests":0,"Stats":{}},"ActiveTests":[{"Id":"a9b7e9df-4b84-37a3-e81a-971b123db447","FullyQualifiedName":"COZYHAVENTEST.AmenityServiceTest.AddAmenity_ValidAmenity_ReturnsAmenity","DisplayName":"AddAmenity_ValidAmenity_ReturnsAmenity","ExecutorUri":"executor://NUnit3TestExecutor","Source":"D:\\CozyHaven\\COZYHAVEN_PROJECT\\COZYHAVENTEST\\bin\\Debug\\net6.0\\fine-code-coverage\\build-output\\COZYHAVENTEST.dll","CodeFilePath":null,"LineNumber":0,"Properties":[{"Key":{"Id":"NUnit.Seed","Label":"Seed","Category":"","Description":"","Attributes":0,"ValueType":"System.String"},"Value":"1692803846"}]}]}}
TpTrace Verbose: 0 : 12048, 7, 2024/03/05, 01:31:56.593, 2873535879287, vstest.console.dll, TestRunRequest:SendTestRunStatsChange: Starting.
TpTrace Verbose: 0 : 12048, 7, 2024/03/05, 01:31:56.593, 2873535880964, vstest.console.dll, InProgress is AddAmenity_ValidAmenity_ReturnsAmenity
TpTrace Verbose: 0 : 12048, 7, 2024/03/05, 01:31:56.593, 2873535881910, vstest.console.dll, MulticastDelegateUtilities.SafeInvoke: TestRun.RunStatsChanged: Invoking callbacks was skipped because there are no subscribers.
TpTrace Information: 0 : 12048, 7, 2024/03/05, 01:31:56.593, 2873535882245, vstest.console.dll, TestRunRequest:SendTestRunStatsChange: Completed.
TpTrace Verbose: 0 : 12048, 7, 2024/03/05, 01:31:56.593, 2873535882540, vstest.console.dll, MulticastDelegateUtilities.SafeInvoke: LengthPrefixCommunicationChannel: MessageReceived: Invoking callback 1/1 for Microsoft.VisualStudio.TestPlatform.CommunicationUtilities.TestRequestSender+<>c__DisplayClass34_0., took 15 ms.
TpTrace Verbose: 0 : 12048, 7, 2024/03/05, 01:31:56.593, 2873535882859, vstest.console.dll, TcpClientExtensions.MessageLoopAsync: Polling on remoteEndPoint: 127.0.0.1:49755 localEndPoint: 127.0.0.1:49754
TpTrace Verbose: 0 : 12048, 7, 2024/03/05, 01:31:57.597, 2873545918871, vstest.console.dll, TcpClientExtensions.MessageLoopAsync: Polling on remoteEndPoint: 127.0.0.1:49755 localEndPoint: 127.0.0.1:49754
TpTrace Verbose: 0 : 12048, 7, 2024/03/05, 01:31:57.708, 2873547032555, vstest.console.dll, TcpClientExtensions.MessageLoopAsync: NotifyDataAvailable remoteEndPoint: 127.0.0.1:49755 localEndPoint: 127.0.0.1:49754
TpTrace Verbose: 0 : 12048, 7, 2024/03/05, 01:31:57.708, 2873547036534, vstest.console.dll, TestRequestSender.OnExecutionMessageReceived: Received message: {"Version":7,"MessageType":"TestExecution.StatsChange","Payload":{"NewTestResults":[{"TestCase":{"Id":"a9b7e9df-4b84-37a3-e81a-971b123db447","FullyQualifiedName":"COZYHAVENTEST.AmenityServiceTest.AddAmenity_ValidAmenity_ReturnsAmenity","DisplayName":"AddAmenity_ValidAmenity_ReturnsAmenity","ExecutorUri":"executor://NUnit3TestExecutor","Source":"D:\\CozyHaven\\COZYHAVEN_PROJECT\\COZYHAVENTEST\\bin\\Debug\\net6.0\\fine-code-coverage\\build-output\\COZYHAVENTEST.dll","CodeFilePath":null,"LineNumber":0,"Properties":[{"Key":{"Id":"NUnit.Seed","Label":"Seed","Category":"","Description":"","Attributes":0,"ValueType":"System.String"},"Value":"1692803846"}]},"Attachments":[],"Outcome":1,"ErrorMessage":null,"ErrorStackTrace":null,"DisplayName":"AddAmenity_ValidAmenity_ReturnsAmenity","Messages":[],"ComputerName":"TUSH-R","Duration":"00:00:00.1096750","StartTime":"2024-03-04T20:01:56.5439253+00:00","EndTime":"2024-03-04T20:01:56.6535309+00:00","Properties":[{"Key":{"Id":"NUnit.Seed","Label":"Seed","Category":"","Description":"","Attributes":0,"ValueType":"System.String"},"Value":"1692803846"}]},{"TestCase":{"Id":"caea4afd-380d-447f-4923-f883e097161c","FullyQualifiedName":"COZYHAVENTEST.AmenityServiceTest.DeleteAmenity_ExistingAmenityId_ReturnsDeletedAmenity","DisplayName":"DeleteAmenity_ExistingAmenityId_ReturnsDeletedAmenity","ExecutorUri":"executor://NUnit3TestExecutor","Source":"D:\\CozyHaven\\COZYHAVEN_PROJECT\\COZYHAVENTEST\\bin\\Debug\\net6.0\\fine-code-coverage\\build-output\\COZYHAVENTEST.dll","CodeFilePath":null,"LineNumber":0,"Properties":[{"Key":{"Id":"NUnit.Seed","Label":"Seed","Category":"","Description":"","Attributes":0,"ValueType":"System.String"},"Value":"740268840"}]},"Attachments":[],"Outcome":1,"ErrorMessage":null,"ErrorStackTrace":null,"DisplayName":"DeleteAmenity_ExistingAmenityId_ReturnsDeletedAmenity","Messages":[],"ComputerName":"TUSH-R","Duration":"00:00:00.0061470","StartTime":"2024-03-04T20:01:56.6548729+00:00","EndTime":"2024-03-04T20:01:56.6610198+00:00","Properties":[{"Key":{"Id":"NUnit.Seed","Label":"Seed","Category":"","Description":"","Attributes":0,"ValueType":"System.String"},"Value":"740268840"}]},{"TestCase":{"Id":"abf5359f-8435-12cd-d9b5-110b16c9cc1b","FullyQualifiedName":"COZYHAVENTEST.AmenityServiceTest.GetAllAmenities_ReturnsListOfAmenities","DisplayName":"GetAllAmenities_ReturnsListOfAmenities","ExecutorUri":"executor://NUnit3TestExecutor","Source":"D:\\CozyHaven\\COZYHAVEN_PROJECT\\COZYHAVENTEST\\bin\\Debug\\net6.0\\fine-code-coverage\\build-output\\COZYHAVENTEST.dll","CodeFilePath":null,"LineNumber":0,"Properties":[{"Key":{"Id":"NUnit.Seed","Label":"Seed","Category":"","Description":"","Attributes":0,"ValueType":"System.String"},"Value":"733052122"}]},"Attachments":[],"Outcome":1,"ErrorMessage":null,"ErrorStackTrace":null,"DisplayName":"GetAllAmenities_ReturnsListOfAmenities","Messages":[],"ComputerName":"TUSH-R","Duration":"00:00:00.0014250","StartTime":"2024-03-04T20:01:56.6610465+00:00","EndTime":"2024-03-04T20:01:56.6624715+00:00","Properties":[{"Key":{"Id":"NUnit.Seed","Label":"Seed","Category":"","Description":"","Attributes":0,"ValueType":"System.String"},"Value":"733052122"}]},{"TestCase":{"Id":"ec2d3c53-e842-b4f2-8934-507ff6869c94","FullyQualifiedName":"COZYHAVENTEST.AmenityServiceTest.GetAmenity_ExistingAmenityId_ReturnsAmenity","DisplayName":"GetAmenity_ExistingAmenityId_ReturnsAmenity","ExecutorUri":"executor://NUnit3TestExecutor","Source":"D:\\CozyHaven\\COZYHAVEN_PROJECT\\COZYHAVENTEST\\bin\\Debug\\net6.0\\fine-code-coverage\\build-output\\COZYHAVENTEST.dll","CodeFilePath":null,"LineNumber":0,"Properties":[{"Key":{"Id":"NUnit.Seed","Label":"Seed","Category":"","Description":"","Attributes":0,"ValueType":"System.String"},"Value":"373543597"}]},"Attachments":[],"Outcome":1,"ErrorMessage":null,"ErrorStackTrace":null,"DisplayName":"GetAmenity_ExistingAmenityId_ReturnsAmenity","Messages":[],"ComputerName":"TUSH-R","Duration":"00:00:00.0013390","StartTime":"2024-03-04T20:01:56.6624813+00:00","EndTime":"2024-03-04T20:01:56.6638196+00:00","Properties":[{"Key":{"Id":"NUnit.Seed","Label":"Seed","Category":"","Description":"","Attributes":0,"ValueType":"System.String"},"Value":"373543597"}]},{"TestCase":{"Id":"caaf3498-fce5-d056-9e65-1360a6219eab","FullyQualifiedName":"COZYHAVENTEST.AmenityServiceTest.UpdateAmenity_ExistingAmenityId_ReturnsUpdatedAmenityDTO","DisplayName":"UpdateAmenity_ExistingAmenityId_ReturnsUpdatedAmenityDTO","ExecutorUri":"executor://NUnit3TestExecutor","Source":"D:\\CozyHaven\\COZYHAVEN_PROJECT\\COZYHAVENTEST\\bin\\Debug\\net6.0\\fine-code-coverage\\build-output\\COZYHAVENTEST.dll","CodeFilePath":null,"LineNumber":0,"Properties":[{"Key":{"Id":"NUnit.Seed","Label":"Seed","Category":"","Description":"","Attributes":0,"ValueType":"System.String"},"Value":"1197723156"}]},"Attachments":[],"Outcome":1,"ErrorMessage":null,"ErrorStackTrace":null,"DisplayName":"UpdateAmenity_ExistingAmenityId_ReturnsUpdatedAmenityDTO","Messages":[],"ComputerName":"TUSH-R","Duration":"00:00:00.0087379","StartTime":"2024-03-04T20:01:56.6638284+00:00","EndTime":"2024-03-04T20:01:56.672566+00:00","Properties":[{"Key":{"Id":"NUnit.Seed","Label":"Seed","Category":"","Description":"","Attributes":0,"ValueType":"System.String"},"Value":"1197723156"}]},{"TestCase":{"Id":"965c0da3-09ba-eca1-3f19-f2b6a81f07d5","FullyQualifiedName":"COZYHAVENTEST.AmenityServiceTest.UpdateAmenity_NonExistingAmenityId_ThrowsAmenityNotFoundException","DisplayName":"UpdateAmenity_NonExistingAmenityId_ThrowsAmenityNotFoundException","ExecutorUri":"executor://NUnit3TestExecutor","Source":"D:\\CozyHaven\\COZYHAVEN_PROJECT\\COZYHAVENTEST\\bin\\Debug\\net6.0\\fine-code-coverage\\build-output\\COZYHAVENTEST.dll","CodeFilePath":null,"LineNumber":0,"Properties":[{"Key":{"Id":"NUnit.Seed","Label":"Seed","Category":"","Description":"","Attributes":0,"ValueType":"System.String"},"Value":"616953152"}]},"Attachments":[],"Outcome":1,"ErrorMessage":null,"ErrorStackTrace":null,"DisplayName":"UpdateAmenity_NonExistingAmenityId_ThrowsAmenityNotFoundException","Messages":[],"ComputerName":"TUSH-R","Duration":"00:00:00.0046299","StartTime":"2024-03-04T20:01:56.6725844+00:00","EndTime":"2024-03-04T20:01:56.677214+00:00","Properties":[{"Key":{"Id":"NUnit.Seed","Label":"Seed","Category":"","Description":"","Attributes":0,"ValueType":"System.String"},"Value":"616953152"}]},{"TestCase":{"Id":"a158bd44-48ce-4323-7870-248e1309bc21","FullyQualifiedName":"COZYHAVENTEST.HotelAmenityServiceTest.GetHotelAmenities_ValidHotelId_ReturnsListOfHotelAmenities","DisplayName":"GetHotelAmenities_ValidHotelId_ReturnsListOfHotelAmenities","ExecutorUri":"executor://NUnit3TestExecutor","Source":"D:\\CozyHaven\\COZYHAVEN_PROJECT\\COZYHAVENTEST\\bin\\Debug\\net6.0\\fine-code-coverage\\build-output\\COZYHAVENTEST.dll","CodeFilePath":null,"LineNumber":0,"Properties":[{"Key":{"Id":"NUnit.Seed","Label":"Seed","Category":"","Description":"","Attributes":0,"ValueType":"System.String"},"Value":"826632558"}]},"Attachments":[],"Outcome":1,"ErrorMessage":null,"ErrorStackTrace":null,"DisplayName":"GetHotelAmenities_ValidHotelId_ReturnsListOfHotelAmenities","Messages":[],"ComputerName":"TUSH-R","Duration":"00:00:00.9974050","StartTime":"2024-03-04T20:01:56.6790467+00:00","EndTime":"2024-03-04T20:01:57.676451+00:00","Properties":[{"Key":{"Id":"NUnit.Seed","Label":"Seed","Category":"","Description":"","Attributes":0,"ValueType":"System.String"},"Value":"826632558"}]},{"TestCase":{"Id":"bde5dafa-43a7-3a71-d326-4e82452e28cd","FullyQualifiedName":"COZYHAVENTEST.HotelServiceTest.AddHotel_ValidHotelDTO_ReturnsAddedHotel","DisplayName":"AddHotel_ValidHotelDTO_ReturnsAddedHotel","ExecutorUri":"executor://NUnit3TestExecutor","Source":"D:\\CozyHaven\\COZYHAVEN_PROJECT\\COZYHAVENTEST\\bin\\Debug\\net6.0\\fine-code-coverage\\build-output\\COZYHAVENTEST.dll","CodeFilePath":null,"LineNumber":0,"Properties":[{"Key":{"Id":"NUnit.Seed","Label":"Seed","Category":"","Description":"","Attributes":0,"ValueType":"System.String"},"Value":"1598047644"}]},"Attachments":[],"Outcome":1,"ErrorMessage":null,"ErrorStackTrace":null,"DisplayName":"AddHotel_ValidHotelDTO_ReturnsAddedHotel","Messages":[],"ComputerName":"TUSH-R","Duration":"00:00:00.0139070","StartTime":"2024-03-04T20:01:57.6766409+00:00","EndTime":"2024-03-04T20:01:57.6905461+00:00","Properties":[{"Key":{"Id":"NUnit.Seed","Label":"Seed","Category":"","Description":"","Attributes":0,"ValueType":"System.String"},"Value":"1598047644"}]},{"TestCase":{"Id":"f71cfa73-5091-517b-a856-1c6243492393","FullyQualifiedName":"COZYHAVENTEST.HotelServiceTest.DeleteHotel_ExistingHotelId_ReturnsDeletedHotel","DisplayName":"DeleteHotel_ExistingHotelId_ReturnsDeletedHotel","ExecutorUri":"executor://NUnit3TestExecutor","Source":"D:\\CozyHaven\\COZYHAVEN_PROJECT\\COZYHAVENTEST\\bin\\Debug\\net6.0\\fine-code-coverage\\build-output\\COZYHAVENTEST.dll","CodeFilePath":null,"LineNumber":0,"Properties":[{"Key":{"Id":"NUnit.Seed","Label":"Seed","Category":"","Description":"","Attributes":0,"ValueType":"System.String"},"Value":"1792023696"}]},"Attachments":[],"Outcome":1,"ErrorMessage":null,"ErrorStackTrace":null,"DisplayName":"DeleteHotel_ExistingHotelId_ReturnsDeletedHotel","Messages":[],"ComputerName":"TUSH-R","Duration":"00:00:00.0062769","StartTime":"2024-03-04T20:01:57.6907282+00:00","EndTime":"2024-03-04T20:01:57.6970048+00:00","Properties":[{"Key":{"Id":"NUnit.Seed","Label":"Seed","Category":"","Description":"","Attributes":0,"ValueType":"System.String"},"Value":"1792023696"}]}],"TestRunStatistics":{"ExecutedTests":9,"Stats":{"Passed":9}},"ActiveTests":[{"Id":"32a0481b-c8a7-7190-b3aa-05e31132e69d","FullyQualifiedName":"COZYHAVENTEST.HotelServiceTest.GetAllHotels_ReturnsListOfHotels","DisplayName":"GetAllHotels_ReturnsListOfHotels","ExecutorUri":"executor://NUnit3TestExecutor","Source":"D:\\CozyHaven\\COZYHAVEN_PROJECT\\COZYHAVENTEST\\bin\\Debug\\net6.0\\fine-code-coverage\\build-output\\COZYHAVENTEST.dll","CodeFilePath":null,"LineNumber":0,"Properties":[{"Key":{"Id":"NUnit.Seed","Label":"Seed","Category":"","Description":"","Attributes":0,"ValueType":"System.String"},"Value":"1821863710"}]}]}}
TpTrace Verbose: 0 : 12048, 7, 2024/03/05, 01:31:57.720, 2873547152004, vstest.console.dll, TestRunRequest:SendTestRunStatsChange: Starting.
TpTrace Verbose: 0 : 12048, 7, 2024/03/05, 01:31:57.720, 2873547153122, vstest.console.dll, InProgress is GetAllHotels_ReturnsListOfHotels
TpTrace Verbose: 0 : 12048, 7, 2024/03/05, 01:31:57.720, 2873547155543, vstest.console.dll, MulticastDelegateUtilities.SafeInvoke: TestRun.RunStatsChanged: Invoking callbacks was skipped because there are no subscribers.
TpTrace Information: 0 : 12048, 7, 2024/03/05, 01:31:57.720, 2873547156149, vstest.console.dll, TestRunRequest:SendTestRunStatsChange: Completed.
TpTrace Verbose: 0 : 12048, 7, 2024/03/05, 01:31:57.720, 2873547156766, vstest.console.dll, MulticastDelegateUtilities.SafeInvoke: LengthPrefixCommunicationChannel: MessageReceived: Invoking callback 1/1 for Microsoft.VisualStudio.TestPlatform.CommunicationUtilities.TestRequestSender+<>c__DisplayClass34_0., took 12 ms.
TpTrace Verbose: 0 : 12048, 7, 2024/03/05, 01:31:57.720, 2873547157223, vstest.console.dll, TcpClientExtensions.MessageLoopAsync: Polling on remoteEndPoint: 127.0.0.1:49755 localEndPoint: 127.0.0.1:49754
TpTrace Verbose: 0 : 12048, 4, 2024/03/05, 01:31:57.722, 2873547175161, vstest.console.dll, MulticastDelegateUtilities.SafeInvoke: InternalTestLoggerEvents.SendTestResult: Invoking callback 1/1 for Microsoft.VisualStudio.TestPlatform.CommandLine.Internal.ConsoleLogger., took 1 ms.
TpTrace Verbose: 0 : 12048, 4, 2024/03/05, 01:31:57.723, 2873547178571, vstest.console.dll, MulticastDelegateUtilities.SafeInvoke: InternalTestLoggerEvents.SendTestResult: Invoking callback 1/1 for Microsoft.VisualStudio.TestPlatform.CommandLine.Internal.ConsoleLogger., took 0 ms.
TpTrace Verbose: 0 : 12048, 4, 2024/03/05, 01:31:57.723, 2873547179491, vstest.console.dll, MulticastDelegateUtilities.SafeInvoke: InternalTestLoggerEvents.SendTestResult: Invoking callback 1/1 for Microsoft.VisualStudio.TestPlatform.CommandLine.Internal.ConsoleLogger., took 0 ms.
TpTrace Verbose: 0 : 12048, 4, 2024/03/05, 01:31:57.723, 2873547179934, vstest.console.dll, MulticastDelegateUtilities.SafeInvoke: InternalTestLoggerEvents.SendTestResult: Invoking callback 1/1 for Microsoft.VisualStudio.TestPlatform.CommandLine.Internal.ConsoleLogger., took 0 ms.
TpTrace Verbose: 0 : 12048, 4, 2024/03/05, 01:31:57.723, 2873547180358, vstest.console.dll, MulticastDelegateUtilities.SafeInvoke: InternalTestLoggerEvents.SendTestResult: Invoking callback 1/1 for Microsoft.VisualStudio.TestPlatform.CommandLine.Internal.ConsoleLogger., took 0 ms.
TpTrace Verbose: 0 : 12048, 4, 2024/03/05, 01:31:57.723, 2873547180831, vstest.console.dll, MulticastDelegateUtilities.SafeInvoke: InternalTestLoggerEvents.SendTestResult: Invoking callback 1/1 for Microsoft.VisualStudio.TestPlatform.CommandLine.Internal.ConsoleLogger., took 0 ms.
TpTrace Verbose: 0 : 12048, 4, 2024/03/05, 01:31:57.723, 2873547181200, vstest.console.dll, MulticastDelegateUtilities.SafeInvoke: InternalTestLoggerEvents.SendTestResult: Invoking callback 1/1 for Microsoft.VisualStudio.TestPlatform.CommandLine.Internal.ConsoleLogger., took 0 ms.
TpTrace Verbose: 0 : 12048, 4, 2024/03/05, 01:31:57.723, 2873547181612, vstest.console.dll, MulticastDelegateUtilities.SafeInvoke: InternalTestLoggerEvents.SendTestResult: Invoking callback 1/1 for Microsoft.VisualStudio.TestPlatform.CommandLine.Internal.ConsoleLogger., took 0 ms.
TpTrace Verbose: 0 : 12048, 4, 2024/03/05, 01:31:57.723, 2873547182114, vstest.console.dll, MulticastDelegateUtilities.SafeInvoke: InternalTestLoggerEvents.SendTestResult: Invoking callback 1/1 for Microsoft.VisualStudio.TestPlatform.CommandLine.Internal.ConsoleLogger., took 0 ms.
TpTrace Verbose: 0 : 12048, 7, 2024/03/05, 01:31:57.746, 2873547418347, vstest.console.dll, TcpClientExtensions.MessageLoopAsync: NotifyDataAvailable remoteEndPoint: 127.0.0.1:49755 localEndPoint: 127.0.0.1:49754
TpTrace Verbose: 0 : 12048, 7, 2024/03/05, 01:31:57.747, 2873547423324, vstest.console.dll, TestRequestSender.OnExecutionMessageReceived: Received message: {"Version":7,"MessageType":"TestExecution.StatsChange","Payload":{"NewTestResults":[{"TestCase":{"Id":"32a0481b-c8a7-7190-b3aa-05e31132e69d","FullyQualifiedName":"COZYHAVENTEST.HotelServiceTest.GetAllHotels_ReturnsListOfHotels","DisplayName":"GetAllHotels_ReturnsListOfHotels","ExecutorUri":"executor://NUnit3TestExecutor","Source":"D:\\CozyHaven\\COZYHAVEN_PROJECT\\COZYHAVENTEST\\bin\\Debug\\net6.0\\fine-code-coverage\\build-output\\COZYHAVENTEST.dll","CodeFilePath":null,"LineNumber":0,"Properties":[{"Key":{"Id":"NUnit.Seed","Label":"Seed","Category":"","Description":"","Attributes":0,"ValueType":"System.String"},"Value":"1821863710"}]},"Attachments":[],"Outcome":1,"ErrorMessage":null,"ErrorStackTrace":null,"DisplayName":"GetAllHotels_ReturnsListOfHotels","Messages":[],"ComputerName":"TUSH-R","Duration":"00:00:00.0016190","StartTime":"2024-03-04T20:01:57.6970316+00:00","EndTime":"2024-03-04T20:01:57.6986508+00:00","Properties":[{"Key":{"Id":"NUnit.Seed","Label":"Seed","Category":"","Description":"","Attributes":0,"ValueType":"System.String"},"Value":"1821863710"}]},{"TestCase":{"Id":"326896a8-13ca-67e5-7c0a-9fa6d93ad02d","FullyQualifiedName":"COZYHAVENTEST.HotelServiceTest.GetHotel_ExistingHotelId_ReturnsHotel","DisplayName":"GetHotel_ExistingHotelId_ReturnsHotel","ExecutorUri":"executor://NUnit3TestExecutor","Source":"D:\\CozyHaven\\COZYHAVEN_PROJECT\\COZYHAVENTEST\\bin\\Debug\\net6.0\\fine-code-coverage\\build-output\\COZYHAVENTEST.dll","CodeFilePath":null,"LineNumber":0,"Properties":[{"Key":{"Id":"NUnit.Seed","Label":"Seed","Category":"","Description":"","Attributes":0,"ValueType":"System.String"},"Value":"625928037"}]},"Attachments":[],"Outcome":1,"ErrorMessage":null,"ErrorStackTrace":null,"DisplayName":"GetHotel_ExistingHotelId_ReturnsHotel","Messages":[],"ComputerName":"TUSH-R","Duration":"00:00:00.0013780","StartTime":"2024-03-04T20:01:57.6986766+00:00","EndTime":"2024-03-04T20:01:57.7000541+00:00","Properties":[{"Key":{"Id":"NUnit.Seed","Label":"Seed","Category":"","Description":"","Attributes":0,"ValueType":"System.String"},"Value":"625928037"}]},{"TestCase":{"Id":"735d08ab-0d84-b38e-694f-7b93ebaa214b","FullyQualifiedName":"COZYHAVENTEST.HotelServiceTest.GetHotelAmenities_ExistingHotelId_ReturnsHotelAmenities","DisplayName":"GetHotelAmenities_ExistingHotelId_ReturnsHotelAmenities","ExecutorUri":"executor://NUnit3TestExecutor","Source":"D:\\CozyHaven\\COZYHAVEN_PROJECT\\COZYHAVENTEST\\bin\\Debug\\net6.0\\fine-code-coverage\\build-output\\COZYHAVENTEST.dll","CodeFilePath":null,"LineNumber":0,"Properties":[{"Key":{"Id":"NUnit.Seed","Label":"Seed","Category":"","Description":"","Attributes":0,"ValueType":"System.String"},"Value":"826608201"}]},"Attachments":[],"Outcome":1,"ErrorMessage":null,"ErrorStackTrace":null,"DisplayName":"GetHotelAmenities_ExistingHotelId_ReturnsHotelAmenities","Messages":[],"ComputerName":"TUSH-R","Duration":"00:00:00.0040170","StartTime":"2024-03-04T20:01:57.7000698+00:00","EndTime":"2024-03-04T20:01:57.7040861+00:00","Properties":[{"Key":{"Id":"NUnit.Seed","Label":"Seed","Category":"","Description":"","Attributes":0,"ValueType":"System.String"},"Value":"826608201"}]},{"TestCase":{"Id":"ea76c5ab-5b41-e33c-dffe-55a55904107d","FullyQualifiedName":"COZYHAVENTEST.HotelServiceTest.GetHotelReservations_ExistingHotelId_ReturnsHotelReservations","DisplayName":"GetHotelReservations_ExistingHotelId_ReturnsHotelReservations","ExecutorUri":"executor://NUnit3TestExecutor","Source":"D:\\CozyHaven\\COZYHAVEN_PROJECT\\COZYHAVENTEST\\bin\\Debug\\net6.0\\fine-code-coverage\\build-output\\COZYHAVENTEST.dll","CodeFilePath":null,"LineNumber":0,"Properties":[{"Key":{"Id":"NUnit.Seed","Label":"Seed","Category":"","Description":"","Attributes":0,"ValueType":"System.String"},"Value":"1624451698"}]},"Attachments":[],"Outcome":1,"ErrorMessage":null,"ErrorStackTrace":null,"DisplayName":"GetHotelReservations_ExistingHotelId_ReturnsHotelReservations","Messages":[],"ComputerName":"TUSH-R","Duration":"00:00:00.0054460","StartTime":"2024-03-04T20:01:57.704106+00:00","EndTime":"2024-03-04T20:01:57.7095513+00:00","Properties":[{"Key":{"Id":"NUnit.Seed","Label":"Seed","Category":"","Description":"","Attributes":0,"ValueType":"System.String"},"Value":"1624451698"}]},{"TestCase":{"Id":"683c6cd9-7782-3f2a-d3ce-00a976706de5","FullyQualifiedName":"COZYHAVENTEST.HotelServiceTest.GetHotelReviews_ExistingHotelId_ReturnsHotelReviews","DisplayName":"GetHotelReviews_ExistingHotelId_ReturnsHotelReviews","ExecutorUri":"executor://NUnit3TestExecutor","Source":"D:\\CozyHaven\\COZYHAVEN_PROJECT\\COZYHAVENTEST\\bin\\Debug\\net6.0\\fine-code-coverage\\build-output\\COZYHAVENTEST.dll","CodeFilePath":null,"LineNumber":0,"Properties":[{"Key":{"Id":"NUnit.Seed","Label":"Seed","Category":"","Description":"","Attributes":0,"ValueType":"System.String"},"Value":"1852558202"}]},"Attachments":[],"Outcome":1,"ErrorMessage":null,"ErrorStackTrace":null,"DisplayName":"GetHotelReviews_ExistingHotelId_ReturnsHotelReviews","Messages":[],"ComputerName":"TUSH-R","Duration":"00:00:00.0035590","StartTime":"2024-03-04T20:01:57.7095807+00:00","EndTime":"2024-03-04T20:01:57.7131395+00:00","Properties":[{"Key":{"Id":"NUnit.Seed","Label":"Seed","Category":"","Description":"","Attributes":0,"ValueType":"System.String"},"Value":"1852558202"}]},{"TestCase":{"Id":"93469156-bdd5-3b72-ad11-04904948f503","FullyQualifiedName":"COZYHAVENTEST.HotelServiceTest.GetHotelsByCriteria_ValidCriteria_ReturnsListOfAvailableHotels","DisplayName":"GetHotelsByCriteria_ValidCriteria_ReturnsListOfAvailableHotels","ExecutorUri":"executor://NUnit3TestExecutor","Source":"D:\\CozyHaven\\COZYHAVEN_PROJECT\\COZYHAVENTEST\\bin\\Debug\\net6.0\\fine-code-coverage\\build-output\\COZYHAVENTEST.dll","CodeFilePath":null,"LineNumber":0,"Properties":[{"Key":{"Id":"NUnit.Seed","Label":"Seed","Category":"","Description":"","Attributes":0,"ValueType":"System.String"},"Value":"1822070703"}]},"Attachments":[],"Outcome":1,"ErrorMessage":null,"ErrorStackTrace":null,"DisplayName":"GetHotelsByCriteria_ValidCriteria_ReturnsListOfAvailableHotels","Messages":[],"ComputerName":"TUSH-R","Duration":"00:00:00.0157220","StartTime":"2024-03-04T20:01:57.7131662+00:00","EndTime":"2024-03-04T20:01:57.7288868+00:00","Properties":[{"Key":{"Id":"NUnit.Seed","Label":"Seed","Category":"","Description":"","Attributes":0,"ValueType":"System.String"},"Value":"1822070703"}]},{"TestCase":{"Id":"e99a6273-7fc7-5385-8909-1ccfa76fb7d5","FullyQualifiedName":"COZYHAVENTEST.HotelServiceTest.GetHotelsByLocation_ValidLocation_ReturnsListOfHotels","DisplayName":"GetHotelsByLocation_ValidLocation_ReturnsListOfHotels","ExecutorUri":"executor://NUnit3TestExecutor","Source":"D:\\CozyHaven\\COZYHAVEN_PROJECT\\COZYHAVENTEST\\bin\\Debug\\net6.0\\fine-code-coverage\\build-output\\COZYHAVENTEST.dll","CodeFilePath":null,"LineNumber":0,"Properties":[{"Key":{"Id":"NUnit.Seed","Label":"Seed","Category":"","Description":"","Attributes":0,"ValueType":"System.String"},"Value":"2123955951"}]},"Attachments":[],"Outcome":1,"ErrorMessage":null,"ErrorStackTrace":null,"DisplayName":"GetHotelsByLocation_ValidLocation_ReturnsListOfHotels","Messages":[],"ComputerName":"TUSH-R","Duration":"00:00:00.0012230","StartTime":"2024-03-04T20:01:57.7289201+00:00","EndTime":"2024-03-04T20:01:57.7301431+00:00","Properties":[{"Key":{"Id":"NUnit.Seed","Label":"Seed","Category":"","Description":"","Attributes":0,"ValueType":"System.String"},"Value":"2123955951"}]},{"TestCase":{"Id":"49526d59-34a9-8498-eee6-941972dc595a","FullyQualifiedName":"COZYHAVENTEST.HotelServiceTest.GetHotelsByOwner_RepositoryThrowsException_ThrowsException","DisplayName":"GetHotelsByOwner_RepositoryThrowsException_ThrowsException","ExecutorUri":"executor://NUnit3TestExecutor","Source":"D:\\CozyHaven\\COZYHAVEN_PROJECT\\COZYHAVENTEST\\bin\\Debug\\net6.0\\fine-code-coverage\\build-output\\COZYHAVENTEST.dll","CodeFilePath":null,"LineNumber":0,"Properties":[{"Key":{"Id":"NUnit.Seed","Label":"Seed","Category":"","Description":"","Attributes":0,"ValueType":"System.String"},"Value":"1554331758"}]},"Attachments":[],"Outcome":1,"ErrorMessage":null,"ErrorStackTrace":null,"DisplayName":"GetHotelsByOwner_RepositoryThrowsException_ThrowsException","Messages":[],"ComputerName":"TUSH-R","Duration":"00:00:00.0020100","StartTime":"2024-03-04T20:01:57.7301566+00:00","EndTime":"2024-03-04T20:01:57.7321659+00:00","Properties":[{"Key":{"Id":"NUnit.Seed","Label":"Seed","Category":"","Description":"","Attributes":0,"ValueType":"System.String"},"Value":"1554331758"}]},{"TestCase":{"Id":"586b03ac-b60f-f466-6bdd-0bce9a881488","FullyQualifiedName":"COZYHAVENTEST.HotelServiceTest.GetHotelsByOwner_ValidOwnerId_ReturnsListOfHotels","DisplayName":"GetHotelsByOwner_ValidOwnerId_ReturnsListOfHotels","ExecutorUri":"executor://NUnit3TestExecutor","Source":"D:\\CozyHaven\\COZYHAVEN_PROJECT\\COZYHAVENTEST\\bin\\Debug\\net6.0\\fine-code-coverage\\build-output\\COZYHAVENTEST.dll","CodeFilePath":null,"LineNumber":0,"Properties":[{"Key":{"Id":"NUnit.Seed","Label":"Seed","Category":"","Description":"","Attributes":0,"ValueType":"System.String"},"Value":"1104529710"}]},"Attachments":[],"Outcome":1,"ErrorMessage":null,"ErrorStackTrace":null,"DisplayName":"GetHotelsByOwner_ValidOwnerId_ReturnsListOfHotels","Messages":[],"ComputerName":"TUSH-R","Duration":"00:00:00.0010670","StartTime":"2024-03-04T20:01:57.732184+00:00","EndTime":"2024-03-04T20:01:57.7332509+00:00","Properties":[{"Key":{"Id":"NUnit.Seed","Label":"Seed","Category":"","Description":"","Attributes":0,"ValueType":"System.String"},"Value":"1104529710"}]}],"TestRunStatistics":{"ExecutedTests":18,"Stats":{"Passed":18}},"ActiveTests":[{"Id":"476ca6e8-a6d6-6380-0351-af9f8c439509","FullyQualifiedName":"COZYHAVENTEST.HotelServiceTest.GetRoomsByHotelId_ExistingHotelId_ReturnsHotelRooms","DisplayName":"GetRoomsByHotelId_ExistingHotelId_ReturnsHotelRooms","ExecutorUri":"executor://NUnit3TestExecutor","Source":"D:\\CozyHaven\\COZYHAVEN_PROJECT\\COZYHAVENTEST\\bin\\Debug\\net6.0\\fine-code-coverage\\build-output\\COZYHAVENTEST.dll","CodeFilePath":null,"LineNumber":0,"Properties":[{"Key":{"Id":"NUnit.Seed","Label":"Seed","Category":"","Description":"","Attributes":0,"ValueType":"System.String"},"Value":"1652435389"}]}]}}
TpTrace Verbose: 0 : 12048, 7, 2024/03/05, 01:31:57.749, 2873547445080, vstest.console.dll, TestRunRequest:SendTestRunStatsChange: Starting.
TpTrace Verbose: 0 : 12048, 7, 2024/03/05, 01:31:57.749, 2873547446156, vstest.console.dll, InProgress is GetRoomsByHotelId_ExistingHotelId_ReturnsHotelRooms
TpTrace Verbose: 0 : 12048, 7, 2024/03/05, 01:31:57.749, 2873547446736, vstest.console.dll, MulticastDelegateUtilities.SafeInvoke: TestRun.RunStatsChanged: Invoking callbacks was skipped because there are no subscribers.
TpTrace Information: 0 : 12048, 7, 2024/03/05, 01:31:57.749, 2873547447061, vstest.console.dll, TestRunRequest:SendTestRunStatsChange: Completed.
TpTrace Verbose: 0 : 12048, 7, 2024/03/05, 01:31:57.749, 2873547447454, vstest.console.dll, MulticastDelegateUtilities.SafeInvoke: LengthPrefixCommunicationChannel: MessageReceived: Invoking callback 1/1 for Microsoft.VisualStudio.TestPlatform.CommunicationUtilities.TestRequestSender+<>c__DisplayClass34_0., took 2 ms.
TpTrace Verbose: 0 : 12048, 4, 2024/03/05, 01:31:57.749, 2873547447517, vstest.console.dll, MulticastDelegateUtilities.SafeInvoke: InternalTestLoggerEvents.SendTestResult: Invoking callback 1/1 for Microsoft.VisualStudio.TestPlatform.CommandLine.Internal.ConsoleLogger., took 0 ms.
TpTrace Verbose: 0 : 12048, 7, 2024/03/05, 01:31:57.749, 2873547447839, vstest.console.dll, TcpClientExtensions.MessageLoopAsync: Polling on remoteEndPoint: 127.0.0.1:49755 localEndPoint: 127.0.0.1:49754
TpTrace Verbose: 0 : 12048, 4, 2024/03/05, 01:31:57.750, 2873547448620, vstest.console.dll, MulticastDelegateUtilities.SafeInvoke: InternalTestLoggerEvents.SendTestResult: Invoking callback 1/1 for Microsoft.VisualStudio.TestPlatform.CommandLine.Internal.ConsoleLogger., took 0 ms.
TpTrace Verbose: 0 : 12048, 4, 2024/03/05, 01:31:57.750, 2873547449154, vstest.console.dll, MulticastDelegateUtilities.SafeInvoke: InternalTestLoggerEvents.SendTestResult: Invoking callback 1/1 for Microsoft.VisualStudio.TestPlatform.CommandLine.Internal.ConsoleLogger., took 0 ms.
TpTrace Verbose: 0 : 12048, 4, 2024/03/05, 01:31:57.750, 2873547449655, vstest.console.dll, MulticastDelegateUtilities.SafeInvoke: InternalTestLoggerEvents.SendTestResult: Invoking callback 1/1 for Microsoft.VisualStudio.TestPlatform.CommandLine.Internal.ConsoleLogger., took 0 ms.
TpTrace Verbose: 0 : 12048, 4, 2024/03/05, 01:31:57.750, 2873547450126, vstest.console.dll, MulticastDelegateUtilities.SafeInvoke: InternalTestLoggerEvents.SendTestResult: Invoking callback 1/1 for Microsoft.VisualStudio.TestPlatform.CommandLine.Internal.ConsoleLogger., took 0 ms.
TpTrace Verbose: 0 : 12048, 4, 2024/03/05, 01:31:57.750, 2873547450527, vstest.console.dll, MulticastDelegateUtilities.SafeInvoke: InternalTestLoggerEvents.SendTestResult: Invoking callback 1/1 for Microsoft.VisualStudio.TestPlatform.CommandLine.Internal.ConsoleLogger., took 0 ms.
TpTrace Verbose: 0 : 12048, 4, 2024/03/05, 01:31:57.750, 2873547450927, vstest.console.dll, MulticastDelegateUtilities.SafeInvoke: InternalTestLoggerEvents.SendTestResult: Invoking callback 1/1 for Microsoft.VisualStudio.TestPlatform.CommandLine.Internal.ConsoleLogger., took 0 ms.
TpTrace Verbose: 0 : 12048, 4, 2024/03/05, 01:31:57.750, 2873547451393, vstest.console.dll, MulticastDelegateUtilities.SafeInvoke: InternalTestLoggerEvents.SendTestResult: Invoking callback 1/1 for Microsoft.VisualStudio.TestPlatform.CommandLine.Internal.ConsoleLogger., took 0 ms.
TpTrace Verbose: 0 : 12048, 4, 2024/03/05, 01:31:57.750, 2873547451936, vstest.console.dll, MulticastDelegateUtilities.SafeInvoke: InternalTestLoggerEvents.SendTestResult: Invoking callback 1/1 for Microsoft.VisualStudio.TestPlatform.CommandLine.Internal.ConsoleLogger., took 0 ms.
TpTrace Verbose: 0 : 12048, 7, 2024/03/05, 01:31:57.774, 2873547698161, vstest.console.dll, TcpClientExtensions.MessageLoopAsync: NotifyDataAvailable remoteEndPoint: 127.0.0.1:49755 localEndPoint: 127.0.0.1:49754
TpTrace Verbose: 0 : 12048, 7, 2024/03/05, 01:31:57.775, 2873547700712, vstest.console.dll, TestRequestSender.OnExecutionMessageReceived: Received message: {"Version":7,"MessageType":"TestExecution.StatsChange","Payload":{"NewTestResults":[{"TestCase":{"Id":"476ca6e8-a6d6-6380-0351-af9f8c439509","FullyQualifiedName":"COZYHAVENTEST.HotelServiceTest.GetRoomsByHotelId_ExistingHotelId_ReturnsHotelRooms","DisplayName":"GetRoomsByHotelId_ExistingHotelId_ReturnsHotelRooms","ExecutorUri":"executor://NUnit3TestExecutor","Source":"D:\\CozyHaven\\COZYHAVEN_PROJECT\\COZYHAVENTEST\\bin\\Debug\\net6.0\\fine-code-coverage\\build-output\\COZYHAVENTEST.dll","CodeFilePath":null,"LineNumber":0,"Properties":[{"Key":{"Id":"NUnit.Seed","Label":"Seed","Category":"","Description":"","Attributes":0,"ValueType":"System.String"},"Value":"1652435389"}]},"Attachments":[],"Outcome":1,"ErrorMessage":null,"ErrorStackTrace":null,"DisplayName":"GetRoomsByHotelId_ExistingHotelId_ReturnsHotelRooms","Messages":[],"ComputerName":"TUSH-R","Duration":"00:00:00.0017460","StartTime":"2024-03-04T20:01:57.7332639+00:00","EndTime":"2024-03-04T20:01:57.7350094+00:00","Properties":[{"Key":{"Id":"NUnit.Seed","Label":"Seed","Category":"","Description":"","Attributes":0,"ValueType":"System.String"},"Value":"1652435389"}]},{"TestCase":{"Id":"80da6051-7f98-4018-6c57-edf55f6bd650","FullyQualifiedName":"COZYHAVENTEST.HotelServiceTest.UpdateHotelDescription_ExistingHotelId_ReturnsUpdatedHotel","DisplayName":"UpdateHotelDescription_ExistingHotelId_ReturnsUpdatedHotel","ExecutorUri":"executor://NUnit3TestExecutor","Source":"D:\\CozyHaven\\COZYHAVEN_PROJECT\\COZYHAVENTEST\\bin\\Debug\\net6.0\\fine-code-coverage\\build-output\\COZYHAVENTEST.dll","CodeFilePath":null,"LineNumber":0,"Properties":[{"Key":{"Id":"NUnit.Seed","Label":"Seed","Category":"","Description":"","Attributes":0,"ValueType":"System.String"},"Value":"618267964"}]},"Attachments":[],"Outcome":1,"ErrorMessage":null,"ErrorStackTrace":null,"DisplayName":"UpdateHotelDescription_ExistingHotelId_ReturnsUpdatedHotel","Messages":[],"ComputerName":"TUSH-R","Duration":"00:00:00.0032550","StartTime":"2024-03-04T20:01:57.7350455+00:00","EndTime":"2024-03-04T20:01:57.7383004+00:00","Properties":[{"Key":{"Id":"NUnit.Seed","Label":"Seed","Category":"","Description":"","Attributes":0,"ValueType":"System.String"},"Value":"618267964"}]},{"TestCase":{"Id":"a459a553-f03e-51e3-e749-3af79a8b4178","FullyQualifiedName":"COZYHAVENTEST.HotelServiceTest.UpdateHotelDetails_ValidHotelDTO_ReturnsUpdatedHotel","DisplayName":"UpdateHotelDetails_ValidHotelDTO_ReturnsUpdatedHotel","ExecutorUri":"executor://NUnit3TestExecutor","Source":"D:\\CozyHaven\\COZYHAVEN_PROJECT\\COZYHAVENTEST\\bin\\Debug\\net6.0\\fine-code-coverage\\build-output\\COZYHAVENTEST.dll","CodeFilePath":null,"LineNumber":0,"Properties":[{"Key":{"Id":"NUnit.Seed","Label":"Seed","Category":"","Description":"","Attributes":0,"ValueType":"System.String"},"Value":"1959817823"}]},"Attachments":[],"Outcome":1,"ErrorMessage":null,"ErrorStackTrace":null,"DisplayName":"UpdateHotelDetails_ValidHotelDTO_ReturnsUpdatedHotel","Messages":[],"ComputerName":"TUSH-R","Duration":"00:00:00.0029500","StartTime":"2024-03-04T20:01:57.7383385+00:00","EndTime":"2024-03-04T20:01:57.7412886+00:00","Properties":[{"Key":{"Id":"NUnit.Seed","Label":"Seed","Category":"","Description":"","Attributes":0,"ValueType":"System.String"},"Value":"1959817823"}]},{"TestCase":{"Id":"f8f503a0-8213-3a60-5cbc-59d1c60df6a4","FullyQualifiedName":"COZYHAVENTEST.HotelServiceTest.UpdateHotelOwner_ExistingHotelId_ReturnsUpdatedHotel","DisplayName":"UpdateHotelOwner_ExistingHotelId_ReturnsUpdatedHotel","ExecutorUri":"executor://NUnit3TestExecutor","Source":"D:\\CozyHaven\\COZYHAVEN_PROJECT\\COZYHAVENTEST\\bin\\Debug\\net6.0\\fine-code-coverage\\build-output\\COZYHAVENTEST.dll","CodeFilePath":null,"LineNumber":0,"Properties":[{"Key":{"Id":"NUnit.Seed","Label":"Seed","Category":"","Description":"","Attributes":0,"ValueType":"System.String"},"Value":"1022942432"}]},"Attachments":[],"Outcome":1,"ErrorMessage":null,"ErrorStackTrace":null,"DisplayName":"UpdateHotelOwner_ExistingHotelId_ReturnsUpdatedHotel","Messages":[],"ComputerName":"TUSH-R","Duration":"00:00:00.0021500","StartTime":"2024-03-04T20:01:57.7413092+00:00","EndTime":"2024-03-04T20:01:57.7434593+00:00","Properties":[{"Key":{"Id":"NUnit.Seed","Label":"Seed","Category":"","Description":"","Attributes":0,"ValueType":"System.String"},"Value":"1022942432"}]},{"TestCase":{"Id":"111f5f54-3b7f-04ab-5025-bf6e710338ef","FullyQualifiedName":"COZYHAVENTEST.PaymentServiceTest.AddPayment_ValidPaymentDTO_ReturnsAddedPayment","DisplayName":"AddPayment_ValidPaymentDTO_ReturnsAddedPayment","ExecutorUri":"executor://NUnit3TestExecutor","Source":"D:\\CozyHaven\\COZYHAVEN_PROJECT\\COZYHAVENTEST\\bin\\Debug\\net6.0\\fine-code-coverage\\build-output\\COZYHAVENTEST.dll","CodeFilePath":null,"LineNumber":0,"Properties":[{"Key":{"Id":"NUnit.Seed","Label":"Seed","Category":"","Description":"","Attributes":0,"ValueType":"System.String"},"Value":"1731200492"}]},"Attachments":[],"Outcome":1,"ErrorMessage":null,"ErrorStackTrace":null,"DisplayName":"AddPayment_ValidPaymentDTO_ReturnsAddedPayment","Messages":[],"ComputerName":"TUSH-R","Duration":"00:00:00.0103000","StartTime":"2024-03-04T20:01:57.7436088+00:00","EndTime":"2024-03-04T20:01:57.7539086+00:00","Properties":[{"Key":{"Id":"NUnit.Seed","Label":"Seed","Category":"","Description":"","Attributes":0,"ValueType":"System.String"},"Value":"1731200492"}]},{"TestCase":{"Id":"8496f597-a2dc-20f7-6aea-b6c2807ccf85","FullyQualifiedName":"COZYHAVENTEST.PaymentServiceTest.DeletePayment_ExistingPaymentId_ReturnsDeletedPayment","DisplayName":"DeletePayment_ExistingPaymentId_ReturnsDeletedPayment","ExecutorUri":"executor://NUnit3TestExecutor","Source":"D:\\CozyHaven\\COZYHAVEN_PROJECT\\COZYHAVENTEST\\bin\\Debug\\net6.0\\fine-code-coverage\\build-output\\COZYHAVENTEST.dll","CodeFilePath":null,"LineNumber":0,"Properties":[{"Key":{"Id":"NUnit.Seed","Label":"Seed","Category":"","Description":"","Attributes":0,"ValueType":"System.String"},"Value":"1025595442"}]},"Attachments":[],"Outcome":1,"ErrorMessage":null,"ErrorStackTrace":null,"DisplayName":"DeletePayment_ExistingPaymentId_ReturnsDeletedPayment","Messages":[],"ComputerName":"TUSH-R","Duration":"00:00:00.0018180","StartTime":"2024-03-04T20:01:57.7539303+00:00","EndTime":"2024-03-04T20:01:57.7557486+00:00","Properties":[{"Key":{"Id":"NUnit.Seed","Label":"Seed","Category":"","Description":"","Attributes":0,"ValueType":"System.String"},"Value":"1025595442"}]},{"TestCase":{"Id":"8e8ff8f3-753d-3c5e-05eb-98c23b767293","FullyQualifiedName":"COZYHAVENTEST.PaymentServiceTest.GetAllPayments_ReturnsListOfPayments","DisplayName":"GetAllPayments_ReturnsListOfPayments","ExecutorUri":"executor://NUnit3TestExecutor","Source":"D:\\CozyHaven\\COZYHAVEN_PROJECT\\COZYHAVENTEST\\bin\\Debug\\net6.0\\fine-code-coverage\\build-output\\COZYHAVENTEST.dll","CodeFilePath":null,"LineNumber":0,"Properties":[{"Key":{"Id":"NUnit.Seed","Label":"Seed","Category":"","Description":"","Attributes":0,"ValueType":"System.String"},"Value":"1430535682"}]},"Attachments":[],"Outcome":1,"ErrorMessage":null,"ErrorStackTrace":null,"DisplayName":"GetAllPayments_ReturnsListOfPayments","Messages":[],"ComputerName":"TUSH-R","Duration":"00:00:00.0014580","StartTime":"2024-03-04T20:01:57.7557667+00:00","EndTime":"2024-03-04T20:01:57.7572241+00:00","Properties":[{"Key":{"Id":"NUnit.Seed","Label":"Seed","Category":"","Description":"","Attributes":0,"ValueType":"System.String"},"Value":"1430535682"}]},{"TestCase":{"Id":"385533c0-6d48-e7c1-ec8a-58db6ed0d95d","FullyQualifiedName":"COZYHAVENTEST.PaymentServiceTest.GetPayment_ExistingPaymentId_ReturnsPayment","DisplayName":"GetPayment_ExistingPaymentId_ReturnsPayment","ExecutorUri":"executor://NUnit3TestExecutor","Source":"D:\\CozyHaven\\COZYHAVEN_PROJECT\\COZYHAVENTEST\\bin\\Debug\\net6.0\\fine-code-coverage\\build-output\\COZYHAVENTEST.dll","CodeFilePath":null,"LineNumber":0,"Properties":[{"Key":{"Id":"NUnit.Seed","Label":"Seed","Category":"","Description":"","Attributes":0,"ValueType":"System.String"},"Value":"1715544964"}]},"Attachments":[],"Outcome":1,"ErrorMessage":null,"ErrorStackTrace":null,"DisplayName":"GetPayment_ExistingPaymentId_ReturnsPayment","Messages":[],"ComputerName":"TUSH-R","Duration":"00:00:00.0016240","StartTime":"2024-03-04T20:01:57.7572385+00:00","EndTime":"2024-03-04T20:01:57.7588621+00:00","Properties":[{"Key":{"Id":"NUnit.Seed","Label":"Seed","Category":"","Description":"","Attributes":0,"ValueType":"System.String"},"Value":"1715544964"}]},{"TestCase":{"Id":"5cac411e-4190-15a0-482b-b7c7d9dcb9c7","FullyQualifiedName":"COZYHAVENTEST.PaymentServiceTest.UpdatePayment_ValidPayment_ReturnsUpdatedPayment","DisplayName":"UpdatePayment_ValidPayment_ReturnsUpdatedPayment","ExecutorUri":"executor://NUnit3TestExecutor","Source":"D:\\CozyHaven\\COZYHAVEN_PROJECT\\COZYHAVENTEST\\bin\\Debug\\net6.0\\fine-code-coverage\\build-output\\COZYHAVENTEST.dll","CodeFilePath":null,"LineNumber":0,"Properties":[{"Key":{"Id":"NUnit.Seed","Label":"Seed","Category":"","Description":"","Attributes":0,"ValueType":"System.String"},"Value":"1673936349"}]},"Attachments":[],"Outcome":1,"ErrorMessage":null,"ErrorStackTrace":null,"DisplayName":"UpdatePayment_ValidPayment_ReturnsUpdatedPayment","Messages":[],"ComputerName":"TUSH-R","Duration":"00:00:00.0015040","StartTime":"2024-03-04T20:01:57.7588782+00:00","EndTime":"2024-03-04T20:01:57.7603818+00:00","Properties":[{"Key":{"Id":"NUnit.Seed","Label":"Seed","Category":"","Description":"","Attributes":0,"ValueType":"System.String"},"Value":"1673936349"}]}],"TestRunStatistics":{"ExecutedTests":27,"Stats":{"Passed":27}},"ActiveTests":[{"Id":"e2096169-086c-5fa4-6589-c1d5cb5cc266","FullyQualifiedName":"COZYHAVENTEST.ReservationServiceTest.AddReservation_ValidReservationDTO_ReturnsAddedReservation","DisplayName":"AddReservation_ValidReservationDTO_ReturnsAddedReservation","ExecutorUri":"executor://NUnit3TestExecutor","Source":"D:\\CozyHaven\\COZYHAVEN_PROJECT\\COZYHAVENTEST\\bin\\Debug\\net6.0\\fine-code-coverage\\build-output\\COZYHAVENTEST.dll","CodeFilePath":null,"LineNumber":0,"Properties":[{"Key":{"Id":"NUnit.Seed","Label":"Seed","Category":"","Description":"","Attributes":0,"ValueType":"System.String"},"Value":"1421641433"}]}]}}
TpTrace Verbose: 0 : 12048, 7, 2024/03/05, 01:31:57.776, 2873547716320, vstest.console.dll, TestRunRequest:SendTestRunStatsChange: Starting.
TpTrace Verbose: 0 : 12048, 7, 2024/03/05, 01:31:57.776, 2873547717310, vstest.console.dll, InProgress is AddReservation_ValidReservationDTO_ReturnsAddedReservation
TpTrace Verbose: 0 : 12048, 7, 2024/03/05, 01:31:57.776, 2873547718037, vstest.console.dll, MulticastDelegateUtilities.SafeInvoke: TestRun.RunStatsChanged: Invoking callbacks was skipped because there are no subscribers.
TpTrace Information: 0 : 12048, 7, 2024/03/05, 01:31:57.776, 2873547718474, vstest.console.dll, TestRunRequest:SendTestRunStatsChange: Completed.
TpTrace Verbose: 0 : 12048, 4, 2024/03/05, 01:31:57.777, 2873547718698, vstest.console.dll, MulticastDelegateUtilities.SafeInvoke: InternalTestLoggerEvents.SendTestResult: Invoking callback 1/1 for Microsoft.VisualStudio.TestPlatform.CommandLine.Internal.ConsoleLogger., took 0 ms.
TpTrace Verbose: 0 : 12048, 7, 2024/03/05, 01:31:57.777, 2873547718855, vstest.console.dll, MulticastDelegateUtilities.SafeInvoke: LengthPrefixCommunicationChannel: MessageReceived: Invoking callback 1/1 for Microsoft.VisualStudio.TestPlatform.CommunicationUtilities.TestRequestSender+<>c__DisplayClass34_0., took 1 ms.
TpTrace Verbose: 0 : 12048, 4, 2024/03/05, 01:31:57.777, 2873547719692, vstest.console.dll, MulticastDelegateUtilities.SafeInvoke: InternalTestLoggerEvents.SendTestResult: Invoking callback 1/1 for Microsoft.VisualStudio.TestPlatform.CommandLine.Internal.ConsoleLogger., took 0 ms.
TpTrace Verbose: 0 : 12048, 7, 2024/03/05, 01:31:57.777, 2873547719910, vstest.console.dll, TcpClientExtensions.MessageLoopAsync: Polling on remoteEndPoint: 127.0.0.1:49755 localEndPoint: 127.0.0.1:49754
TpTrace Verbose: 0 : 12048, 4, 2024/03/05, 01:31:57.777, 2873547721014, vstest.console.dll, MulticastDelegateUtilities.SafeInvoke: InternalTestLoggerEvents.SendTestResult: Invoking callback 1/1 for Microsoft.VisualStudio.TestPlatform.CommandLine.Internal.ConsoleLogger., took 0 ms.
TpTrace Verbose: 0 : 12048, 4, 2024/03/05, 01:31:57.778, 2873547737678, vstest.console.dll, MulticastDelegateUtilities.SafeInvoke: InternalTestLoggerEvents.SendTestResult: Invoking callback 1/1 for Microsoft.VisualStudio.TestPlatform.CommandLine.Internal.ConsoleLogger., took 1 ms.
TpTrace Verbose: 0 : 12048, 4, 2024/03/05, 01:31:57.779, 2873547740681, vstest.console.dll, MulticastDelegateUtilities.SafeInvoke: InternalTestLoggerEvents.SendTestResult: Invoking callback 1/1 for Microsoft.VisualStudio.TestPlatform.CommandLine.Internal.ConsoleLogger., took 0 ms.
TpTrace Verbose: 0 : 12048, 4, 2024/03/05, 01:31:57.779, 2873547741660, vstest.console.dll, MulticastDelegateUtilities.SafeInvoke: InternalTestLoggerEvents.SendTestResult: Invoking callback 1/1 for Microsoft.VisualStudio.TestPlatform.CommandLine.Internal.ConsoleLogger., took 0 ms.
TpTrace Verbose: 0 : 12048, 4, 2024/03/05, 01:31:57.779, 2873547742282, vstest.console.dll, MulticastDelegateUtilities.SafeInvoke: InternalTestLoggerEvents.SendTestResult: Invoking callback 1/1 for Microsoft.VisualStudio.TestPlatform.CommandLine.Internal.ConsoleLogger., took 0 ms.
TpTrace Verbose: 0 : 12048, 4, 2024/03/05, 01:31:57.779, 2873547742908, vstest.console.dll, MulticastDelegateUtilities.SafeInvoke: InternalTestLoggerEvents.SendTestResult: Invoking callback 1/1 for Microsoft.VisualStudio.TestPlatform.CommandLine.Internal.ConsoleLogger., took 0 ms.
TpTrace Verbose: 0 : 12048, 4, 2024/03/05, 01:31:57.779, 2873547743489, vstest.console.dll, MulticastDelegateUtilities.SafeInvoke: InternalTestLoggerEvents.SendTestResult: Invoking callback 1/1 for Microsoft.VisualStudio.TestPlatform.CommandLine.Internal.ConsoleLogger., took 0 ms.
TpTrace Verbose: 0 : 12048, 7, 2024/03/05, 01:31:57.806, 2873548009610, vstest.console.dll, TcpClientExtensions.MessageLoopAsync: NotifyDataAvailable remoteEndPoint: 127.0.0.1:49755 localEndPoint: 127.0.0.1:49754
TpTrace Verbose: 0 : 12048, 7, 2024/03/05, 01:31:57.806, 2873548012288, vstest.console.dll, TestRequestSender.OnExecutionMessageReceived: Received message: {"Version":7,"MessageType":"TestExecution.StatsChange","Payload":{"NewTestResults":[{"TestCase":{"Id":"e2096169-086c-5fa4-6589-c1d5cb5cc266","FullyQualifiedName":"COZYHAVENTEST.ReservationServiceTest.AddReservation_ValidReservationDTO_ReturnsAddedReservation","DisplayName":"AddReservation_ValidReservationDTO_ReturnsAddedReservation","ExecutorUri":"executor://NUnit3TestExecutor","Source":"D:\\CozyHaven\\COZYHAVEN_PROJECT\\COZYHAVENTEST\\bin\\Debug\\net6.0\\fine-code-coverage\\build-output\\COZYHAVENTEST.dll","CodeFilePath":null,"LineNumber":0,"Properties":[{"Key":{"Id":"NUnit.Seed","Label":"Seed","Category":"","Description":"","Attributes":0,"ValueType":"System.String"},"Value":"1421641433"}]},"Attachments":[],"Outcome":1,"ErrorMessage":null,"ErrorStackTrace":null,"DisplayName":"AddReservation_ValidReservationDTO_ReturnsAddedReservation","Messages":[],"ComputerName":"TUSH-R","Duration":"00:00:00.0139620","StartTime":"2024-03-04T20:01:57.7605028+00:00","EndTime":"2024-03-04T20:01:57.7744652+00:00","Properties":[{"Key":{"Id":"NUnit.Seed","Label":"Seed","Category":"","Description":"","Attributes":0,"ValueType":"System.String"},"Value":"1421641433"}]},{"TestCase":{"Id":"3c8398bb-c321-0218-ba75-89d63c69b0ac","FullyQualifiedName":"COZYHAVENTEST.ReservationServiceTest.DeleteReservation_ExistingReservationId_ReturnsDeletedReservation","DisplayName":"DeleteReservation_ExistingReservationId_ReturnsDeletedReservation","ExecutorUri":"executor://NUnit3TestExecutor","Source":"D:\\CozyHaven\\COZYHAVEN_PROJECT\\COZYHAVENTEST\\bin\\Debug\\net6.0\\fine-code-coverage\\build-output\\COZYHAVENTEST.dll","CodeFilePath":null,"LineNumber":0,"Properties":[{"Key":{"Id":"NUnit.Seed","Label":"Seed","Category":"","Description":"","Attributes":0,"ValueType":"System.String"},"Value":"1555916961"}]},"Attachments":[],"Outcome":1,"ErrorMessage":null,"ErrorStackTrace":null,"DisplayName":"DeleteReservation_ExistingReservationId_ReturnsDeletedReservation","Messages":[],"ComputerName":"TUSH-R","Duration":"00:00:00.0031130","StartTime":"2024-03-04T20:01:57.7744924+00:00","EndTime":"2024-03-04T20:01:57.7776053+00:00","Properties":[{"Key":{"Id":"NUnit.Seed","Label":"Seed","Category":"","Description":"","Attributes":0,"ValueType":"System.String"},"Value":"1555916961"}]},{"TestCase":{"Id":"9f6c9902-248e-70fa-23bb-96a7830c36a5","FullyQualifiedName":"COZYHAVENTEST.ReservationServiceTest.GetAllReservations_ReturnsListOfReservations","DisplayName":"GetAllReservations_ReturnsListOfReservations","ExecutorUri":"executor://NUnit3TestExecutor","Source":"D:\\CozyHaven\\COZYHAVEN_PROJECT\\COZYHAVENTEST\\bin\\Debug\\net6.0\\fine-code-coverage\\build-output\\COZYHAVENTEST.dll","CodeFilePath":null,"LineNumber":0,"Properties":[{"Key":{"Id":"NUnit.Seed","Label":"Seed","Category":"","Description":"","Attributes":0,"ValueType":"System.String"},"Value":"1875231822"}]},"Attachments":[],"Outcome":1,"ErrorMessage":null,"ErrorStackTrace":null,"DisplayName":"GetAllReservations_ReturnsListOfReservations","Messages":[],"ComputerName":"TUSH-R","Duration":"00:00:00.0008330","StartTime":"2024-03-04T20:01:57.7776286+00:00","EndTime":"2024-03-04T20:01:57.778461+00:00","Properties":[{"Key":{"Id":"NUnit.Seed","Label":"Seed","Category":"","Description":"","Attributes":0,"ValueType":"System.String"},"Value":"1875231822"}]},{"TestCase":{"Id":"7dbb0aaa-12db-cfc7-03ae-2fe1f2bd5aad","FullyQualifiedName":"COZYHAVENTEST.ReservationServiceTest.GetHotelReservations_ExistingHotelId_ReturnsListOfReservations","DisplayName":"GetHotelReservations_ExistingHotelId_ReturnsListOfReservations","ExecutorUri":"executor://NUnit3TestExecutor","Source":"D:\\CozyHaven\\COZYHAVEN_PROJECT\\COZYHAVENTEST\\bin\\Debug\\net6.0\\fine-code-coverage\\build-output\\COZYHAVENTEST.dll","CodeFilePath":null,"LineNumber":0,"Properties":[{"Key":{"Id":"NUnit.Seed","Label":"Seed","Category":"","Description":"","Attributes":0,"ValueType":"System.String"},"Value":"827772808"}]},"Attachments":[],"Outcome":1,"ErrorMessage":null,"ErrorStackTrace":null,"DisplayName":"GetHotelReservations_ExistingHotelId_ReturnsListOfReservations","Messages":[],"ComputerName":"TUSH-R","Duration":"00:00:00.0034900","StartTime":"2024-03-04T20:01:57.7784804+00:00","EndTime":"2024-03-04T20:01:57.78197+00:00","Properties":[{"Key":{"Id":"NUnit.Seed","Label":"Seed","Category":"","Description":"","Attributes":0,"ValueType":"System.String"},"Value":"827772808"}]},{"TestCase":{"Id":"ba170c95-03c8-4e9b-9878-714d5d737959","FullyQualifiedName":"COZYHAVENTEST.ReservationServiceTest.GetReservation_ExistingReservationId_ReturnsReservation","DisplayName":"GetReservation_ExistingReservationId_ReturnsReservation","ExecutorUri":"executor://NUnit3TestExecutor","Source":"D:\\CozyHaven\\COZYHAVEN_PROJECT\\COZYHAVENTEST\\bin\\Debug\\net6.0\\fine-code-coverage\\build-output\\COZYHAVENTEST.dll","CodeFilePath":null,"LineNumber":0,"Properties":[{"Key":{"Id":"NUnit.Seed","Label":"Seed","Category":"","Description":"","Attributes":0,"ValueType":"System.String"},"Value":"1226033385"}]},"Attachments":[],"Outcome":1,"ErrorMessage":null,"ErrorStackTrace":null,"DisplayName":"GetReservation_ExistingReservationId_ReturnsReservation","Messages":[],"ComputerName":"TUSH-R","Duration":"00:00:00.0014370","StartTime":"2024-03-04T20:01:57.7819897+00:00","EndTime":"2024-03-04T20:01:57.7834269+00:00","Properties":[{"Key":{"Id":"NUnit.Seed","Label":"Seed","Category":"","Description":"","Attributes":0,"ValueType":"System.String"},"Value":"1226033385"}]},{"TestCase":{"Id":"54f0b17a-f5df-cfef-f68a-be00f42f688c","FullyQualifiedName":"COZYHAVENTEST.ReservationServiceTest.GetReservationsByRoomId_ExistingRoomId_ReturnsListOfReservations","DisplayName":"GetReservationsByRoomId_ExistingRoomId_ReturnsListOfReservations","ExecutorUri":"executor://NUnit3TestExecutor","Source":"D:\\CozyHaven\\COZYHAVEN_PROJECT\\COZYHAVENTEST\\bin\\Debug\\net6.0\\fine-code-coverage\\build-output\\COZYHAVENTEST.dll","CodeFilePath":null,"LineNumber":0,"Properties":[{"Key":{"Id":"NUnit.Seed","Label":"Seed","Category":"","Description":"","Attributes":0,"ValueType":"System.String"},"Value":"1971814667"}]},"Attachments":[],"Outcome":1,"ErrorMessage":null,"ErrorStackTrace":null,"DisplayName":"GetReservationsByRoomId_ExistingRoomId_ReturnsListOfReservations","Messages":[],"ComputerName":"TUSH-R","Duration":"00:00:00.0007800","StartTime":"2024-03-04T20:01:57.7834437+00:00","EndTime":"2024-03-04T20:01:57.7842232+00:00","Properties":[{"Key":{"Id":"NUnit.Seed","Label":"Seed","Category":"","Description":"","Attributes":0,"ValueType":"System.String"},"Value":"1971814667"}]},{"TestCase":{"Id":"8d48eb16-da56-7aef-2775-7a810f7eeb3d","FullyQualifiedName":"COZYHAVENTEST.ReservationServiceTest.GetReservationsCount_ReturnsNumberOfReservations","DisplayName":"GetReservationsCount_ReturnsNumberOfReservations","ExecutorUri":"executor://NUnit3TestExecutor","Source":"D:\\CozyHaven\\COZYHAVEN_PROJECT\\COZYHAVENTEST\\bin\\Debug\\net6.0\\fine-code-coverage\\build-output\\COZYHAVENTEST.dll","CodeFilePath":null,"LineNumber":0,"Properties":[{"Key":{"Id":"NUnit.Seed","Label":"Seed","Category":"","Description":"","Attributes":0,"ValueType":"System.String"},"Value":"417542274"}]},"Attachments":[],"Outcome":1,"ErrorMessage":null,"ErrorStackTrace":null,"DisplayName":"GetReservationsCount_ReturnsNumberOfReservations","Messages":[],"ComputerName":"TUSH-R","Duration":"00:00:00.0015140","StartTime":"2024-03-04T20:01:57.784332+00:00","EndTime":"2024-03-04T20:01:57.7858458+00:00","Properties":[{"Key":{"Id":"NUnit.Seed","Label":"Seed","Category":"","Description":"","Attributes":0,"ValueType":"System.String"},"Value":"417542274"}]},{"TestCase":{"Id":"d2faa077-c60e-1a9c-4041-71e466cb3f7d","FullyQualifiedName":"COZYHAVENTEST.ReservationServiceTest.IsRoomAvailable_AvailableRoom_ReturnsTrue","DisplayName":"IsRoomAvailable_AvailableRoom_ReturnsTrue","ExecutorUri":"executor://NUnit3TestExecutor","Source":"D:\\CozyHaven\\COZYHAVEN_PROJECT\\COZYHAVENTEST\\bin\\Debug\\net6.0\\fine-code-coverage\\build-output\\COZYHAVENTEST.dll","CodeFilePath":null,"LineNumber":0,"Properties":[{"Key":{"Id":"NUnit.Seed","Label":"Seed","Category":"","Description":"","Attributes":0,"ValueType":"System.String"},"Value":"1797287484"}]},"Attachments":[],"Outcome":1,"ErrorMessage":null,"ErrorStackTrace":null,"DisplayName":"IsRoomAvailable_AvailableRoom_ReturnsTrue","Messages":[],"ComputerName":"TUSH-R","Duration":"00:00:00.0007180","StartTime":"2024-03-04T20:01:57.7858612+00:00","EndTime":"2024-03-04T20:01:57.7865792+00:00","Properties":[{"Key":{"Id":"NUnit.Seed","Label":"Seed","Category":"","Description":"","Attributes":0,"ValueType":"System.String"},"Value":"1797287484"}]},{"TestCase":{"Id":"dac07b8e-28f3-b967-2b99-4da0d0defd28","FullyQualifiedName":"COZYHAVENTEST.ReservationServiceTest.UpdateReservationStatus_ExistingReservationId_ReturnsUpdatedReservation","DisplayName":"UpdateReservationStatus_ExistingReservationId_ReturnsUpdatedReservation","ExecutorUri":"executor://NUnit3TestExecutor","Source":"D:\\CozyHaven\\COZYHAVEN_PROJECT\\COZYHAVENTEST\\bin\\Debug\\net6.0\\fine-code-coverage\\build-output\\COZYHAVENTEST.dll","CodeFilePath":null,"LineNumber":0,"Properties":[{"Key":{"Id":"NUnit.Seed","Label":"Seed","Category":"","Description":"","Attributes":0,"ValueType":"System.String"},"Value":"673489331"}]},"Attachments":[],"Outcome":1,"ErrorMessage":null,"ErrorStackTrace":null,"DisplayName":"UpdateReservationStatus_ExistingReservationId_ReturnsUpdatedReservation","Messages":[],"ComputerName":"TUSH-R","Duration":"00:00:00.0021679","StartTime":"2024-03-04T20:01:57.7865897+00:00","EndTime":"2024-03-04T20:01:57.7887575+00:00","Properties":[{"Key":{"Id":"NUnit.Seed","Label":"Seed","Category":"","Description":"","Attributes":0,"ValueType":"System.String"},"Value":"673489331"}]}],"TestRunStatistics":{"ExecutedTests":36,"Stats":{"Passed":36}},"ActiveTests":[{"Id":"3f55b69f-cdfc-876a-a3dd-f88028ba1cbd","FullyQualifiedName":"COZYHAVENTEST.ReviewServiceTest.AddReview_ValidReviewDTO_ReturnsAddedReview","DisplayName":"AddReview_ValidReviewDTO_ReturnsAddedReview","ExecutorUri":"executor://NUnit3TestExecutor","Source":"D:\\CozyHaven\\COZYHAVEN_PROJECT\\COZYHAVENTEST\\bin\\Debug\\net6.0\\fine-code-coverage\\build-output\\COZYHAVENTEST.dll","CodeFilePath":null,"LineNumber":0,"Properties":[{"Key":{"Id":"NUnit.Seed","Label":"Seed","Category":"","Description":"","Attributes":0,"ValueType":"System.String"},"Value":"1214281122"}]}]}}
TpTrace Verbose: 0 : 12048, 7, 2024/03/05, 01:31:57.807, 2873548026937, vstest.console.dll, TestRunRequest:SendTestRunStatsChange: Starting.
TpTrace Verbose: 0 : 12048, 7, 2024/03/05, 01:31:57.807, 2873548027585, vstest.console.dll, InProgress is AddReview_ValidReviewDTO_ReturnsAddedReview
TpTrace Verbose: 0 : 12048, 7, 2024/03/05, 01:31:57.807, 2873548028283, vstest.console.dll, MulticastDelegateUtilities.SafeInvoke: TestRun.RunStatsChanged: Invoking callbacks was skipped because there are no subscribers.
TpTrace Information: 0 : 12048, 7, 2024/03/05, 01:31:57.807, 2873548028556, vstest.console.dll, TestRunRequest:SendTestRunStatsChange: Completed.
TpTrace Verbose: 0 : 12048, 7, 2024/03/05, 01:31:57.808, 2873548028832, vstest.console.dll, MulticastDelegateUtilities.SafeInvoke: LengthPrefixCommunicationChannel: MessageReceived: Invoking callback 1/1 for Microsoft.VisualStudio.TestPlatform.CommunicationUtilities.TestRequestSender+<>c__DisplayClass34_0., took 1 ms.
TpTrace Verbose: 0 : 12048, 4, 2024/03/05, 01:31:57.808, 2873548028994, vstest.console.dll, MulticastDelegateUtilities.SafeInvoke: InternalTestLoggerEvents.SendTestResult: Invoking callback 1/1 for Microsoft.VisualStudio.TestPlatform.CommandLine.Internal.ConsoleLogger., took 0 ms.
TpTrace Verbose: 0 : 12048, 7, 2024/03/05, 01:31:57.808, 2873548029126, vstest.console.dll, TcpClientExtensions.MessageLoopAsync: Polling on remoteEndPoint: 127.0.0.1:49755 localEndPoint: 127.0.0.1:49754
TpTrace Verbose: 0 : 12048, 4, 2024/03/05, 01:31:57.808, 2873548029737, vstest.console.dll, MulticastDelegateUtilities.SafeInvoke: InternalTestLoggerEvents.SendTestResult: Invoking callback 1/1 for Microsoft.VisualStudio.TestPlatform.CommandLine.Internal.ConsoleLogger., took 0 ms.
TpTrace Verbose: 0 : 12048, 4, 2024/03/05, 01:31:57.808, 2873548030622, vstest.console.dll, MulticastDelegateUtilities.SafeInvoke: InternalTestLoggerEvents.SendTestResult: Invoking callback 1/1 for Microsoft.VisualStudio.TestPlatform.CommandLine.Internal.ConsoleLogger., took 0 ms.
TpTrace Verbose: 0 : 12048, 4, 2024/03/05, 01:31:57.808, 2873548031029, vstest.console.dll, MulticastDelegateUtilities.SafeInvoke: InternalTestLoggerEvents.SendTestResult: Invoking callback 1/1 for Microsoft.VisualStudio.TestPlatform.CommandLine.Internal.ConsoleLogger., took 0 ms.
TpTrace Verbose: 0 : 12048, 4, 2024/03/05, 01:31:57.808, 2873548031418, vstest.console.dll, MulticastDelegateUtilities.SafeInvoke: InternalTestLoggerEvents.SendTestResult: Invoking callback 1/1 for Microsoft.VisualStudio.TestPlatform.CommandLine.Internal.ConsoleLogger., took 0 ms.
TpTrace Verbose: 0 : 12048, 4, 2024/03/05, 01:31:57.808, 2873548031867, vstest.console.dll, MulticastDelegateUtilities.SafeInvoke: InternalTestLoggerEvents.SendTestResult: Invoking callback 1/1 for Microsoft.VisualStudio.TestPlatform.CommandLine.Internal.ConsoleLogger., took 0 ms.
TpTrace Verbose: 0 : 12048, 4, 2024/03/05, 01:31:57.808, 2873548032246, vstest.console.dll, MulticastDelegateUtilities.SafeInvoke: InternalTestLoggerEvents.SendTestResult: Invoking callback 1/1 for Microsoft.VisualStudio.TestPlatform.CommandLine.Internal.ConsoleLogger., took 0 ms.
TpTrace Verbose: 0 : 12048, 4, 2024/03/05, 01:31:57.808, 2873548032595, vstest.console.dll, MulticastDelegateUtilities.SafeInvoke: InternalTestLoggerEvents.SendTestResult: Invoking callback 1/1 for Microsoft.VisualStudio.TestPlatform.CommandLine.Internal.ConsoleLogger., took 0 ms.
TpTrace Verbose: 0 : 12048, 4, 2024/03/05, 01:31:57.808, 2873548033148, vstest.console.dll, MulticastDelegateUtilities.SafeInvoke: InternalTestLoggerEvents.SendTestResult: Invoking callback 1/1 for Microsoft.VisualStudio.TestPlatform.CommandLine.Internal.ConsoleLogger., took 0 ms.
TpTrace Verbose: 0 : 12048, 7, 2024/03/05, 01:31:57.828, 2873548238252, vstest.console.dll, TcpClientExtensions.MessageLoopAsync: NotifyDataAvailable remoteEndPoint: 127.0.0.1:49755 localEndPoint: 127.0.0.1:49754
TpTrace Verbose: 0 : 12048, 7, 2024/03/05, 01:31:57.829, 2873548241087, vstest.console.dll, TestRequestSender.OnExecutionMessageReceived: Received message: {"Version":7,"MessageType":"TestExecution.StatsChange","Payload":{"NewTestResults":[{"TestCase":{"Id":"3f55b69f-cdfc-876a-a3dd-f88028ba1cbd","FullyQualifiedName":"COZYHAVENTEST.ReviewServiceTest.AddReview_ValidReviewDTO_ReturnsAddedReview","DisplayName":"AddReview_ValidReviewDTO_ReturnsAddedReview","ExecutorUri":"executor://NUnit3TestExecutor","Source":"D:\\CozyHaven\\COZYHAVEN_PROJECT\\COZYHAVENTEST\\bin\\Debug\\net6.0\\fine-code-coverage\\build-output\\COZYHAVENTEST.dll","CodeFilePath":null,"LineNumber":0,"Properties":[{"Key":{"Id":"NUnit.Seed","Label":"Seed","Category":"","Description":"","Attributes":0,"ValueType":"System.String"},"Value":"1214281122"}]},"Attachments":[],"Outcome":1,"ErrorMessage":null,"ErrorStackTrace":null,"DisplayName":"AddReview_ValidReviewDTO_ReturnsAddedReview","Messages":[],"ComputerName":"TUSH-R","Duration":"00:00:00.0033760","StartTime":"2024-03-04T20:01:57.7888848+00:00","EndTime":"2024-03-04T20:01:57.7922602+00:00","Properties":[{"Key":{"Id":"NUnit.Seed","Label":"Seed","Category":"","Description":"","Attributes":0,"ValueType":"System.String"},"Value":"1214281122"}]},{"TestCase":{"Id":"566335ca-1e62-da65-7dc5-7e1b965c3da8","FullyQualifiedName":"COZYHAVENTEST.ReviewServiceTest.DeleteReview_ExistingReviewId_ReturnsDeletedReview","DisplayName":"DeleteReview_ExistingReviewId_ReturnsDeletedReview","ExecutorUri":"executor://NUnit3TestExecutor","Source":"D:\\CozyHaven\\COZYHAVEN_PROJECT\\COZYHAVENTEST\\bin\\Debug\\net6.0\\fine-code-coverage\\build-output\\COZYHAVENTEST.dll","CodeFilePath":null,"LineNumber":0,"Properties":[{"Key":{"Id":"NUnit.Seed","Label":"Seed","Category":"","Description":"","Attributes":0,"ValueType":"System.String"},"Value":"1722575434"}]},"Attachments":[],"Outcome":1,"ErrorMessage":null,"ErrorStackTrace":null,"DisplayName":"DeleteReview_ExistingReviewId_ReturnsDeletedReview","Messages":[],"ComputerName":"TUSH-R","Duration":"00:00:00.0022220","StartTime":"2024-03-04T20:01:57.792292+00:00","EndTime":"2024-03-04T20:01:57.7945141+00:00","Properties":[{"Key":{"Id":"NUnit.Seed","Label":"Seed","Category":"","Description":"","Attributes":0,"ValueType":"System.String"},"Value":"1722575434"}]},{"TestCase":{"Id":"673d3898-1d64-8615-c89d-cfa1c7ee6bf2","FullyQualifiedName":"COZYHAVENTEST.ReviewServiceTest.GetAllReviews_ReturnsListOfReviews","DisplayName":"GetAllReviews_ReturnsListOfReviews","ExecutorUri":"executor://NUnit3TestExecutor","Source":"D:\\CozyHaven\\COZYHAVEN_PROJECT\\COZYHAVENTEST\\bin\\Debug\\net6.0\\fine-code-coverage\\build-output\\COZYHAVENTEST.dll","CodeFilePath":null,"LineNumber":0,"Properties":[{"Key":{"Id":"NUnit.Seed","Label":"Seed","Category":"","Description":"","Attributes":0,"ValueType":"System.String"},"Value":"306050589"}]},"Attachments":[],"Outcome":1,"ErrorMessage":null,"ErrorStackTrace":null,"DisplayName":"GetAllReviews_ReturnsListOfReviews","Messages":[],"ComputerName":"TUSH-R","Duration":"00:00:00.0020520","StartTime":"2024-03-04T20:01:57.7945342+00:00","EndTime":"2024-03-04T20:01:57.7965857+00:00","Properties":[{"Key":{"Id":"NUnit.Seed","Label":"Seed","Category":"","Description":"","Attributes":0,"ValueType":"System.String"},"Value":"306050589"}]},{"TestCase":{"Id":"ddccd554-2567-b88a-2568-ff16857a4600","FullyQualifiedName":"COZYHAVENTEST.ReviewServiceTest.GetReview_ExistingReviewId_ReturnsReview","DisplayName":"GetReview_ExistingReviewId_ReturnsReview","ExecutorUri":"executor://NUnit3TestExecutor","Source":"D:\\CozyHaven\\COZYHAVEN_PROJECT\\COZYHAVENTEST\\bin\\Debug\\net6.0\\fine-code-coverage\\build-output\\COZYHAVENTEST.dll","CodeFilePath":null,"LineNumber":0,"Properties":[{"Key":{"Id":"NUnit.Seed","Label":"Seed","Category":"","Description":"","Attributes":0,"ValueType":"System.String"},"Value":"48784613"}]},"Attachments":[],"Outcome":1,"ErrorMessage":null,"ErrorStackTrace":null,"DisplayName":"GetReview_ExistingReviewId_ReturnsReview","Messages":[],"ComputerName":"TUSH-R","Duration":"00:00:00.0010010","StartTime":"2024-03-04T20:01:57.7965981+00:00","EndTime":"2024-03-04T20:01:57.7975986+00:00","Properties":[{"Key":{"Id":"NUnit.Seed","Label":"Seed","Category":"","Description":"","Attributes":0,"ValueType":"System.String"},"Value":"48784613"}]},{"TestCase":{"Id":"f34b27b9-16d0-b47c-6397-2d609b3a42bb","FullyQualifiedName":"COZYHAVENTEST.ReviewServiceTest.UpdateReviewRating_ExistingReviewId_ReturnsUpdatedReview","DisplayName":"UpdateReviewRating_ExistingReviewId_ReturnsUpdatedReview","ExecutorUri":"executor://NUnit3TestExecutor","Source":"D:\\CozyHaven\\COZYHAVEN_PROJECT\\COZYHAVENTEST\\bin\\Debug\\net6.0\\fine-code-coverage\\build-output\\COZYHAVENTEST.dll","CodeFilePath":null,"LineNumber":0,"Properties":[{"Key":{"Id":"NUnit.Seed","Label":"Seed","Category":"","Description":"","Attributes":0,"ValueType":"System.String"},"Value":"1818017967"}]},"Attachments":[],"Outcome":1,"ErrorMessage":null,"ErrorStackTrace":null,"DisplayName":"UpdateReviewRating_ExistingReviewId_ReturnsUpdatedReview","Messages":[],"ComputerName":"TUSH-R","Duration":"00:00:00.0034190","StartTime":"2024-03-04T20:01:57.7976101+00:00","EndTime":"2024-03-04T20:01:57.8010292+00:00","Properties":[{"Key":{"Id":"NUnit.Seed","Label":"Seed","Category":"","Description":"","Attributes":0,"ValueType":"System.String"},"Value":"1818017967"}]},{"TestCase":{"Id":"89195643-01d4-2da1-b10f-080e0c1c5541","FullyQualifiedName":"COZYHAVENTEST.RoomServiceTest.AddRoom_ValidRoomDto_ReturnsAddedRoom","DisplayName":"AddRoom_ValidRoomDto_ReturnsAddedRoom","ExecutorUri":"executor://NUnit3TestExecutor","Source":"D:\\CozyHaven\\COZYHAVEN_PROJECT\\COZYHAVENTEST\\bin\\Debug\\net6.0\\fine-code-coverage\\build-output\\COZYHAVENTEST.dll","CodeFilePath":null,"LineNumber":0,"Properties":[{"Key":{"Id":"NUnit.Seed","Label":"Seed","Category":"","Description":"","Attributes":0,"ValueType":"System.String"},"Value":"1702230058"}]},"Attachments":[],"Outcome":1,"ErrorMessage":null,"ErrorStackTrace":null,"DisplayName":"AddRoom_ValidRoomDto_ReturnsAddedRoom","Messages":[],"ComputerName":"TUSH-R","Duration":"00:00:00.0052050","StartTime":"2024-03-04T20:01:57.8011433+00:00","EndTime":"2024-03-04T20:01:57.8063482+00:00","Properties":[{"Key":{"Id":"NUnit.Seed","Label":"Seed","Category":"","Description":"","Attributes":0,"ValueType":"System.String"},"Value":"1702230058"}]},{"TestCase":{"Id":"bf222bc0-82a2-6097-942c-bdbda9519dbd","FullyQualifiedName":"COZYHAVENTEST.RoomServiceTest.DeleteRoom_ExistingRoomId_ReturnsDeletedRoom","DisplayName":"DeleteRoom_ExistingRoomId_ReturnsDeletedRoom","ExecutorUri":"executor://NUnit3TestExecutor","Source":"D:\\CozyHaven\\COZYHAVEN_PROJECT\\COZYHAVENTEST\\bin\\Debug\\net6.0\\fine-code-coverage\\build-output\\COZYHAVENTEST.dll","CodeFilePath":null,"LineNumber":0,"Properties":[{"Key":{"Id":"NUnit.Seed","Label":"Seed","Category":"","Description":"","Attributes":0,"ValueType":"System.String"},"Value":"575094247"}]},"Attachments":[],"Outcome":1,"ErrorMessage":null,"ErrorStackTrace":null,"DisplayName":"DeleteRoom_ExistingRoomId_ReturnsDeletedRoom","Messages":[],"ComputerName":"TUSH-R","Duration":"00:00:00.0023540","StartTime":"2024-03-04T20:01:57.8063707+00:00","EndTime":"2024-03-04T20:01:57.8087245+00:00","Properties":[{"Key":{"Id":"NUnit.Seed","Label":"Seed","Category":"","Description":"","Attributes":0,"ValueType":"System.String"},"Value":"575094247"}]},{"TestCase":{"Id":"7b71cf7a-7536-a0eb-5b1d-f71d0e59614a","FullyQualifiedName":"COZYHAVENTEST.RoomServiceTest.GetAllRooms_ReturnsListOfRooms","DisplayName":"GetAllRooms_ReturnsListOfRooms","ExecutorUri":"executor://NUnit3TestExecutor","Source":"D:\\CozyHaven\\COZYHAVEN_PROJECT\\COZYHAVENTEST\\bin\\Debug\\net6.0\\fine-code-coverage\\build-output\\COZYHAVENTEST.dll","CodeFilePath":null,"LineNumber":0,"Properties":[{"Key":{"Id":"NUnit.Seed","Label":"Seed","Category":"","Description":"","Attributes":0,"ValueType":"System.String"},"Value":"562718031"}]},"Attachments":[],"Outcome":1,"ErrorMessage":null,"ErrorStackTrace":null,"DisplayName":"GetAllRooms_ReturnsListOfRooms","Messages":[],"ComputerName":"TUSH-R","Duration":"00:00:00.0012849","StartTime":"2024-03-04T20:01:57.8087659+00:00","EndTime":"2024-03-04T20:01:57.8100509+00:00","Properties":[{"Key":{"Id":"NUnit.Seed","Label":"Seed","Category":"","Description":"","Attributes":0,"ValueType":"System.String"},"Value":"562718031"}]},{"TestCase":{"Id":"9a7c8b2e-458b-96fd-e7f3-dace994390f4","FullyQualifiedName":"COZYHAVENTEST.RoomServiceTest.GetAvailableRooms_NoAvailableRooms_ThrowsRoomNotFoundException","DisplayName":"GetAvailableRooms_NoAvailableRooms_ThrowsRoomNotFoundException","ExecutorUri":"executor://NUnit3TestExecutor","Source":"D:\\CozyHaven\\COZYHAVEN_PROJECT\\COZYHAVENTEST\\bin\\Debug\\net6.0\\fine-code-coverage\\build-output\\COZYHAVENTEST.dll","CodeFilePath":null,"LineNumber":0,"Properties":[{"Key":{"Id":"NUnit.Seed","Label":"Seed","Category":"","Description":"","Attributes":0,"ValueType":"System.String"},"Value":"86679189"}]},"Attachments":[],"Outcome":1,"ErrorMessage":null,"ErrorStackTrace":null,"DisplayName":"GetAvailableRooms_NoAvailableRooms_ThrowsRoomNotFoundException","Messages":[],"ComputerName":"TUSH-R","Duration":"00:00:00.0009980","StartTime":"2024-03-04T20:01:57.8100632+00:00","EndTime":"2024-03-04T20:01:57.8110612+00:00","Properties":[{"Key":{"Id":"NUnit.Seed","Label":"Seed","Category":"","Description":"","Attributes":0,"ValueType":"System.String"},"Value":"86679189"}]}],"TestRunStatistics":{"ExecutedTests":45,"Stats":{"Passed":45}},"ActiveTests":[{"Id":"0306a575-3199-2bf8-00e8-d5a5e3235ff1","FullyQualifiedName":"COZYHAVENTEST.RoomServiceTest.GetAvailableRooms_ReturnsListOfAvailableRooms","DisplayName":"GetAvailableRooms_ReturnsListOfAvailableRooms","ExecutorUri":"executor://NUnit3TestExecutor","Source":"D:\\CozyHaven\\COZYHAVEN_PROJECT\\COZYHAVENTEST\\bin\\Debug\\net6.0\\fine-code-coverage\\build-output\\COZYHAVENTEST.dll","CodeFilePath":null,"LineNumber":0,"Properties":[{"Key":{"Id":"NUnit.Seed","Label":"Seed","Category":"","Description":"","Attributes":0,"ValueType":"System.String"},"Value":"1335141953"}]}]}}
TpTrace Verbose: 0 : 12048, 7, 2024/03/05, 01:31:57.830, 2873548254557, vstest.console.dll, TestRunRequest:SendTestRunStatsChange: Starting.
TpTrace Verbose: 0 : 12048, 7, 2024/03/05, 01:31:57.830, 2873548255252, vstest.console.dll, InProgress is GetAvailableRooms_ReturnsListOfAvailableRooms
TpTrace Verbose: 0 : 12048, 7, 2024/03/05, 01:31:57.830, 2873548256065, vstest.console.dll, MulticastDelegateUtilities.SafeInvoke: TestRun.RunStatsChanged: Invoking callbacks was skipped because there are no subscribers.
TpTrace Information: 0 : 12048, 7, 2024/03/05, 01:31:57.830, 2873548256363, vstest.console.dll, TestRunRequest:SendTestRunStatsChange: Completed.
TpTrace Verbose: 0 : 12048, 7, 2024/03/05, 01:31:57.830, 2873548256642, vstest.console.dll, MulticastDelegateUtilities.SafeInvoke: LengthPrefixCommunicationChannel: MessageReceived: Invoking callback 1/1 for Microsoft.VisualStudio.TestPlatform.CommunicationUtilities.TestRequestSender+<>c__DisplayClass34_0., took 1 ms.
TpTrace Verbose: 0 : 12048, 4, 2024/03/05, 01:31:57.830, 2873548256772, vstest.console.dll, MulticastDelegateUtilities.SafeInvoke: InternalTestLoggerEvents.SendTestResult: Invoking callback 1/1 for Microsoft.VisualStudio.TestPlatform.CommandLine.Internal.ConsoleLogger., took 0 ms.
TpTrace Verbose: 0 : 12048, 7, 2024/03/05, 01:31:57.830, 2873548257607, vstest.console.dll, TcpClientExtensions.MessageLoopAsync: Polling on remoteEndPoint: 127.0.0.1:49755 localEndPoint: 127.0.0.1:49754
TpTrace Verbose: 0 : 12048, 4, 2024/03/05, 01:31:57.830, 2873548257985, vstest.console.dll, MulticastDelegateUtilities.SafeInvoke: InternalTestLoggerEvents.SendTestResult: Invoking callback 1/1 for Microsoft.VisualStudio.TestPlatform.CommandLine.Internal.ConsoleLogger., took 0 ms.
TpTrace Verbose: 0 : 12048, 4, 2024/03/05, 01:31:57.831, 2873548258824, vstest.console.dll, MulticastDelegateUtilities.SafeInvoke: InternalTestLoggerEvents.SendTestResult: Invoking callback 1/1 for Microsoft.VisualStudio.TestPlatform.CommandLine.Internal.ConsoleLogger., took 0 ms.
TpTrace Verbose: 0 : 12048, 4, 2024/03/05, 01:31:57.831, 2873548259357, vstest.console.dll, MulticastDelegateUtilities.SafeInvoke: InternalTestLoggerEvents.SendTestResult: Invoking callback 1/1 for Microsoft.VisualStudio.TestPlatform.CommandLine.Internal.ConsoleLogger., took 0 ms.
TpTrace Verbose: 0 : 12048, 4, 2024/03/05, 01:31:57.831, 2873548259763, vstest.console.dll, MulticastDelegateUtilities.SafeInvoke: InternalTestLoggerEvents.SendTestResult: Invoking callback 1/1 for Microsoft.VisualStudio.TestPlatform.CommandLine.Internal.ConsoleLogger., took 0 ms.
TpTrace Verbose: 0 : 12048, 4, 2024/03/05, 01:31:57.831, 2873548260351, vstest.console.dll, MulticastDelegateUtilities.SafeInvoke: InternalTestLoggerEvents.SendTestResult: Invoking callback 1/1 for Microsoft.VisualStudio.TestPlatform.CommandLine.Internal.ConsoleLogger., took 0 ms.
TpTrace Verbose: 0 : 12048, 4, 2024/03/05, 01:31:57.831, 2873548260776, vstest.console.dll, MulticastDelegateUtilities.SafeInvoke: InternalTestLoggerEvents.SendTestResult: Invoking callback 1/1 for Microsoft.VisualStudio.TestPlatform.CommandLine.Internal.ConsoleLogger., took 0 ms.
TpTrace Verbose: 0 : 12048, 4, 2024/03/05, 01:31:57.831, 2873548261161, vstest.console.dll, MulticastDelegateUtilities.SafeInvoke: InternalTestLoggerEvents.SendTestResult: Invoking callback 1/1 for Microsoft.VisualStudio.TestPlatform.CommandLine.Internal.ConsoleLogger., took 0 ms.
TpTrace Verbose: 0 : 12048, 4, 2024/03/05, 01:31:57.831, 2873548261716, vstest.console.dll, MulticastDelegateUtilities.SafeInvoke: InternalTestLoggerEvents.SendTestResult: Invoking callback 1/1 for Microsoft.VisualStudio.TestPlatform.CommandLine.Internal.ConsoleLogger., took 0 ms.
TpTrace Verbose: 0 : 12048, 7, 2024/03/05, 01:31:57.861, 2873548564927, vstest.console.dll, TcpClientExtensions.MessageLoopAsync: NotifyDataAvailable remoteEndPoint: 127.0.0.1:49755 localEndPoint: 127.0.0.1:49754
TpTrace Verbose: 0 : 12048, 7, 2024/03/05, 01:31:57.861, 2873548567978, vstest.console.dll, TestRequestSender.OnExecutionMessageReceived: Received message: {"Version":7,"MessageType":"TestExecution.StatsChange","Payload":{"NewTestResults":[{"TestCase":{"Id":"0306a575-3199-2bf8-00e8-d5a5e3235ff1","FullyQualifiedName":"COZYHAVENTEST.RoomServiceTest.GetAvailableRooms_ReturnsListOfAvailableRooms","DisplayName":"GetAvailableRooms_ReturnsListOfAvailableRooms","ExecutorUri":"executor://NUnit3TestExecutor","Source":"D:\\CozyHaven\\COZYHAVEN_PROJECT\\COZYHAVENTEST\\bin\\Debug\\net6.0\\fine-code-coverage\\build-output\\COZYHAVENTEST.dll","CodeFilePath":null,"LineNumber":0,"Properties":[{"Key":{"Id":"NUnit.Seed","Label":"Seed","Category":"","Description":"","Attributes":0,"ValueType":"System.String"},"Value":"1335141953"}]},"Attachments":[],"Outcome":1,"ErrorMessage":null,"ErrorStackTrace":null,"DisplayName":"GetAvailableRooms_ReturnsListOfAvailableRooms","Messages":[],"ComputerName":"TUSH-R","Duration":"00:00:00.0010390","StartTime":"2024-03-04T20:01:57.8110722+00:00","EndTime":"2024-03-04T20:01:57.8121106+00:00","Properties":[{"Key":{"Id":"NUnit.Seed","Label":"Seed","Category":"","Description":"","Attributes":0,"ValueType":"System.String"},"Value":"1335141953"}]},{"TestCase":{"Id":"34da74d8-f11f-cec9-370c-14ed76a337a7","FullyQualifiedName":"COZYHAVENTEST.RoomServiceTest.GetRoom_ExistingRoomId_ReturnsRoom","DisplayName":"GetRoom_ExistingRoomId_ReturnsRoom","ExecutorUri":"executor://NUnit3TestExecutor","Source":"D:\\CozyHaven\\COZYHAVEN_PROJECT\\COZYHAVENTEST\\bin\\Debug\\net6.0\\fine-code-coverage\\build-output\\COZYHAVENTEST.dll","CodeFilePath":null,"LineNumber":0,"Properties":[{"Key":{"Id":"NUnit.Seed","Label":"Seed","Category":"","Description":"","Attributes":0,"ValueType":"System.String"},"Value":"990459325"}]},"Attachments":[],"Outcome":1,"ErrorMessage":null,"ErrorStackTrace":null,"DisplayName":"GetRoom_ExistingRoomId_ReturnsRoom","Messages":[],"ComputerName":"TUSH-R","Duration":"00:00:00.0009640","StartTime":"2024-03-04T20:01:57.8121219+00:00","EndTime":"2024-03-04T20:01:57.8130859+00:00","Properties":[{"Key":{"Id":"NUnit.Seed","Label":"Seed","Category":"","Description":"","Attributes":0,"ValueType":"System.String"},"Value":"990459325"}]},{"TestCase":{"Id":"e5d16822-54e9-8fa6-ea80-88ac8911e16a","FullyQualifiedName":"COZYHAVENTEST.RoomServiceTest.GetRoom_NonExistingRoomId_ThrowsRoomNotFoundException","DisplayName":"GetRoom_NonExistingRoomId_ThrowsRoomNotFoundException","ExecutorUri":"executor://NUnit3TestExecutor","Source":"D:\\CozyHaven\\COZYHAVEN_PROJECT\\COZYHAVENTEST\\bin\\Debug\\net6.0\\fine-code-coverage\\build-output\\COZYHAVENTEST.dll","CodeFilePath":null,"LineNumber":0,"Properties":[{"Key":{"Id":"NUnit.Seed","Label":"Seed","Category":"","Description":"","Attributes":0,"ValueType":"System.String"},"Value":"1584000635"}]},"Attachments":[],"Outcome":1,"ErrorMessage":null,"ErrorStackTrace":null,"DisplayName":"GetRoom_NonExistingRoomId_ThrowsRoomNotFoundException","Messages":[],"ComputerName":"TUSH-R","Duration":"00:00:00.0007540","StartTime":"2024-03-04T20:01:57.8130964+00:00","EndTime":"2024-03-04T20:01:57.8138502+00:00","Properties":[{"Key":{"Id":"NUnit.Seed","Label":"Seed","Category":"","Description":"","Attributes":0,"ValueType":"System.String"},"Value":"1584000635"}]},{"TestCase":{"Id":"b48fcb36-b947-5ef6-e018-84ae659ce5a7","FullyQualifiedName":"COZYHAVENTEST.RoomServiceTest.GetRoomReservations_ExistingRoomId_ReturnsRoomReservations","DisplayName":"GetRoomReservations_ExistingRoomId_ReturnsRoomReservations","ExecutorUri":"executor://NUnit3TestExecutor","Source":"D:\\CozyHaven\\COZYHAVEN_PROJECT\\COZYHAVENTEST\\bin\\Debug\\net6.0\\fine-code-coverage\\build-output\\COZYHAVENTEST.dll","CodeFilePath":null,"LineNumber":0,"Properties":[{"Key":{"Id":"NUnit.Seed","Label":"Seed","Category":"","Description":"","Attributes":0,"ValueType":"System.String"},"Value":"191588320"}]},"Attachments":[],"Outcome":1,"ErrorMessage":null,"ErrorStackTrace":null,"DisplayName":"GetRoomReservations_ExistingRoomId_ReturnsRoomReservations","Messages":[],"ComputerName":"TUSH-R","Duration":"00:00:00.0019170","StartTime":"2024-03-04T20:01:57.8138603+00:00","EndTime":"2024-03-04T20:01:57.8157771+00:00","Properties":[{"Key":{"Id":"NUnit.Seed","Label":"Seed","Category":"","Description":"","Attributes":0,"ValueType":"System.String"},"Value":"191588320"}]},{"TestCase":{"Id":"890303c4-aa8f-6ae1-4415-cb17db754811","FullyQualifiedName":"COZYHAVENTEST.RoomServiceTest.GetRoomReservations_NonExistingRoomId_ThrowsRoomNotFoundException","DisplayName":"GetRoomReservations_NonExistingRoomId_ThrowsRoomNotFoundException","ExecutorUri":"executor://NUnit3TestExecutor","Source":"D:\\CozyHaven\\COZYHAVEN_PROJECT\\COZYHAVENTEST\\bin\\Debug\\net6.0\\fine-code-coverage\\build-output\\COZYHAVENTEST.dll","CodeFilePath":null,"LineNumber":0,"Properties":[{"Key":{"Id":"NUnit.Seed","Label":"Seed","Category":"","Description":"","Attributes":0,"ValueType":"System.String"},"Value":"1757418180"}]},"Attachments":[],"Outcome":1,"ErrorMessage":null,"ErrorStackTrace":null,"DisplayName":"GetRoomReservations_NonExistingRoomId_ThrowsRoomNotFoundException","Messages":[],"ComputerName":"TUSH-R","Duration":"00:00:00.0009410","StartTime":"2024-03-04T20:01:57.8157989+00:00","EndTime":"2024-03-04T20:01:57.8167395+00:00","Properties":[{"Key":{"Id":"NUnit.Seed","Label":"Seed","Category":"","Description":"","Attributes":0,"ValueType":"System.String"},"Value":"1757418180"}]},{"TestCase":{"Id":"09b1bff0-fd2c-9a5c-eabe-8e5401d7c811","FullyQualifiedName":"COZYHAVENTEST.RoomServiceTest.GetRoomReservations_NullReservations_ThrowsRoomNotFoundException","DisplayName":"GetRoomReservations_NullReservations_ThrowsRoomNotFoundException","ExecutorUri":"executor://NUnit3TestExecutor","Source":"D:\\CozyHaven\\COZYHAVEN_PROJECT\\COZYHAVENTEST\\bin\\Debug\\net6.0\\fine-code-coverage\\build-output\\COZYHAVENTEST.dll","CodeFilePath":null,"LineNumber":0,"Properties":[{"Key":{"Id":"NUnit.Seed","Label":"Seed","Category":"","Description":"","Attributes":0,"ValueType":"System.String"},"Value":"1776405856"}]},"Attachments":[],"Outcome":1,"ErrorMessage":null,"ErrorStackTrace":null,"DisplayName":"GetRoomReservations_NullReservations_ThrowsRoomNotFoundException","Messages":[],"ComputerName":"TUSH-R","Duration":"00:00:00.0007900","StartTime":"2024-03-04T20:01:57.8167521+00:00","EndTime":"2024-03-04T20:01:57.8175417+00:00","Properties":[{"Key":{"Id":"NUnit.Seed","Label":"Seed","Category":"","Description":"","Attributes":0,"ValueType":"System.String"},"Value":"1776405856"}]},{"TestCase":{"Id":"3e2de32a-fa5b-cf55-d603-40c7303c1b62","FullyQualifiedName":"COZYHAVENTEST.RoomServiceTest.UpdateRoomDetails_ExistingRoomDto_ReturnsUpdatedRoom","DisplayName":"UpdateRoomDetails_ExistingRoomDto_ReturnsUpdatedRoom","ExecutorUri":"executor://NUnit3TestExecutor","Source":"D:\\CozyHaven\\COZYHAVEN_PROJECT\\COZYHAVENTEST\\bin\\Debug\\net6.0\\fine-code-coverage\\build-output\\COZYHAVENTEST.dll","CodeFilePath":null,"LineNumber":0,"Properties":[{"Key":{"Id":"NUnit.Seed","Label":"Seed","Category":"","Description":"","Attributes":0,"ValueType":"System.String"},"Value":"1428507106"}]},"Attachments":[],"Outcome":1,"ErrorMessage":null,"ErrorStackTrace":null,"DisplayName":"UpdateRoomDetails_ExistingRoomDto_ReturnsUpdatedRoom","Messages":[],"ComputerName":"TUSH-R","Duration":"00:00:00.0017930","StartTime":"2024-03-04T20:01:57.8175522+00:00","EndTime":"2024-03-04T20:01:57.8193451+00:00","Properties":[{"Key":{"Id":"NUnit.Seed","Label":"Seed","Category":"","Description":"","Attributes":0,"ValueType":"System.String"},"Value":"1428507106"}]},{"TestCase":{"Id":"fb88ab34-eb07-ad89-d6b2-6709a2998840","FullyQualifiedName":"COZYHAVENTEST.RoomServiceTest.UpdateRoomDetails_NonExistingRoomDto_ThrowsRoomNotFoundException","DisplayName":"UpdateRoomDetails_NonExistingRoomDto_ThrowsRoomNotFoundException","ExecutorUri":"executor://NUnit3TestExecutor","Source":"D:\\CozyHaven\\COZYHAVEN_PROJECT\\COZYHAVENTEST\\bin\\Debug\\net6.0\\fine-code-coverage\\build-output\\COZYHAVENTEST.dll","CodeFilePath":null,"LineNumber":0,"Properties":[{"Key":{"Id":"NUnit.Seed","Label":"Seed","Category":"","Description":"","Attributes":0,"ValueType":"System.String"},"Value":"2100941497"}]},"Attachments":[],"Outcome":1,"ErrorMessage":null,"ErrorStackTrace":null,"DisplayName":"UpdateRoomDetails_NonExistingRoomDto_ThrowsRoomNotFoundException","Messages":[],"ComputerName":"TUSH-R","Duration":"00:00:00.0010399","StartTime":"2024-03-04T20:01:57.8193608+00:00","EndTime":"2024-03-04T20:01:57.8204011+00:00","Properties":[{"Key":{"Id":"NUnit.Seed","Label":"Seed","Category":"","Description":"","Attributes":0,"ValueType":"System.String"},"Value":"2100941497"}]},{"TestCase":{"Id":"80e0a420-2815-a928-817f-a7e700440a37","FullyQualifiedName":"COZYHAVENTEST.RoomServiceTest.UpdateRoomPrice_ExistingRoomId_ReturnsUpdatedRoom","DisplayName":"UpdateRoomPrice_ExistingRoomId_ReturnsUpdatedRoom","ExecutorUri":"executor://NUnit3TestExecutor","Source":"D:\\CozyHaven\\COZYHAVEN_PROJECT\\COZYHAVENTEST\\bin\\Debug\\net6.0\\fine-code-coverage\\build-output\\COZYHAVENTEST.dll","CodeFilePath":null,"LineNumber":0,"Properties":[{"Key":{"Id":"NUnit.Seed","Label":"Seed","Category":"","Description":"","Attributes":0,"ValueType":"System.String"},"Value":"1935524479"}]},"Attachments":[],"Outcome":1,"ErrorMessage":null,"ErrorStackTrace":null,"DisplayName":"UpdateRoomPrice_ExistingRoomId_ReturnsUpdatedRoom","Messages":[],"ComputerName":"TUSH-R","Duration":"00:00:00.0014150","StartTime":"2024-03-04T20:01:57.8204132+00:00","EndTime":"2024-03-04T20:01:57.8218277+00:00","Properties":[{"Key":{"Id":"NUnit.Seed","Label":"Seed","Category":"","Description":"","Attributes":0,"ValueType":"System.String"},"Value":"1935524479"}]}],"TestRunStatistics":{"ExecutedTests":54,"Stats":{"Passed":54}},"ActiveTests":[{"Id":"bfc1037c-7fd8-71e3-81be-01d993164f7e","FullyQualifiedName":"COZYHAVENTEST.RoomServiceTest.UpdateRoomPrice_NonExistingRoomId_ThrowsRoomNotFoundException","DisplayName":"UpdateRoomPrice_NonExistingRoomId_ThrowsRoomNotFoundException","ExecutorUri":"executor://NUnit3TestExecutor","Source":"D:\\CozyHaven\\COZYHAVEN_PROJECT\\COZYHAVENTEST\\bin\\Debug\\net6.0\\fine-code-coverage\\build-output\\COZYHAVENTEST.dll","CodeFilePath":null,"LineNumber":0,"Properties":[{"Key":{"Id":"NUnit.Seed","Label":"Seed","Category":"","Description":"","Attributes":0,"ValueType":"System.String"},"Value":"730698796"}]}]}}
TpTrace Verbose: 0 : 12048, 7, 2024/03/05, 01:31:57.863, 2873548581734, vstest.console.dll, TestRunRequest:SendTestRunStatsChange: Starting.
TpTrace Verbose: 0 : 12048, 7, 2024/03/05, 01:31:57.863, 2873548582272, vstest.console.dll, InProgress is UpdateRoomPrice_NonExistingRoomId_ThrowsRoomNotFoundException
TpTrace Verbose: 0 : 12048, 7, 2024/03/05, 01:31:57.863, 2873548582744, vstest.console.dll, MulticastDelegateUtilities.SafeInvoke: TestRun.RunStatsChanged: Invoking callbacks was skipped because there are no subscribers.
TpTrace Information: 0 : 12048, 7, 2024/03/05, 01:31:57.863, 2873548583358, vstest.console.dll, TestRunRequest:SendTestRunStatsChange: Completed.
TpTrace Verbose: 0 : 12048, 7, 2024/03/05, 01:31:57.863, 2873548583623, vstest.console.dll, MulticastDelegateUtilities.SafeInvoke: LengthPrefixCommunicationChannel: MessageReceived: Invoking callback 1/1 for Microsoft.VisualStudio.TestPlatform.CommunicationUtilities.TestRequestSender+<>c__DisplayClass34_0., took 1 ms.
TpTrace Verbose: 0 : 12048, 7, 2024/03/05, 01:31:57.863, 2873548583912, vstest.console.dll, TcpClientExtensions.MessageLoopAsync: Polling on remoteEndPoint: 127.0.0.1:49755 localEndPoint: 127.0.0.1:49754
TpTrace Verbose: 0 : 12048, 4, 2024/03/05, 01:31:57.863, 2873548583886, vstest.console.dll, MulticastDelegateUtilities.SafeInvoke: InternalTestLoggerEvents.SendTestResult: Invoking callback 1/1 for Microsoft.VisualStudio.TestPlatform.CommandLine.Internal.ConsoleLogger., took 0 ms.
TpTrace Verbose: 0 : 12048, 4, 2024/03/05, 01:31:57.863, 2873548585007, vstest.console.dll, MulticastDelegateUtilities.SafeInvoke: InternalTestLoggerEvents.SendTestResult: Invoking callback 1/1 for Microsoft.VisualStudio.TestPlatform.CommandLine.Internal.ConsoleLogger., took 0 ms.
TpTrace Verbose: 0 : 12048, 4, 2024/03/05, 01:31:57.863, 2873548585453, vstest.console.dll, MulticastDelegateUtilities.SafeInvoke: InternalTestLoggerEvents.SendTestResult: Invoking callback 1/1 for Microsoft.VisualStudio.TestPlatform.CommandLine.Internal.ConsoleLogger., took 0 ms.
TpTrace Verbose: 0 : 12048, 4, 2024/03/05, 01:31:57.863, 2873548585840, vstest.console.dll, MulticastDelegateUtilities.SafeInvoke: InternalTestLoggerEvents.SendTestResult: Invoking callback 1/1 for Microsoft.VisualStudio.TestPlatform.CommandLine.Internal.ConsoleLogger., took 0 ms.
TpTrace Verbose: 0 : 12048, 4, 2024/03/05, 01:31:57.863, 2873548586241, vstest.console.dll, MulticastDelegateUtilities.SafeInvoke: InternalTestLoggerEvents.SendTestResult: Invoking callback 1/1 for Microsoft.VisualStudio.TestPlatform.CommandLine.Internal.ConsoleLogger., took 0 ms.
TpTrace Verbose: 0 : 12048, 4, 2024/03/05, 01:31:57.863, 2873548586746, vstest.console.dll, MulticastDelegateUtilities.SafeInvoke: InternalTestLoggerEvents.SendTestResult: Invoking callback 1/1 for Microsoft.VisualStudio.TestPlatform.CommandLine.Internal.ConsoleLogger., took 0 ms.
TpTrace Verbose: 0 : 12048, 4, 2024/03/05, 01:31:57.863, 2873548587153, vstest.console.dll, MulticastDelegateUtilities.SafeInvoke: InternalTestLoggerEvents.SendTestResult: Invoking callback 1/1 for Microsoft.VisualStudio.TestPlatform.CommandLine.Internal.ConsoleLogger., took 0 ms.
TpTrace Verbose: 0 : 12048, 4, 2024/03/05, 01:31:57.863, 2873548587833, vstest.console.dll, MulticastDelegateUtilities.SafeInvoke: InternalTestLoggerEvents.SendTestResult: Invoking callback 1/1 for Microsoft.VisualStudio.TestPlatform.CommandLine.Internal.ConsoleLogger., took 0 ms.
TpTrace Verbose: 0 : 12048, 4, 2024/03/05, 01:31:57.863, 2873548588411, vstest.console.dll, MulticastDelegateUtilities.SafeInvoke: InternalTestLoggerEvents.SendTestResult: Invoking callback 1/1 for Microsoft.VisualStudio.TestPlatform.CommandLine.Internal.ConsoleLogger., took 0 ms.
TpTrace Verbose: 0 : 12048, 7, 2024/03/05, 01:31:57.886, 2873548808753, vstest.console.dll, TcpClientExtensions.MessageLoopAsync: NotifyDataAvailable remoteEndPoint: 127.0.0.1:49755 localEndPoint: 127.0.0.1:49754
TpTrace Verbose: 0 : 12048, 7, 2024/03/05, 01:31:57.886, 2873548811157, vstest.console.dll, TestRequestSender.OnExecutionMessageReceived: Received message: {"Version":7,"MessageType":"TestExecution.StatsChange","Payload":{"NewTestResults":[{"TestCase":{"Id":"bfc1037c-7fd8-71e3-81be-01d993164f7e","FullyQualifiedName":"COZYHAVENTEST.RoomServiceTest.UpdateRoomPrice_NonExistingRoomId_ThrowsRoomNotFoundException","DisplayName":"UpdateRoomPrice_NonExistingRoomId_ThrowsRoomNotFoundException","ExecutorUri":"executor://NUnit3TestExecutor","Source":"D:\\CozyHaven\\COZYHAVEN_PROJECT\\COZYHAVENTEST\\bin\\Debug\\net6.0\\fine-code-coverage\\build-output\\COZYHAVENTEST.dll","CodeFilePath":null,"LineNumber":0,"Properties":[{"Key":{"Id":"NUnit.Seed","Label":"Seed","Category":"","Description":"","Attributes":0,"ValueType":"System.String"},"Value":"730698796"}]},"Attachments":[],"Outcome":1,"ErrorMessage":null,"ErrorStackTrace":null,"DisplayName":"UpdateRoomPrice_NonExistingRoomId_ThrowsRoomNotFoundException","Messages":[],"ComputerName":"TUSH-R","Duration":"00:00:00.0009300","StartTime":"2024-03-04T20:01:57.8218387+00:00","EndTime":"2024-03-04T20:01:57.8227689+00:00","Properties":[{"Key":{"Id":"NUnit.Seed","Label":"Seed","Category":"","Description":"","Attributes":0,"ValueType":"System.String"},"Value":"730698796"}]},{"TestCase":{"Id":"33642bc6-555e-df3b-72e1-5c1fac766f87","FullyQualifiedName":"COZYHAVENTEST.UserServiceTest.DeleteUser_ExistingUser_ReturnsDeletedUser","DisplayName":"DeleteUser_ExistingUser_ReturnsDeletedUser","ExecutorUri":"executor://NUnit3TestExecutor","Source":"D:\\CozyHaven\\COZYHAVEN_PROJECT\\COZYHAVENTEST\\bin\\Debug\\net6.0\\fine-code-coverage\\build-output\\COZYHAVENTEST.dll","CodeFilePath":null,"LineNumber":0,"Properties":[{"Key":{"Id":"NUnit.Seed","Label":"Seed","Category":"","Description":"","Attributes":0,"ValueType":"System.String"},"Value":"719148935"}]},"Attachments":[],"Outcome":1,"ErrorMessage":null,"ErrorStackTrace":null,"DisplayName":"DeleteUser_ExistingUser_ReturnsDeletedUser","Messages":[],"ComputerName":"TUSH-R","Duration":"00:00:00.0047739","StartTime":"2024-03-04T20:01:57.8228722+00:00","EndTime":"2024-03-04T20:01:57.827646+00:00","Properties":[{"Key":{"Id":"NUnit.Seed","Label":"Seed","Category":"","Description":"","Attributes":0,"ValueType":"System.String"},"Value":"719148935"}]},{"TestCase":{"Id":"25ead714-fafe-88a0-b8f7-cd3ce27bfe09","FullyQualifiedName":"COZYHAVENTEST.UserServiceTest.DeleteUser_NonExistingUser_ThrowsUserNotFoundException","DisplayName":"DeleteUser_NonExistingUser_ThrowsUserNotFoundException","ExecutorUri":"executor://NUnit3TestExecutor","Source":"D:\\CozyHaven\\COZYHAVEN_PROJECT\\COZYHAVENTEST\\bin\\Debug\\net6.0\\fine-code-coverage\\build-output\\COZYHAVENTEST.dll","CodeFilePath":null,"LineNumber":0,"Properties":[{"Key":{"Id":"NUnit.Seed","Label":"Seed","Category":"","Description":"","Attributes":0,"ValueType":"System.String"},"Value":"1472492195"}]},"Attachments":[],"Outcome":1,"ErrorMessage":null,"ErrorStackTrace":null,"DisplayName":"DeleteUser_NonExistingUser_ThrowsUserNotFoundException","Messages":[],"ComputerName":"TUSH-R","Duration":"00:00:00.0011999","StartTime":"2024-03-04T20:01:57.8276626+00:00","EndTime":"2024-03-04T20:01:57.828862+00:00","Properties":[{"Key":{"Id":"NUnit.Seed","Label":"Seed","Category":"","Description":"","Attributes":0,"ValueType":"System.String"},"Value":"1472492195"}]},{"TestCase":{"Id":"d9014e5c-b5d4-e675-8758-aaa4bcbe88f5","FullyQualifiedName":"COZYHAVENTEST.UserServiceTest.GetAllUsers_ReturnsListOfUsers","DisplayName":"GetAllUsers_ReturnsListOfUsers","ExecutorUri":"executor://NUnit3TestExecutor","Source":"D:\\CozyHaven\\COZYHAVEN_PROJECT\\COZYHAVENTEST\\bin\\Debug\\net6.0\\fine-code-coverage\\build-output\\COZYHAVENTEST.dll","CodeFilePath":null,"LineNumber":0,"Properties":[{"Key":{"Id":"NUnit.Seed","Label":"Seed","Category":"","Description":"","Attributes":0,"ValueType":"System.String"},"Value":"1142561769"}]},"Attachments":[],"Outcome":1,"ErrorMessage":null,"ErrorStackTrace":null,"DisplayName":"GetAllUsers_ReturnsListOfUsers","Messages":[],"ComputerName":"TUSH-R","Duration":"00:00:00.0014300","StartTime":"2024-03-04T20:01:57.8288752+00:00","EndTime":"2024-03-04T20:01:57.8303046+00:00","Properties":[{"Key":{"Id":"NUnit.Seed","Label":"Seed","Category":"","Description":"","Attributes":0,"ValueType":"System.String"},"Value":"1142561769"}]},{"TestCase":{"Id":"863448ee-30c4-835e-589b-e26d2b5b0451","FullyQualifiedName":"COZYHAVENTEST.UserServiceTest.GetHotelOwners_ExistingHotelOwners_ReturnsListOfHotelOwners","DisplayName":"GetHotelOwners_ExistingHotelOwners_ReturnsListOfHotelOwners","ExecutorUri":"executor://NUnit3TestExecutor","Source":"D:\\CozyHaven\\COZYHAVEN_PROJECT\\COZYHAVENTEST\\bin\\Debug\\net6.0\\fine-code-coverage\\build-output\\COZYHAVENTEST.dll","CodeFilePath":null,"LineNumber":0,"Properties":[{"Key":{"Id":"NUnit.Seed","Label":"Seed","Category":"","Description":"","Attributes":0,"ValueType":"System.String"},"Value":"1884296135"}]},"Attachments":[],"Outcome":1,"ErrorMessage":null,"ErrorStackTrace":null,"DisplayName":"GetHotelOwners_ExistingHotelOwners_ReturnsListOfHotelOwners","Messages":[],"ComputerName":"TUSH-R","Duration":"00:00:00.0022520","StartTime":"2024-03-04T20:01:57.8303177+00:00","EndTime":"2024-03-04T20:01:57.8325696+00:00","Properties":[{"Key":{"Id":"NUnit.Seed","Label":"Seed","Category":"","Description":"","Attributes":0,"ValueType":"System.String"},"Value":"1884296135"}]},{"TestCase":{"Id":"872455c8-a09c-cd3c-3f56-5120ea8cf0f1","FullyQualifiedName":"COZYHAVENTEST.UserServiceTest.GetUser_ExistingUser_ReturnsUser","DisplayName":"GetUser_ExistingUser_ReturnsUser","ExecutorUri":"executor://NUnit3TestExecutor","Source":"D:\\CozyHaven\\COZYHAVEN_PROJECT\\COZYHAVENTEST\\bin\\Debug\\net6.0\\fine-code-coverage\\build-output\\COZYHAVENTEST.dll","CodeFilePath":null,"LineNumber":0,"Properties":[{"Key":{"Id":"NUnit.Seed","Label":"Seed","Category":"","Description":"","Attributes":0,"ValueType":"System.String"},"Value":"1445253029"}]},"Attachments":[],"Outcome":1,"ErrorMessage":null,"ErrorStackTrace":null,"DisplayName":"GetUser_ExistingUser_ReturnsUser","Messages":[],"ComputerName":"TUSH-R","Duration":"00:00:00.0011450","StartTime":"2024-03-04T20:01:57.8325864+00:00","EndTime":"2024-03-04T20:01:57.833731+00:00","Properties":[{"Key":{"Id":"NUnit.Seed","Label":"Seed","Category":"","Description":"","Attributes":0,"ValueType":"System.String"},"Value":"1445253029"}]},{"TestCase":{"Id":"ff322c65-ed83-52aa-83ec-4575e09d9486","FullyQualifiedName":"COZYHAVENTEST.UserServiceTest.GetUserbyId_ExistingUser_ReturnsUser","DisplayName":"GetUserbyId_ExistingUser_ReturnsUser","ExecutorUri":"executor://NUnit3TestExecutor","Source":"D:\\CozyHaven\\COZYHAVEN_PROJECT\\COZYHAVENTEST\\bin\\Debug\\net6.0\\fine-code-coverage\\build-output\\COZYHAVENTEST.dll","CodeFilePath":null,"LineNumber":0,"Properties":[{"Key":{"Id":"NUnit.Seed","Label":"Seed","Category":"","Description":"","Attributes":0,"ValueType":"System.String"},"Value":"614017584"}]},"Attachments":[],"Outcome":1,"ErrorMessage":null,"ErrorStackTrace":null,"DisplayName":"GetUserbyId_ExistingUser_ReturnsUser","Messages":[],"ComputerName":"TUSH-R","Duration":"00:00:00.0015490","StartTime":"2024-03-04T20:01:57.8337429+00:00","EndTime":"2024-03-04T20:01:57.8352914+00:00","Properties":[{"Key":{"Id":"NUnit.Seed","Label":"Seed","Category":"","Description":"","Attributes":0,"ValueType":"System.String"},"Value":"614017584"}]},{"TestCase":{"Id":"71dd6de3-1f9a-2fde-9726-1cd3153e8a37","FullyQualifiedName":"COZYHAVENTEST.UserServiceTest.GetUserbyId_NonExistingUser_ThrowsUserNotFoundException","DisplayName":"GetUserbyId_NonExistingUser_ThrowsUserNotFoundException","ExecutorUri":"executor://NUnit3TestExecutor","Source":"D:\\CozyHaven\\COZYHAVEN_PROJECT\\COZYHAVENTEST\\bin\\Debug\\net6.0\\fine-code-coverage\\build-output\\COZYHAVENTEST.dll","CodeFilePath":null,"LineNumber":0,"Properties":[{"Key":{"Id":"NUnit.Seed","Label":"Seed","Category":"","Description":"","Attributes":0,"ValueType":"System.String"},"Value":"1421552139"}]},"Attachments":[],"Outcome":1,"ErrorMessage":null,"ErrorStackTrace":null,"DisplayName":"GetUserbyId_NonExistingUser_ThrowsUserNotFoundException","Messages":[],"ComputerName":"TUSH-R","Duration":"00:00:00.0008600","StartTime":"2024-03-04T20:01:57.8353076+00:00","EndTime":"2024-03-04T20:01:57.8361673+00:00","Properties":[{"Key":{"Id":"NUnit.Seed","Label":"Seed","Category":"","Description":"","Attributes":0,"ValueType":"System.String"},"Value":"1421552139"}]},{"TestCase":{"Id":"a5b58898-8bd3-c74f-a9aa-80766f8b2389","FullyQualifiedName":"COZYHAVENTEST.UserServiceTest.GetUserByUsernameOrEmail_ExistingUser_ReturnsUser","DisplayName":"GetUserByUsernameOrEmail_ExistingUser_ReturnsUser","ExecutorUri":"executor://NUnit3TestExecutor","Source":"D:\\CozyHaven\\COZYHAVEN_PROJECT\\COZYHAVENTEST\\bin\\Debug\\net6.0\\fine-code-coverage\\build-output\\COZYHAVENTEST.dll","CodeFilePath":null,"LineNumber":0,"Properties":[{"Key":{"Id":"NUnit.Seed","Label":"Seed","Category":"","Description":"","Attributes":0,"ValueType":"System.String"},"Value":"1664504677"}]},"Attachments":[],"Outcome":1,"ErrorMessage":null,"ErrorStackTrace":null,"DisplayName":"GetUserByUsernameOrEmail_ExistingUser_ReturnsUser","Messages":[],"ComputerName":"TUSH-R","Duration":"00:00:00.0013100","StartTime":"2024-03-04T20:01:57.8361772+00:00","EndTime":"2024-03-04T20:01:57.8374872+00:00","Properties":[{"Key":{"Id":"NUnit.Seed","Label":"Seed","Category":"","Description":"","Attributes":0,"ValueType":"System.String"},"Value":"1664504677"}]}],"TestRunStatistics":{"ExecutedTests":63,"Stats":{"Passed":63}},"ActiveTests":[{"Id":"acfcd15a-d2cb-0a85-cb1e-df197237bbb9","FullyQualifiedName":"COZYHAVENTEST.UserServiceTest.GetUserByUsernameOrEmail_NonExistingUser_ThrowsUserNotFoundException","DisplayName":"GetUserByUsernameOrEmail_NonExistingUser_ThrowsUserNotFoundException","ExecutorUri":"executor://NUnit3TestExecutor","Source":"D:\\CozyHaven\\COZYHAVEN_PROJECT\\COZYHAVENTEST\\bin\\Debug\\net6.0\\fine-code-coverage\\build-output\\COZYHAVENTEST.dll","CodeFilePath":null,"LineNumber":0,"Properties":[{"Key":{"Id":"NUnit.Seed","Label":"Seed","Category":"","Description":"","Attributes":0,"ValueType":"System.String"},"Value":"997247949"}]}]}}
TpTrace Verbose: 0 : 12048, 7, 2024/03/05, 01:31:57.887, 2873548823971, vstest.console.dll, TestRunRequest:SendTestRunStatsChange: Starting.
TpTrace Verbose: 0 : 12048, 7, 2024/03/05, 01:31:57.887, 2873548824581, vstest.console.dll, InProgress is GetUserByUsernameOrEmail_NonExistingUser_ThrowsUserNotFoundException
TpTrace Verbose: 0 : 12048, 7, 2024/03/05, 01:31:57.887, 2873548825281, vstest.console.dll, MulticastDelegateUtilities.SafeInvoke: TestRun.RunStatsChanged: Invoking callbacks was skipped because there are no subscribers.
TpTrace Information: 0 : 12048, 7, 2024/03/05, 01:31:57.887, 2873548825586, vstest.console.dll, TestRunRequest:SendTestRunStatsChange: Completed.
TpTrace Verbose: 0 : 12048, 7, 2024/03/05, 01:31:57.887, 2873548825870, vstest.console.dll, MulticastDelegateUtilities.SafeInvoke: LengthPrefixCommunicationChannel: MessageReceived: Invoking callback 1/1 for Microsoft.VisualStudio.TestPlatform.CommunicationUtilities.TestRequestSender+<>c__DisplayClass34_0., took 1 ms.
TpTrace Verbose: 0 : 12048, 4, 2024/03/05, 01:31:57.887, 2873548825974, vstest.console.dll, MulticastDelegateUtilities.SafeInvoke: InternalTestLoggerEvents.SendTestResult: Invoking callback 1/1 for Microsoft.VisualStudio.TestPlatform.CommandLine.Internal.ConsoleLogger., took 0 ms.
TpTrace Verbose: 0 : 12048, 7, 2024/03/05, 01:31:57.887, 2873548826161, vstest.console.dll, TcpClientExtensions.MessageLoopAsync: Polling on remoteEndPoint: 127.0.0.1:49755 localEndPoint: 127.0.0.1:49754
TpTrace Verbose: 0 : 12048, 4, 2024/03/05, 01:31:57.887, 2873548826842, vstest.console.dll, MulticastDelegateUtilities.SafeInvoke: InternalTestLoggerEvents.SendTestResult: Invoking callback 1/1 for Microsoft.VisualStudio.TestPlatform.CommandLine.Internal.ConsoleLogger., took 0 ms.
TpTrace Verbose: 0 : 12048, 4, 2024/03/05, 01:31:57.887, 2873548827713, vstest.console.dll, MulticastDelegateUtilities.SafeInvoke: InternalTestLoggerEvents.SendTestResult: Invoking callback 1/1 for Microsoft.VisualStudio.TestPlatform.CommandLine.Internal.ConsoleLogger., took 0 ms.
TpTrace Verbose: 0 : 12048, 4, 2024/03/05, 01:31:57.887, 2873548828116, vstest.console.dll, MulticastDelegateUtilities.SafeInvoke: InternalTestLoggerEvents.SendTestResult: Invoking callback 1/1 for Microsoft.VisualStudio.TestPlatform.CommandLine.Internal.ConsoleLogger., took 0 ms.
TpTrace Verbose: 0 : 12048, 4, 2024/03/05, 01:31:57.888, 2873548829356, vstest.console.dll, MulticastDelegateUtilities.SafeInvoke: InternalTestLoggerEvents.SendTestResult: Invoking callback 1/1 for Microsoft.VisualStudio.TestPlatform.CommandLine.Internal.ConsoleLogger., took 0 ms.
TpTrace Verbose: 0 : 12048, 4, 2024/03/05, 01:31:57.888, 2873548829803, vstest.console.dll, MulticastDelegateUtilities.SafeInvoke: InternalTestLoggerEvents.SendTestResult: Invoking callback 1/1 for Microsoft.VisualStudio.TestPlatform.CommandLine.Internal.ConsoleLogger., took 0 ms.
TpTrace Verbose: 0 : 12048, 4, 2024/03/05, 01:31:57.888, 2873548830171, vstest.console.dll, MulticastDelegateUtilities.SafeInvoke: InternalTestLoggerEvents.SendTestResult: Invoking callback 1/1 for Microsoft.VisualStudio.TestPlatform.CommandLine.Internal.ConsoleLogger., took 0 ms.
TpTrace Verbose: 0 : 12048, 4, 2024/03/05, 01:31:57.888, 2873548830757, vstest.console.dll, MulticastDelegateUtilities.SafeInvoke: InternalTestLoggerEvents.SendTestResult: Invoking callback 1/1 for Microsoft.VisualStudio.TestPlatform.CommandLine.Internal.ConsoleLogger., took 0 ms.
TpTrace Verbose: 0 : 12048, 4, 2024/03/05, 01:31:57.888, 2873548831124, vstest.console.dll, MulticastDelegateUtilities.SafeInvoke: InternalTestLoggerEvents.SendTestResult: Invoking callback 1/1 for Microsoft.VisualStudio.TestPlatform.CommandLine.Internal.ConsoleLogger., took 0 ms.
TpTrace Verbose: 0 : 12048, 7, 2024/03/05, 01:31:57.907, 2873549022002, vstest.console.dll, TcpClientExtensions.MessageLoopAsync: NotifyDataAvailable remoteEndPoint: 127.0.0.1:49755 localEndPoint: 127.0.0.1:49754
TpTrace Verbose: 0 : 12048, 7, 2024/03/05, 01:31:57.907, 2873549024033, vstest.console.dll, TestRequestSender.OnExecutionMessageReceived: Received message: {"Version":7,"MessageType":"TestExecution.StatsChange","Payload":{"NewTestResults":[{"TestCase":{"Id":"acfcd15a-d2cb-0a85-cb1e-df197237bbb9","FullyQualifiedName":"COZYHAVENTEST.UserServiceTest.GetUserByUsernameOrEmail_NonExistingUser_ThrowsUserNotFoundException","DisplayName":"GetUserByUsernameOrEmail_NonExistingUser_ThrowsUserNotFoundException","ExecutorUri":"executor://NUnit3TestExecutor","Source":"D:\\CozyHaven\\COZYHAVEN_PROJECT\\COZYHAVENTEST\\bin\\Debug\\net6.0\\fine-code-coverage\\build-output\\COZYHAVENTEST.dll","CodeFilePath":null,"LineNumber":0,"Properties":[{"Key":{"Id":"NUnit.Seed","Label":"Seed","Category":"","Description":"","Attributes":0,"ValueType":"System.String"},"Value":"997247949"}]},"Attachments":[],"Outcome":1,"ErrorMessage":null,"ErrorStackTrace":null,"DisplayName":"GetUserByUsernameOrEmail_NonExistingUser_ThrowsUserNotFoundException","Messages":[],"ComputerName":"TUSH-R","Duration":"00:00:00.0007640","StartTime":"2024-03-04T20:01:57.8374971+00:00","EndTime":"2024-03-04T20:01:57.8382608+00:00","Properties":[{"Key":{"Id":"NUnit.Seed","Label":"Seed","Category":"","Description":"","Attributes":0,"ValueType":"System.String"},"Value":"997247949"}]},{"TestCase":{"Id":"79e88ac8-153d-cc2f-fff1-9c79d4917a2b","FullyQualifiedName":"COZYHAVENTEST.UserServiceTest.GetUserReservations_ExistingUserWithoutReservations_ThrowsReservationNotFoundException","DisplayName":"GetUserReservations_ExistingUserWithoutReservations_ThrowsReservationNotFoundException","ExecutorUri":"executor://NUnit3TestExecutor","Source":"D:\\CozyHaven\\COZYHAVEN_PROJECT\\COZYHAVENTEST\\bin\\Debug\\net6.0\\fine-code-coverage\\build-output\\COZYHAVENTEST.dll","CodeFilePath":null,"LineNumber":0,"Properties":[{"Key":{"Id":"NUnit.Seed","Label":"Seed","Category":"","Description":"","Attributes":0,"ValueType":"System.String"},"Value":"741752720"}]},"Attachments":[],"Outcome":1,"ErrorMessage":null,"ErrorStackTrace":null,"DisplayName":"GetUserReservations_ExistingUserWithoutReservations_ThrowsReservationNotFoundException","Messages":[],"ComputerName":"TUSH-R","Duration":"00:00:00.0319390","StartTime":"2024-03-04T20:01:57.8382781+00:00","EndTime":"2024-03-04T20:01:57.8702165+00:00","Properties":[{"Key":{"Id":"NUnit.Seed","Label":"Seed","Category":"","Description":"","Attributes":0,"ValueType":"System.String"},"Value":"741752720"}]},{"TestCase":{"Id":"0322a27d-b3d5-c78c-8a21-495c0fc69a7a","FullyQualifiedName":"COZYHAVENTEST.UserServiceTest.GetUserReservations_ExistingUserWithReservations_ReturnsReservations","DisplayName":"GetUserReservations_ExistingUserWithReservations_ReturnsReservations","ExecutorUri":"executor://NUnit3TestExecutor","Source":"D:\\CozyHaven\\COZYHAVEN_PROJECT\\COZYHAVENTEST\\bin\\Debug\\net6.0\\fine-code-coverage\\build-output\\COZYHAVENTEST.dll","CodeFilePath":null,"LineNumber":0,"Properties":[{"Key":{"Id":"NUnit.Seed","Label":"Seed","Category":"","Description":"","Attributes":0,"ValueType":"System.String"},"Value":"19257963"}]},"Attachments":[],"Outcome":1,"ErrorMessage":null,"ErrorStackTrace":null,"DisplayName":"GetUserReservations_ExistingUserWithReservations_ReturnsReservations","Messages":[],"ComputerName":"TUSH-R","Duration":"00:00:00.0014560","StartTime":"2024-03-04T20:01:57.8702369+00:00","EndTime":"2024-03-04T20:01:57.8716923+00:00","Properties":[{"Key":{"Id":"NUnit.Seed","Label":"Seed","Category":"","Description":"","Attributes":0,"ValueType":"System.String"},"Value":"19257963"}]},{"TestCase":{"Id":"bc75a23b-ef68-7f86-11a6-915c5bb03fa4","FullyQualifiedName":"COZYHAVENTEST.UserServiceTest.GetUserReviews_ExistingUserWithoutReviews_ThrowsReviewNotFoundException","DisplayName":"GetUserReviews_ExistingUserWithoutReviews_ThrowsReviewNotFoundException","ExecutorUri":"executor://NUnit3TestExecutor","Source":"D:\\CozyHaven\\COZYHAVEN_PROJECT\\COZYHAVENTEST\\bin\\Debug\\net6.0\\fine-code-coverage\\build-output\\COZYHAVENTEST.dll","CodeFilePath":null,"LineNumber":0,"Properties":[{"Key":{"Id":"NUnit.Seed","Label":"Seed","Category":"","Description":"","Attributes":0,"ValueType":"System.String"},"Value":"1799823385"}]},"Attachments":[],"Outcome":1,"ErrorMessage":null,"ErrorStackTrace":null,"DisplayName":"GetUserReviews_ExistingUserWithoutReviews_ThrowsReviewNotFoundException","Messages":[],"ComputerName":"TUSH-R","Duration":"00:00:00.0018260","StartTime":"2024-03-04T20:01:57.8717086+00:00","EndTime":"2024-03-04T20:01:57.873534+00:00","Properties":[{"Key":{"Id":"NUnit.Seed","Label":"Seed","Category":"","Description":"","Attributes":0,"ValueType":"System.String"},"Value":"1799823385"}]},{"TestCase":{"Id":"1dd5c81a-3584-d59e-7963-9b5a6afcc785","FullyQualifiedName":"COZYHAVENTEST.UserServiceTest.GetUserReviews_ExistingUserWithReviews_ReturnsReviews","DisplayName":"GetUserReviews_ExistingUserWithReviews_ReturnsReviews","ExecutorUri":"executor://NUnit3TestExecutor","Source":"D:\\CozyHaven\\COZYHAVEN_PROJECT\\COZYHAVENTEST\\bin\\Debug\\net6.0\\fine-code-coverage\\build-output\\COZYHAVENTEST.dll","CodeFilePath":null,"LineNumber":0,"Properties":[{"Key":{"Id":"NUnit.Seed","Label":"Seed","Category":"","Description":"","Attributes":0,"ValueType":"System.String"},"Value":"449113374"}]},"Attachments":[],"Outcome":1,"ErrorMessage":null,"ErrorStackTrace":null,"DisplayName":"GetUserReviews_ExistingUserWithReviews_ReturnsReviews","Messages":[],"ComputerName":"TUSH-R","Duration":"00:00:00.0011500","StartTime":"2024-03-04T20:01:57.8735516+00:00","EndTime":"2024-03-04T20:01:57.8747015+00:00","Properties":[{"Key":{"Id":"NUnit.Seed","Label":"Seed","Category":"","Description":"","Attributes":0,"ValueType":"System.String"},"Value":"449113374"}]},{"TestCase":{"Id":"bc6333d2-1c21-3aac-3660-ed67ac1e193d","FullyQualifiedName":"COZYHAVENTEST.UserServiceTest.Login_InvalidUser_ThrowsInvalidUserException","DisplayName":"Login_InvalidUser_ThrowsInvalidUserException","ExecutorUri":"executor://NUnit3TestExecutor","Source":"D:\\CozyHaven\\COZYHAVEN_PROJECT\\COZYHAVENTEST\\bin\\Debug\\net6.0\\fine-code-coverage\\build-output\\COZYHAVENTEST.dll","CodeFilePath":null,"LineNumber":0,"Properties":[{"Key":{"Id":"NUnit.Seed","Label":"Seed","Category":"","Description":"","Attributes":0,"ValueType":"System.String"},"Value":"1187869642"}]},"Attachments":[],"Outcome":1,"ErrorMessage":null,"ErrorStackTrace":null,"DisplayName":"Login_InvalidUser_ThrowsInvalidUserException","Messages":[],"ComputerName":"TUSH-R","Duration":"00:00:00.0020490","StartTime":"2024-03-04T20:01:57.8747136+00:00","EndTime":"2024-03-04T20:01:57.8767624+00:00","Properties":[{"Key":{"Id":"NUnit.Seed","Label":"Seed","Category":"","Description":"","Attributes":0,"ValueType":"System.String"},"Value":"1187869642"}]},{"TestCase":{"Id":"39c9ae56-c086-d749-8962-e56e3a2989c5","FullyQualifiedName":"COZYHAVENTEST.UserServiceTest.Register_ValidUser_ReturnsLoginUserDTO","DisplayName":"Register_ValidUser_ReturnsLoginUserDTO","ExecutorUri":"executor://NUnit3TestExecutor","Source":"D:\\CozyHaven\\COZYHAVEN_PROJECT\\COZYHAVENTEST\\bin\\Debug\\net6.0\\fine-code-coverage\\build-output\\COZYHAVENTEST.dll","CodeFilePath":null,"LineNumber":0,"Properties":[{"Key":{"Id":"NUnit.Seed","Label":"Seed","Category":"","Description":"","Attributes":0,"ValueType":"System.String"},"Value":"1978609776"}]},"Attachments":[],"Outcome":1,"ErrorMessage":null,"ErrorStackTrace":null,"DisplayName":"Register_ValidUser_ReturnsLoginUserDTO","Messages":[],"ComputerName":"TUSH-R","Duration":"00:00:00.0044840","StartTime":"2024-03-04T20:01:57.8767746+00:00","EndTime":"2024-03-04T20:01:57.881258+00:00","Properties":[{"Key":{"Id":"NUnit.Seed","Label":"Seed","Category":"","Description":"","Attributes":0,"ValueType":"System.String"},"Value":"1978609776"}]},{"TestCase":{"Id":"2ba5fbd6-242d-122e-9a8f-37132440744d","FullyQualifiedName":"COZYHAVENTEST.UserServiceTest.UpdatePassword_ExistingUser_ReturnsUpdatedUser","DisplayName":"UpdatePassword_ExistingUser_ReturnsUpdatedUser","ExecutorUri":"executor://NUnit3TestExecutor","Source":"D:\\CozyHaven\\COZYHAVEN_PROJECT\\COZYHAVENTEST\\bin\\Debug\\net6.0\\fine-code-coverage\\build-output\\COZYHAVENTEST.dll","CodeFilePath":null,"LineNumber":0,"Properties":[{"Key":{"Id":"NUnit.Seed","Label":"Seed","Category":"","Description":"","Attributes":0,"ValueType":"System.String"},"Value":"817214241"}]},"Attachments":[],"Outcome":1,"ErrorMessage":null,"ErrorStackTrace":null,"DisplayName":"UpdatePassword_ExistingUser_ReturnsUpdatedUser","Messages":[],"ComputerName":"TUSH-R","Duration":"00:00:00.0027860","StartTime":"2024-03-04T20:01:57.8812808+00:00","EndTime":"2024-03-04T20:01:57.884067+00:00","Properties":[{"Key":{"Id":"NUnit.Seed","Label":"Seed","Category":"","Description":"","Attributes":0,"ValueType":"System.String"},"Value":"817214241"}]},{"TestCase":{"Id":"7cc27c44-b0f8-955f-8406-635025b95089","FullyQualifiedName":"COZYHAVENTEST.UserServiceTest.UpdatePassword_NonExistingUser_ThrowsUserNotFoundException","DisplayName":"UpdatePassword_NonExistingUser_ThrowsUserNotFoundException","ExecutorUri":"executor://NUnit3TestExecutor","Source":"D:\\CozyHaven\\COZYHAVEN_PROJECT\\COZYHAVENTEST\\bin\\Debug\\net6.0\\fine-code-coverage\\build-output\\COZYHAVENTEST.dll","CodeFilePath":null,"LineNumber":0,"Properties":[{"Key":{"Id":"NUnit.Seed","Label":"Seed","Category":"","Description":"","Attributes":0,"ValueType":"System.String"},"Value":"1809123718"}]},"Attachments":[],"Outcome":1,"ErrorMessage":null,"ErrorStackTrace":null,"DisplayName":"UpdatePassword_NonExistingUser_ThrowsUserNotFoundException","Messages":[],"ComputerName":"TUSH-R","Duration":"00:00:00.0011740","StartTime":"2024-03-04T20:01:57.884083+00:00","EndTime":"2024-03-04T20:01:57.8852573+00:00","Properties":[{"Key":{"Id":"NUnit.Seed","Label":"Seed","Category":"","Description":"","Attributes":0,"ValueType":"System.String"},"Value":"1809123718"}]}],"TestRunStatistics":{"ExecutedTests":72,"Stats":{"Passed":72}},"ActiveTests":[{"Id":"97065f09-26b1-8602-990b-2b1b87f1e6ce","FullyQualifiedName":"COZYHAVENTEST.UserServiceTest.UpdateUserProfile_ExistingUser_ReturnsUpdatedUser","DisplayName":"UpdateUserProfile_ExistingUser_ReturnsUpdatedUser","ExecutorUri":"executor://NUnit3TestExecutor","Source":"D:\\CozyHaven\\COZYHAVEN_PROJECT\\COZYHAVENTEST\\bin\\Debug\\net6.0\\fine-code-coverage\\build-output\\COZYHAVENTEST.dll","CodeFilePath":null,"LineNumber":0,"Properties":[{"Key":{"Id":"NUnit.Seed","Label":"Seed","Category":"","Description":"","Attributes":0,"ValueType":"System.String"},"Value":"1869380424"}]}]}}
TpTrace Verbose: 0 : 12048, 7, 2024/03/05, 01:31:57.908, 2873549037751, vstest.console.dll, TestRunRequest:SendTestRunStatsChange: Starting.
TpTrace Verbose: 0 : 12048, 7, 2024/03/05, 01:31:57.909, 2873549038610, vstest.console.dll, InProgress is UpdateUserProfile_ExistingUser_ReturnsUpdatedUser
TpTrace Verbose: 0 : 12048, 7, 2024/03/05, 01:31:57.909, 2873549039247, vstest.console.dll, MulticastDelegateUtilities.SafeInvoke: TestRun.RunStatsChanged: Invoking callbacks was skipped because there are no subscribers.
TpTrace Information: 0 : 12048, 7, 2024/03/05, 01:31:57.909, 2873549039559, vstest.console.dll, TestRunRequest:SendTestRunStatsChange: Completed.
TpTrace Verbose: 0 : 12048, 7, 2024/03/05, 01:31:57.909, 2873549039911, vstest.console.dll, MulticastDelegateUtilities.SafeInvoke: LengthPrefixCommunicationChannel: MessageReceived: Invoking callback 1/1 for Microsoft.VisualStudio.TestPlatform.CommunicationUtilities.TestRequestSender+<>c__DisplayClass34_0., took 1 ms.
TpTrace Verbose: 0 : 12048, 7, 2024/03/05, 01:31:57.909, 2873549040740, vstest.console.dll, TcpClientExtensions.MessageLoopAsync: Polling on remoteEndPoint: 127.0.0.1:49755 localEndPoint: 127.0.0.1:49754
TpTrace Verbose: 0 : 12048, 4, 2024/03/05, 01:31:57.909, 2873549039996, vstest.console.dll, MulticastDelegateUtilities.SafeInvoke: InternalTestLoggerEvents.SendTestResult: Invoking callback 1/1 for Microsoft.VisualStudio.TestPlatform.CommandLine.Internal.ConsoleLogger., took 0 ms.
TpTrace Verbose: 0 : 12048, 4, 2024/03/05, 01:31:57.909, 2873549042006, vstest.console.dll, MulticastDelegateUtilities.SafeInvoke: InternalTestLoggerEvents.SendTestResult: Invoking callback 1/1 for Microsoft.VisualStudio.TestPlatform.CommandLine.Internal.ConsoleLogger., took 0 ms.
TpTrace Verbose: 0 : 12048, 4, 2024/03/05, 01:31:57.909, 2873549042450, vstest.console.dll, MulticastDelegateUtilities.SafeInvoke: InternalTestLoggerEvents.SendTestResult: Invoking callback 1/1 for Microsoft.VisualStudio.TestPlatform.CommandLine.Internal.ConsoleLogger., took 0 ms.
TpTrace Verbose: 0 : 12048, 4, 2024/03/05, 01:31:57.909, 2873549042880, vstest.console.dll, MulticastDelegateUtilities.SafeInvoke: InternalTestLoggerEvents.SendTestResult: Invoking callback 1/1 for Microsoft.VisualStudio.TestPlatform.CommandLine.Internal.ConsoleLogger., took 0 ms.
TpTrace Verbose: 0 : 12048, 4, 2024/03/05, 01:31:57.909, 2873549043348, vstest.console.dll, MulticastDelegateUtilities.SafeInvoke: InternalTestLoggerEvents.SendTestResult: Invoking callback 1/1 for Microsoft.VisualStudio.TestPlatform.CommandLine.Internal.ConsoleLogger., took 0 ms.
TpTrace Verbose: 0 : 12048, 4, 2024/03/05, 01:31:57.909, 2873549043739, vstest.console.dll, MulticastDelegateUtilities.SafeInvoke: InternalTestLoggerEvents.SendTestResult: Invoking callback 1/1 for Microsoft.VisualStudio.TestPlatform.CommandLine.Internal.ConsoleLogger., took 0 ms.
TpTrace Verbose: 0 : 12048, 4, 2024/03/05, 01:31:57.909, 2873549044111, vstest.console.dll, MulticastDelegateUtilities.SafeInvoke: InternalTestLoggerEvents.SendTestResult: Invoking callback 1/1 for Microsoft.VisualStudio.TestPlatform.CommandLine.Internal.ConsoleLogger., took 0 ms.
TpTrace Verbose: 0 : 12048, 4, 2024/03/05, 01:31:57.909, 2873549044477, vstest.console.dll, MulticastDelegateUtilities.SafeInvoke: InternalTestLoggerEvents.SendTestResult: Invoking callback 1/1 for Microsoft.VisualStudio.TestPlatform.CommandLine.Internal.ConsoleLogger., took 0 ms.
TpTrace Verbose: 0 : 12048, 4, 2024/03/05, 01:31:57.909, 2873549044847, vstest.console.dll, MulticastDelegateUtilities.SafeInvoke: InternalTestLoggerEvents.SendTestResult: Invoking callback 1/1 for Microsoft.VisualStudio.TestPlatform.CommandLine.Internal.ConsoleLogger., took 0 ms.
TpTrace Verbose: 0 : 12048, 7, 2024/03/05, 01:31:57.916, 2873549112188, vstest.console.dll, TcpClientExtensions.MessageLoopAsync: NotifyDataAvailable remoteEndPoint: 127.0.0.1:49755 localEndPoint: 127.0.0.1:49754
TpTrace Verbose: 0 : 12048, 7, 2024/03/05, 01:31:57.916, 2873549113579, vstest.console.dll, TestRequestSender.OnExecutionMessageReceived: Received message: {"Version":7,"MessageType":"TestSession.Message","Payload":{"MessageLevel":0,"Message":"NUnit Adapter 4.4.0.0: Test execution complete"}}
TpTrace Verbose: 0 : 12048, 7, 2024/03/05, 01:31:57.916, 2873549114721, vstest.console.dll, TestRunRequest:SendTestRunMessage: Starting.
TpTrace Verbose: 0 : 12048, 7, 2024/03/05, 01:31:57.916, 2873549115452, vstest.console.dll, MulticastDelegateUtilities.SafeInvoke: TestRun.LogMessages: Invoking callback 1/1 for Microsoft.VisualStudio.TestPlatform.CommandLine.TestRunResultAggregator., took 0 ms.
TpTrace Information: 0 : 12048, 7, 2024/03/05, 01:31:57.916, 2873549115762, vstest.console.dll, TestRunRequest:SendTestRunMessage: Completed.
TpTrace Verbose: 0 : 12048, 7, 2024/03/05, 01:31:57.916, 2873549116017, vstest.console.dll, MulticastDelegateUtilities.SafeInvoke: LengthPrefixCommunicationChannel: MessageReceived: Invoking callback 1/1 for Microsoft.VisualStudio.TestPlatform.CommunicationUtilities.TestRequestSender+<>c__DisplayClass34_0., took 0 ms.
TpTrace Verbose: 0 : 12048, 7, 2024/03/05, 01:31:57.916, 2873549116281, vstest.console.dll, TcpClientExtensions.MessageLoopAsync: Polling on remoteEndPoint: 127.0.0.1:49755 localEndPoint: 127.0.0.1:49754
TpTrace Verbose: 0 : 12048, 4, 2024/03/05, 01:31:57.916, 2873549117509, vstest.console.dll, MulticastDelegateUtilities.SafeInvoke: InternalTestLoggerEvents.SendTestRunMessage: Invoking callback 1/1 for Microsoft.VisualStudio.TestPlatform.CommandLine.Internal.ConsoleLogger., took 0 ms.
TpTrace Verbose: 0 : 12048, 7, 2024/03/05, 01:31:57.931, 2873549261901, vstest.console.dll, TcpClientExtensions.MessageLoopAsync: NotifyDataAvailable remoteEndPoint: 127.0.0.1:49755 localEndPoint: 127.0.0.1:49754
TpTrace Verbose: 0 : 12048, 7, 2024/03/05, 01:31:57.931, 2873549263593, vstest.console.dll, TestRequestSender.OnExecutionMessageReceived: Received message: {"Version":7,"MessageType":"TestExecution.Completed","Payload":{"TestRunCompleteArgs":{"TestRunStatistics":{"ExecutedTests":73,"Stats":{"Passed":73}},"IsCanceled":false,"IsAborted":false,"Error":null,"AttachmentSets":[],"InvokedDataCollectors":[],"ElapsedTimeInRunningTests":"00:00:03.4581431","Metrics":{},"DiscoveredExtensions":{"TestDiscoverers":["NUnit.VisualStudio.TestAdapter.NUnit3TestDiscoverer, NUnit3.TestAdapter, Version=4.4.0.0, Culture=neutral, PublicKeyToken=4cb40d35494691ac"],"TestExecutors":["executor://NUnit3TestExecutor"],"TestExecutors2":[],"TestSettingsProviders":[]}},"LastRunTests":{"NewTestResults":[{"TestCase":{"Id":"97065f09-26b1-8602-990b-2b1b87f1e6ce","FullyQualifiedName":"COZYHAVENTEST.UserServiceTest.UpdateUserProfile_ExistingUser_ReturnsUpdatedUser","DisplayName":"UpdateUserProfile_ExistingUser_ReturnsUpdatedUser","ExecutorUri":"executor://NUnit3TestExecutor","Source":"D:\\CozyHaven\\COZYHAVEN_PROJECT\\COZYHAVENTEST\\bin\\Debug\\net6.0\\fine-code-coverage\\build-output\\COZYHAVENTEST.dll","CodeFilePath":null,"LineNumber":0,"Properties":[{"Key":{"Id":"NUnit.Seed","Label":"Seed","Category":"","Description":"","Attributes":0,"ValueType":"System.String"},"Value":"1869380424"}]},"Attachments":[],"Outcome":1,"ErrorMessage":null,"ErrorStackTrace":null,"DisplayName":"UpdateUserProfile_ExistingUser_ReturnsUpdatedUser","Messages":[],"ComputerName":"TUSH-R","Duration":"00:00:00.0030910","StartTime":"2024-03-04T20:01:57.8852696+00:00","EndTime":"2024-03-04T20:01:57.8883608+00:00","Properties":[{"Key":{"Id":"NUnit.Seed","Label":"Seed","Category":"","Description":"","Attributes":0,"ValueType":"System.String"},"Value":"1869380424"}]}],"TestRunStatistics":{"ExecutedTests":73,"Stats":{"Passed":73}},"ActiveTests":[]},"RunAttachments":[],"ExecutorUris":["executor://nunit3testexecutor/"]}}
TpTrace Verbose: 0 : 12048, 7, 2024/03/05, 01:31:57.931, 2873549264392, vstest.console.dll, TestRequestSender.EndSession: Sending end session.
TpTrace Verbose: 0 : 12048, 7, 2024/03/05, 01:31:57.931, 2873549265879, vstest.console.dll, ProxyOperationManager.Close: waiting for test host to exit for 100 ms
TpTrace Verbose: 0 : 12048, 11, 2024/03/05, 01:31:57.950, 2873549449119, vstest.console.dll, TestHostManagerCallbacks.ctor: Experimental forwarding output is disabled.
TpTrace Warning: 0 : 12048, 11, 2024/03/05, 01:31:57.950, 2873549450246, vstest.console.dll, TestHostManagerCallbacks.ErrorReceivedCallback Test host standard error line: 
TpTrace Verbose: 0 : 12048, 11, 2024/03/05, 01:31:57.961, 2873549562792, vstest.console.dll, TestHostProvider.ExitCallBack: Host exited starting callback.
TpTrace Information: 0 : 12048, 11, 2024/03/05, 01:31:57.961, 2873549564494, vstest.console.dll, TestHostManagerCallbacks.ExitCallBack: Testhost processId: 8784 exited with exitcode: 0 error: ''
TpTrace Verbose: 0 : 12048, 11, 2024/03/05, 01:31:57.961, 2873549564910, vstest.console.dll, DotnetTestHostManager.OnHostExited: invoking OnHostExited callback
TpTrace Verbose: 0 : 12048, 11, 2024/03/05, 01:31:57.961, 2873549565546, vstest.console.dll, CrossPlatEngine.TestHostManagerHostExited: calling on client process exit callback.
TpTrace Information: 0 : 12048, 11, 2024/03/05, 01:31:57.961, 2873549566061, vstest.console.dll, TestRequestSender.OnClientProcessExit: Test host process exited. Standard error: 
TpTrace Information: 0 : 12048, 11, 2024/03/05, 01:31:57.961, 2873549566410, vstest.console.dll, SocketServer.Stop: Stop server endPoint: 127.0.0.1:49754
TpTrace Information: 0 : 12048, 11, 2024/03/05, 01:31:57.961, 2873549566645, vstest.console.dll, SocketServer.Stop: Cancellation requested. Stopping message loop.
TpTrace Information: 0 : 12048, 7, 2024/03/05, 01:31:57.961, 2873549566651, vstest.console.dll, SocketServer.Stop: Stop server endPoint: 127.0.0.1:49754
TpTrace Information: 0 : 12048, 7, 2024/03/05, 01:31:57.961, 2873549567432, vstest.console.dll, SocketServer.Stop: Cancellation requested. Stopping message loop.
TpTrace Verbose: 0 : 12048, 11, 2024/03/05, 01:31:57.961, 2873549567420, vstest.console.dll, MulticastDelegateUtilities.SafeInvoke: HostProviderEvents.OnHostExited: Invoking callback 1/1 for Microsoft.VisualStudio.TestPlatform.CrossPlatEngine.Client.ProxyOperationManager., took 0 ms.
TpTrace Information: 0 : 12048, 7, 2024/03/05, 01:31:57.961, 2873549568519, vstest.console.dll, Closing the connection
TpTrace Verbose: 0 : 12048, 7, 2024/03/05, 01:31:57.962, 2873549570287, vstest.console.dll, ProxyDataCollectionManager.InvokeDataCollectionServiceAction: Starting.
TpTrace Information: 0 : 12048, 7, 2024/03/05, 01:31:57.962, 2873549570732, vstest.console.dll, ProxyDataCollectionManager.AfterTestRunEnd: Get attachment set and invoked data collectors processId: 22188 port: 49751
TpTrace Verbose: 0 : 12048, 7, 2024/03/05, 01:31:57.962, 2873549571130, vstest.console.dll, DataCollectionRequestSender.SendAfterTestRunStartAndGetResult: Send AfterTestRunEnd message with isCancelled: False
TpTrace Verbose: 0 : 12048, 7, 2024/03/05, 01:31:57.967, 2873549622800, vstest.console.dll, DataCollectionRequestSender.SendAfterTestRunStartAndGetResult: Received message: (DataCollection.AfterTestRunEndResult) -> {"MessageType":"DataCollection.AfterTestRunEndResult","Payload":{"AttachmentSets":[],"InvokedDataCollectors":[{"Uri":"datacollector://Microsoft/TestPlatform/Extensions/Blame/v1","FriendlyName":"Blame","AssemblyQualifiedName":"Microsoft.TestPlatform.Extensions.BlameDataCollector.BlameCollector, Microsoft.TestPlatform.Extensions.BlameDataCollector, Version=15.0.0.0, Culture=neutral, PublicKeyToken=b03f5f7f11d50a3a","FilePath":"C:\\Program Files\\dotnet\\sdk\\8.0.101\\Extensions\\Microsoft.TestPlatform.Extensions.BlameDataCollector.dll","HasAttachmentProcessor":false}],"Metrics":{}}}
TpTrace Information: 0 : 12048, 7, 2024/03/05, 01:31:57.971, 2873549663652, vstest.console.dll, ProxyDataCollectionManager.InvokeDataCollectionServiceAction: Completed.
TpTrace Warning: 0 : 12048, 10, 2024/03/05, 01:31:57.975, 2873549704131, vstest.console.dll, DataCollectionLauncher.ErrorReceivedCallback datacollector standard error line: 
TpTrace Information: 0 : 12048, 10, 2024/03/05, 01:31:57.981, 2873549762235, vstest.console.dll, DataCollectionLauncher.ExitCallBack: Data collector exited with exitcode: 0 error: ''
TpTrace Verbose: 0 : 12048, 7, 2024/03/05, 01:31:58.003, 2873549980173, vstest.console.dll, TestRunRequest:SendTestRunStatsChange: Starting.
TpTrace Verbose: 0 : 12048, 7, 2024/03/05, 01:31:58.003, 2873549981487, vstest.console.dll, MulticastDelegateUtilities.SafeInvoke: TestRun.RunStatsChanged: Invoking callbacks was skipped because there are no subscribers.
TpTrace Information: 0 : 12048, 7, 2024/03/05, 01:31:58.003, 2873549981833, vstest.console.dll, TestRunRequest:SendTestRunStatsChange: Completed.
TpTrace Verbose: 0 : 12048, 4, 2024/03/05, 01:31:58.003, 2873549982070, vstest.console.dll, MulticastDelegateUtilities.SafeInvoke: InternalTestLoggerEvents.SendTestResult: Invoking callback 1/1 for Microsoft.VisualStudio.TestPlatform.CommandLine.Internal.ConsoleLogger., took 0 ms.
TpTrace Verbose: 0 : 12048, 7, 2024/03/05, 01:31:58.003, 2873549984155, vstest.console.dll, ParallelProxyExecutionManager: HandlePartialRunComplete: Total workloads = 1, Total started clients = 1 Total completed clients = 1, Run complete = True, Run canceled: False.
TpTrace Verbose: 0 : 12048, 7, 2024/03/05, 01:31:58.003, 2873549984720, vstest.console.dll, ParallelProxyExecutionManager: HandlePartialRunComplete: All runs completed stopping all managers.
TpTrace Verbose: 0 : 12048, 7, 2024/03/05, 01:31:58.003, 2873549985029, vstest.console.dll, ParallelOperationManager.StopAllManagers: Stopping all managers.
TpTrace Verbose: 0 : 12048, 7, 2024/03/05, 01:31:58.003, 2873549985298, vstest.console.dll, ParallelOperationManager.ClearSlots: Clearing all slots. Slots should accept more work: False
TpTrace Verbose: 0 : 12048, 7, 2024/03/05, 01:31:58.003, 2873549985676, vstest.console.dll, ParallelOperationManager.SetOccupiedSlotCount: Setting slot counts AvailableSlotCount = 1, OccupiedSlotCount = 0.
TpTrace Verbose: 0 : 12048, 7, 2024/03/05, 01:31:58.003, 2873549986100, vstest.console.dll, Occupied slots:

TpTrace Verbose: 0 : 12048, 4, 2024/03/05, 01:31:58.009, 2873550045996, vstest.console.dll, MulticastDelegateUtilities.SafeInvoke: InternalTestLoggerEvents.SendTestRunComplete: Invoking callback 1/2 for Microsoft.TestPlatform.Extensions.BlameDataCollector.BlameLogger., took 0 ms.
TpTrace Verbose: 0 : 12048, 4, 2024/03/05, 01:31:58.014, 2873550088946, vstest.console.dll, MulticastDelegateUtilities.SafeInvoke: InternalTestLoggerEvents.SendTestRunComplete: Invoking callback 2/2 for Microsoft.VisualStudio.TestPlatform.CommandLine.Internal.ConsoleLogger., took 4 ms.
TpTrace Verbose: 0 : 12048, 7, 2024/03/05, 01:31:58.014, 2873550092895, vstest.console.dll, TestRunRequest:TestRunComplete: Starting. IsAborted:False IsCanceled:False.
TpTrace Verbose: 0 : 12048, 7, 2024/03/05, 01:31:58.014, 2873550094280, vstest.console.dll, ParallelOperationManager.DoActionOnAllManagers: Calling an action on all managers.
TpTrace Verbose: 0 : 12048, 7, 2024/03/05, 01:31:58.015, 2873550105094, vstest.console.dll, TestLoggerManager.HandleTestRunComplete: Ignoring as the object is disposed.
TpTrace Verbose: 0 : 12048, 7, 2024/03/05, 01:31:58.015, 2873550107323, vstest.console.dll, MulticastDelegateUtilities.SafeInvoke: TestRun.TestRunComplete: Invoking callback 1/2 for Microsoft.VisualStudio.TestPlatform.CommandLine.TestRunResultAggregator., took 0 ms.
TpTrace Verbose: 0 : 12048, 7, 2024/03/05, 01:31:58.015, 2873550108300, vstest.console.dll, MulticastDelegateUtilities.SafeInvoke: TestRun.TestRunComplete: Invoking callback 2/2 for Microsoft.VisualStudio.TestPlatform.CommandLine.Processors.RunTestsArgumentExecutor+TestRunRequestEventsRegistrar., took 0 ms.
TpTrace Information: 0 : 12048, 7, 2024/03/05, 01:31:58.016, 2873550109135, vstest.console.dll, TestRunRequest:TestRunComplete: Completed.
TpTrace Verbose: 0 : 12048, 7, 2024/03/05, 01:31:58.016, 2873550109586, vstest.console.dll, TestRequestSender.SetOperationComplete: Setting operation complete.
TpTrace Verbose: 0 : 12048, 1, 2024/03/05, 01:31:58.016, 2873550109686, vstest.console.dll, TestRunRequest.Dispose: Starting.
TpTrace Information: 0 : 12048, 1, 2024/03/05, 01:31:58.016, 2873550110458, vstest.console.dll, TestRunRequest.Dispose: Completed.
TpTrace Information: 0 : 12048, 7, 2024/03/05, 01:31:58.016, 2873550109858, vstest.console.dll, SocketServer.Stop: Stop server endPoint: 127.0.0.1:49754
TpTrace Information: 0 : 12048, 7, 2024/03/05, 01:31:58.016, 2873550111354, vstest.console.dll, SocketServer.Stop: Cancellation requested. Stopping message loop.
TpTrace Information: 0 : 12048, 1, 2024/03/05, 01:31:58.016, 2873550110844, vstest.console.dll, TestRequestManager.RunTests: run tests completed.
TpTrace Verbose: 0 : 12048, 7, 2024/03/05, 01:31:58.016, 2873550111714, vstest.console.dll, MulticastDelegateUtilities.SafeInvoke: LengthPrefixCommunicationChannel: MessageReceived: Invoking callback 1/1 for Microsoft.VisualStudio.TestPlatform.CommunicationUtilities.TestRequestSender+<>c__DisplayClass34_0., took 84 ms.
TpTrace Information: 0 : 12048, 1, 2024/03/05, 01:31:58.016, 2873550112548, vstest.console.dll, RunTestsArgumentProcessor:Execute: Test run is completed.
TpTrace Information: 0 : 12048, 7, 2024/03/05, 01:31:58.016, 2873550112643, vstest.console.dll, SocketServer.PrivateStop: Stopping server endPoint: 127.0.0.1:49754 error: 
TpTrace Verbose: 0 : 12048, 1, 2024/03/05, 01:31:58.016, 2873550114478, vstest.console.dll, Executor.Execute: Exiting with exit code of 0
TpTrace Verbose: 0 : 12048, 7, 2024/03/05, 01:31:58.016, 2873550116600, vstest.console.dll, LengthPrefixCommunicationChannel.Dispose: Dispose reader and writer.
TpTrace Information: 0 : 12048, 7, 2024/03/05, 01:31:58.016, 2873550117236, vstest.console.dll, SocketServer.Stop: Raise disconnected event endPoint: 127.0.0.1:49754 error: 
TpTrace Verbose: 0 : 12048, 7, 2024/03/05, 01:31:58.016, 2873550117861, vstest.console.dll, TestRequestSender: OnTestRunAbort: Operation is already complete. Skip error message.
